[2025-05-21T16:01:05.225+0000] {local_task_job_runner.py:123} INFO - ::group::Pre task execution logs
[2025-05-21T16:01:05.315+0000] {taskinstance.py:2631} INFO - Dependencies all met for dep_context=non-requeueable deps ti=<TaskInstance: dag_with_taskflow_api_v02.greet scheduled__2021-11-10T00:00:00+00:00 [queued]>
[2025-05-21T16:01:05.364+0000] {taskinstance.py:2631} INFO - Dependencies all met for dep_context=requeueable deps ti=<TaskInstance: dag_with_taskflow_api_v02.greet scheduled__2021-11-10T00:00:00+00:00 [queued]>
[2025-05-21T16:01:05.365+0000] {taskinstance.py:2884} INFO - Starting attempt 1 of 6
[2025-05-21T16:01:05.414+0000] {taskinstance.py:2907} INFO - Executing <Task(_PythonDecoratedOperator): greet> on 2021-11-10 00:00:00+00:00
[2025-05-21T16:01:05.427+0000] {warnings.py:112} WARNING - /home/***/.local/lib/python3.12/site-packages/***/task/task_runner/standard_task_runner.py:70: DeprecationWarning: This process (pid=294) is multi-threaded, use of fork() may lead to deadlocks in the child.
  pid = os.fork()

[2025-05-21T16:01:05.438+0000] {standard_task_runner.py:72} INFO - Started process 320 to run task
[2025-05-21T16:01:05.434+0000] {standard_task_runner.py:104} INFO - Running: ['***', 'tasks', 'run', 'dag_with_taskflow_api_v02', 'greet', 'scheduled__2021-11-10T00:00:00+00:00', '--job-id', '66', '--raw', '--subdir', 'DAGS_FOLDER/dar_with_taskflow_api.py', '--cfg-path', '/tmp/tmpanz5mbe8']
[2025-05-21T16:01:05.463+0000] {standard_task_runner.py:105} INFO - Job 66: Subtask greet
[2025-05-21T16:01:05.638+0000] {task_command.py:467} INFO - Running <TaskInstance: dag_with_taskflow_api_v02.greet scheduled__2021-11-10T00:00:00+00:00 [running]> on host 2032228d86df
[2025-05-21T16:01:06.073+0000] {taskinstance.py:3157} INFO - Exporting env vars: AIRFLOW_CTX_DAG_OWNER='coder2j' AIRFLOW_CTX_DAG_ID='dag_with_taskflow_api_v02' AIRFLOW_CTX_TASK_ID='greet' AIRFLOW_CTX_EXECUTION_DATE='2021-11-10T00:00:00+00:00' AIRFLOW_CTX_TRY_NUMBER='1' AIRFLOW_CTX_DAG_RUN_ID='scheduled__2021-11-10T00:00:00+00:00'
[2025-05-21T16:01:06.076+0000] {taskinstance.py:740} INFO - ::endgroup::
[2025-05-21T16:01:06.088+0000] {logging_mixin.py:190} INFO - Hello World! My name is Jerry Fridman and I am 19 years old!
[2025-05-21T16:01:06.091+0000] {python.py:240} INFO - Done. Returned value was: None
[2025-05-21T16:01:06.137+0000] {taskinstance.py:349} INFO - ::group::Post task execution logs
[2025-05-21T16:01:06.141+0000] {taskinstance.py:361} INFO - Marking task as SUCCESS. dag_id=dag_with_taskflow_api_v02, task_id=greet, run_id=scheduled__2021-11-10T00:00:00+00:00, execution_date=20211110T000000, start_date=20250521T160105, end_date=20250521T160106
[2025-05-21T16:01:06.595+0000] {local_task_job_runner.py:266} INFO - Task exited with return code 0
[2025-05-21T16:01:06.701+0000] {taskinstance.py:3924} INFO - 0 downstream tasks scheduled from follow-on schedule check
[2025-05-21T16:01:06.710+0000] {local_task_job_runner.py:245} INFO - ::endgroup::
