[2025-05-21T16:15:22.758+0000] {local_task_job_runner.py:123} INFO - ::group::Pre task execution logs
[2025-05-21T16:15:22.792+0000] {taskinstance.py:2631} INFO - Dependencies all met for dep_context=non-requeueable deps ti=<TaskInstance: dag_with_taskflow_api_v02.greet scheduled__2024-03-31T00:00:00+00:00 [queued]>
[2025-05-21T16:15:22.811+0000] {taskinstance.py:2631} INFO - Dependencies all met for dep_context=requeueable deps ti=<TaskInstance: dag_with_taskflow_api_v02.greet scheduled__2024-03-31T00:00:00+00:00 [queued]>
[2025-05-21T16:15:22.812+0000] {taskinstance.py:2884} INFO - Starting attempt 1 of 6
[2025-05-21T16:15:22.836+0000] {taskinstance.py:2907} INFO - Executing <Task(_PythonDecoratedOperator): greet> on 2024-03-31 00:00:00+00:00
[2025-05-21T16:15:22.846+0000] {warnings.py:112} WARNING - /home/***/.local/lib/python3.12/site-packages/***/task/task_runner/standard_task_runner.py:70: DeprecationWarning: This process (pid=8296) is multi-threaded, use of fork() may lead to deadlocks in the child.
  pid = os.fork()

[2025-05-21T16:15:22.847+0000] {standard_task_runner.py:72} INFO - Started process 8303 to run task
[2025-05-21T16:15:22.849+0000] {standard_task_runner.py:104} INFO - Running: ['***', 'tasks', 'run', 'dag_with_taskflow_api_v02', 'greet', 'scheduled__2024-03-31T00:00:00+00:00', '--job-id', '2675', '--raw', '--subdir', 'DAGS_FOLDER/dar_with_taskflow_api.py', '--cfg-path', '/tmp/tmpnh6_jc3a']
[2025-05-21T16:15:22.851+0000] {standard_task_runner.py:105} INFO - Job 2675: Subtask greet
[2025-05-21T16:15:22.930+0000] {task_command.py:467} INFO - Running <TaskInstance: dag_with_taskflow_api_v02.greet scheduled__2024-03-31T00:00:00+00:00 [running]> on host 2032228d86df
[2025-05-21T16:15:23.089+0000] {taskinstance.py:3157} INFO - Exporting env vars: AIRFLOW_CTX_DAG_OWNER='coder2j' AIRFLOW_CTX_DAG_ID='dag_with_taskflow_api_v02' AIRFLOW_CTX_TASK_ID='greet' AIRFLOW_CTX_EXECUTION_DATE='2024-03-31T00:00:00+00:00' AIRFLOW_CTX_TRY_NUMBER='1' AIRFLOW_CTX_DAG_RUN_ID='scheduled__2024-03-31T00:00:00+00:00'
[2025-05-21T16:15:23.091+0000] {taskinstance.py:740} INFO - ::endgroup::
[2025-05-21T16:15:23.095+0000] {logging_mixin.py:190} INFO - Hello World! My name is Jerry Fridman and I am 19 years old!
[2025-05-21T16:15:23.095+0000] {python.py:240} INFO - Done. Returned value was: None
[2025-05-21T16:15:23.108+0000] {taskinstance.py:349} INFO - ::group::Post task execution logs
[2025-05-21T16:15:23.109+0000] {taskinstance.py:361} INFO - Marking task as SUCCESS. dag_id=dag_with_taskflow_api_v02, task_id=greet, run_id=scheduled__2024-03-31T00:00:00+00:00, execution_date=20240331T000000, start_date=20250521T161522, end_date=20250521T161523
[2025-05-21T16:15:23.153+0000] {local_task_job_runner.py:266} INFO - Task exited with return code 0
[2025-05-21T16:15:23.171+0000] {taskinstance.py:3924} INFO - 0 downstream tasks scheduled from follow-on schedule check
[2025-05-21T16:15:23.173+0000] {local_task_job_runner.py:245} INFO - ::endgroup::
