[2025-05-20T16:09:59.703+0000] {local_task_job_runner.py:123} INFO - ::group::Pre task execution logs
[2025-05-20T16:09:59.881+0000] {taskinstance.py:2631} INFO - Dependencies all met for dep_context=non-requeueable deps ti=<TaskInstance: example_bash_operator.runme_0 scheduled__2025-05-19T00:00:00+00:00 [queued]>
[2025-05-20T16:09:59.924+0000] {taskinstance.py:2631} INFO - Dependencies all met for dep_context=requeueable deps ti=<TaskInstance: example_bash_operator.runme_0 scheduled__2025-05-19T00:00:00+00:00 [queued]>
[2025-05-20T16:09:59.925+0000] {taskinstance.py:2884} INFO - Starting attempt 1 of 1
[2025-05-20T16:09:59.984+0000] {taskinstance.py:2907} INFO - Executing <Task(BashOperator): runme_0> on 2025-05-19 00:00:00+00:00
[2025-05-20T16:10:00.003+0000] {warnings.py:112} WARNING - /home/***/.local/lib/python3.12/site-packages/***/task/task_runner/standard_task_runner.py:70: DeprecationWarning: This process (pid=345) is multi-threaded, use of fork() may lead to deadlocks in the child.
  pid = os.fork()

[2025-05-20T16:10:00.050+0000] {standard_task_runner.py:72} INFO - Started process 354 to run task
[2025-05-20T16:10:00.159+0000] {standard_task_runner.py:104} INFO - Running: ['***', 'tasks', 'run', 'example_bash_operator', 'runme_0', 'scheduled__2025-05-19T00:00:00+00:00', '--job-id', '6', '--raw', '--subdir', '/home/***/.local/lib/python3.12/site-packages/***/example_dags/example_bash_operator.py', '--cfg-path', '/tmp/tmp1sh4gpw5']
[2025-05-20T16:10:00.161+0000] {standard_task_runner.py:105} INFO - Job 6: Subtask runme_0
[2025-05-20T16:10:02.148+0000] {task_command.py:467} INFO - Running <TaskInstance: example_bash_operator.runme_0 scheduled__2025-05-19T00:00:00+00:00 [running]> on host 15c48e4c202e
[2025-05-20T16:10:02.802+0000] {taskinstance.py:3157} INFO - Exporting env vars: AIRFLOW_CTX_DAG_OWNER='***' AIRFLOW_CTX_DAG_ID='example_bash_operator' AIRFLOW_CTX_TASK_ID='runme_0' AIRFLOW_CTX_EXECUTION_DATE='2025-05-19T00:00:00+00:00' AIRFLOW_CTX_TRY_NUMBER='1' AIRFLOW_CTX_DAG_RUN_ID='scheduled__2025-05-19T00:00:00+00:00'
[2025-05-20T16:10:02.807+0000] {logging_mixin.py:190} INFO - Task instance is in running state
[2025-05-20T16:10:02.808+0000] {logging_mixin.py:190} INFO -  Previous state of the Task instance: queued
[2025-05-20T16:10:02.809+0000] {logging_mixin.py:190} INFO - Current task name:runme_0 state:running start_date:2025-05-20 16:09:59.882489+00:00
[2025-05-20T16:10:02.810+0000] {logging_mixin.py:190} INFO - Dag name:example_bash_operator and current dag run status:running
[2025-05-20T16:10:02.811+0000] {taskinstance.py:740} INFO - ::endgroup::
[2025-05-20T16:10:02.813+0000] {subprocess.py:78} INFO - Tmp dir root location: /tmp
[2025-05-20T16:10:02.816+0000] {subprocess.py:88} INFO - Running command: ['/usr/bin/bash', '-c', 'echo "example_bash_operator__runme_0__20250519" && sleep 1']
[2025-05-20T16:10:02.853+0000] {subprocess.py:99} INFO - Output:
[2025-05-20T16:10:02.857+0000] {subprocess.py:106} INFO - example_bash_operator__runme_0__20250519
[2025-05-20T16:10:03.866+0000] {subprocess.py:110} INFO - Command exited with return code 0
[2025-05-20T16:10:03.998+0000] {taskinstance.py:349} INFO - ::group::Post task execution logs
[2025-05-20T16:10:04.005+0000] {taskinstance.py:361} INFO - Marking task as SUCCESS. dag_id=example_bash_operator, task_id=runme_0, run_id=scheduled__2025-05-19T00:00:00+00:00, execution_date=20250519T000000, start_date=20250520T160959, end_date=20250520T161004
[2025-05-20T16:10:04.059+0000] {logging_mixin.py:190} INFO - Task instance in success state
[2025-05-20T16:10:04.060+0000] {logging_mixin.py:190} INFO -  Previous state of the Task instance: running
[2025-05-20T16:10:04.061+0000] {logging_mixin.py:190} INFO - Dag name:example_bash_operator queued_at:2025-05-20 16:09:46.465558+00:00
[2025-05-20T16:10:04.063+0000] {logging_mixin.py:190} INFO - Task hostname:15c48e4c202e operator:BashOperator
[2025-05-20T16:10:04.123+0000] {local_task_job_runner.py:266} INFO - Task exited with return code 0
[2025-05-20T16:10:04.169+0000] {taskinstance.py:3924} INFO - 1 downstream tasks scheduled from follow-on schedule check
[2025-05-20T16:10:04.177+0000] {local_task_job_runner.py:245} INFO - ::endgroup::
