[2025-05-21T16:17:50.177+0000] {local_task_job_runner.py:123} INFO - ::group::Pre task execution logs
[2025-05-21T16:17:50.281+0000] {taskinstance.py:2631} INFO - Dependencies all met for dep_context=non-requeueable deps ti=<TaskInstance: dag_with_taskflow_api_v02.greet scheduled__2024-08-25T00:00:00+00:00 [queued]>
[2025-05-21T16:17:50.314+0000] {taskinstance.py:2631} INFO - Dependencies all met for dep_context=requeueable deps ti=<TaskInstance: dag_with_taskflow_api_v02.greet scheduled__2024-08-25T00:00:00+00:00 [queued]>
[2025-05-21T16:17:50.316+0000] {taskinstance.py:2884} INFO - Starting attempt 1 of 6
[2025-05-21T16:17:50.402+0000] {taskinstance.py:2907} INFO - Executing <Task(_PythonDecoratedOperator): greet> on 2024-08-25 00:00:00+00:00
[2025-05-21T16:17:50.415+0000] {warnings.py:112} WARNING - /home/***/.local/lib/python3.12/site-packages/***/task/task_runner/standard_task_runner.py:70: DeprecationWarning: This process (pid=9660) is multi-threaded, use of fork() may lead to deadlocks in the child.
  pid = os.fork()

[2025-05-21T16:17:50.424+0000] {standard_task_runner.py:72} INFO - Started process 9687 to run task
[2025-05-21T16:17:50.436+0000] {standard_task_runner.py:104} INFO - Running: ['***', 'tasks', 'run', 'dag_with_taskflow_api_v02', 'greet', 'scheduled__2024-08-25T00:00:00+00:00', '--job-id', '3125', '--raw', '--subdir', 'DAGS_FOLDER/dar_with_taskflow_api.py', '--cfg-path', '/tmp/tmp4oc_eemp']
[2025-05-21T16:17:50.442+0000] {standard_task_runner.py:105} INFO - Job 3125: Subtask greet
[2025-05-21T16:17:50.620+0000] {task_command.py:467} INFO - Running <TaskInstance: dag_with_taskflow_api_v02.greet scheduled__2024-08-25T00:00:00+00:00 [running]> on host 2032228d86df
[2025-05-21T16:17:51.042+0000] {taskinstance.py:3157} INFO - Exporting env vars: AIRFLOW_CTX_DAG_OWNER='coder2j' AIRFLOW_CTX_DAG_ID='dag_with_taskflow_api_v02' AIRFLOW_CTX_TASK_ID='greet' AIRFLOW_CTX_EXECUTION_DATE='2024-08-25T00:00:00+00:00' AIRFLOW_CTX_TRY_NUMBER='1' AIRFLOW_CTX_DAG_RUN_ID='scheduled__2024-08-25T00:00:00+00:00'
[2025-05-21T16:17:51.048+0000] {taskinstance.py:740} INFO - ::endgroup::
[2025-05-21T16:17:51.053+0000] {logging_mixin.py:190} INFO - Hello World! My name is Jerry Fridman and I am 19 years old!
[2025-05-21T16:17:51.055+0000] {python.py:240} INFO - Done. Returned value was: None
[2025-05-21T16:17:51.078+0000] {taskinstance.py:349} INFO - ::group::Post task execution logs
[2025-05-21T16:17:51.079+0000] {taskinstance.py:361} INFO - Marking task as SUCCESS. dag_id=dag_with_taskflow_api_v02, task_id=greet, run_id=scheduled__2024-08-25T00:00:00+00:00, execution_date=20240825T000000, start_date=20250521T161750, end_date=20250521T161751
[2025-05-21T16:17:51.320+0000] {local_task_job_runner.py:266} INFO - Task exited with return code 0
[2025-05-21T16:17:51.462+0000] {taskinstance.py:3924} INFO - 0 downstream tasks scheduled from follow-on schedule check
[2025-05-21T16:17:51.469+0000] {local_task_job_runner.py:245} INFO - ::endgroup::
