[2025-05-20T17:40:42.016+0000] {processor.py:186} INFO - Started process (PID=1054) to work on /opt/airflow/dags/dag_with_py_op.py
[2025-05-20T17:40:42.017+0000] {processor.py:914} INFO - Processing file /opt/airflow/dags/dag_with_py_op.py for tasks to queue
[2025-05-20T17:40:42.019+0000] {logging_mixin.py:190} INFO - [2025-05-20T17:40:42.019+0000] {dagbag.py:588} INFO - Filling up the DagBag from /opt/airflow/dags/dag_with_py_op.py
[2025-05-20T17:40:42.040+0000] {logging_mixin.py:190} INFO - [2025-05-20T17:40:42.034+0000] {dagbag.py:387} ERROR - Failed to import: /opt/airflow/dags/dag_with_py_op.py
Traceback (most recent call last):
  File "/home/airflow/.local/lib/python3.12/site-packages/airflow/models/dagbag.py", line 383, in parse
    loader.exec_module(new_module)
  File "<frozen importlib._bootstrap_external>", line 999, in exec_module
  File "<frozen importlib._bootstrap>", line 488, in _call_with_frames_removed
  File "/opt/airflow/dags/dag_with_py_op.py", line 3, in <module>
    from airflow.operators import PythonOperator
ImportError: cannot import name 'PythonOperator' from 'airflow.operators' (/home/airflow/.local/lib/python3.12/site-packages/airflow/operators/__init__.py)
[2025-05-20T17:40:42.043+0000] {processor.py:927} WARNING - No viable dags retrieved from /opt/airflow/dags/dag_with_py_op.py
[2025-05-20T17:40:42.069+0000] {processor.py:208} INFO - Processing /opt/airflow/dags/dag_with_py_op.py took 0.061 seconds
[2025-05-20T17:40:46.234+0000] {processor.py:186} INFO - Started process (PID=1056) to work on /opt/airflow/dags/dag_with_py_op.py
[2025-05-20T17:40:46.237+0000] {processor.py:914} INFO - Processing file /opt/airflow/dags/dag_with_py_op.py for tasks to queue
[2025-05-20T17:40:46.241+0000] {logging_mixin.py:190} INFO - [2025-05-20T17:40:46.240+0000] {dagbag.py:588} INFO - Filling up the DagBag from /opt/airflow/dags/dag_with_py_op.py
[2025-05-20T17:40:46.332+0000] {processor.py:925} INFO - DAG(s) 'py_v5' retrieved from /opt/airflow/dags/dag_with_py_op.py
[2025-05-20T17:40:46.367+0000] {logging_mixin.py:190} INFO - [2025-05-20T17:40:46.367+0000] {dag.py:3239} INFO - Sync 1 DAGs
[2025-05-20T17:40:46.395+0000] {logging_mixin.py:190} INFO - [2025-05-20T17:40:46.395+0000] {dag.py:4180} INFO - Setting next_dagrun for py_v5 to 2025-05-22 00:00:00+00:00, run_after=2025-05-23 00:00:00+00:00
[2025-05-20T17:40:46.466+0000] {processor.py:208} INFO - Processing /opt/airflow/dags/dag_with_py_op.py took 0.246 seconds
[2025-05-20T17:41:16.638+0000] {processor.py:186} INFO - Started process (PID=1064) to work on /opt/airflow/dags/dag_with_py_op.py
[2025-05-20T17:41:16.640+0000] {processor.py:914} INFO - Processing file /opt/airflow/dags/dag_with_py_op.py for tasks to queue
[2025-05-20T17:41:16.642+0000] {logging_mixin.py:190} INFO - [2025-05-20T17:41:16.641+0000] {dagbag.py:588} INFO - Filling up the DagBag from /opt/airflow/dags/dag_with_py_op.py
[2025-05-20T17:41:16.668+0000] {processor.py:925} INFO - DAG(s) 'py_v5' retrieved from /opt/airflow/dags/dag_with_py_op.py
[2025-05-20T17:41:16.705+0000] {logging_mixin.py:190} INFO - [2025-05-20T17:41:16.705+0000] {dag.py:3239} INFO - Sync 1 DAGs
[2025-05-20T17:41:16.739+0000] {logging_mixin.py:190} INFO - [2025-05-20T17:41:16.739+0000] {dag.py:4180} INFO - Setting next_dagrun for py_v5 to 2025-05-22 00:00:00+00:00, run_after=2025-05-23 00:00:00+00:00
[2025-05-20T17:41:16.767+0000] {processor.py:208} INFO - Processing /opt/airflow/dags/dag_with_py_op.py took 0.134 seconds
[2025-05-20T17:41:47.191+0000] {processor.py:186} INFO - Started process (PID=1072) to work on /opt/airflow/dags/dag_with_py_op.py
[2025-05-20T17:41:47.200+0000] {processor.py:914} INFO - Processing file /opt/airflow/dags/dag_with_py_op.py for tasks to queue
[2025-05-20T17:41:47.202+0000] {logging_mixin.py:190} INFO - [2025-05-20T17:41:47.202+0000] {dagbag.py:588} INFO - Filling up the DagBag from /opt/airflow/dags/dag_with_py_op.py
[2025-05-20T17:41:47.234+0000] {processor.py:925} INFO - DAG(s) 'py_v5' retrieved from /opt/airflow/dags/dag_with_py_op.py
[2025-05-20T17:41:47.269+0000] {logging_mixin.py:190} INFO - [2025-05-20T17:41:47.268+0000] {dag.py:3239} INFO - Sync 1 DAGs
[2025-05-20T17:41:47.303+0000] {logging_mixin.py:190} INFO - [2025-05-20T17:41:47.303+0000] {dag.py:4180} INFO - Setting next_dagrun for py_v5 to 2025-05-22 00:00:00+00:00, run_after=2025-05-23 00:00:00+00:00
[2025-05-20T17:41:47.339+0000] {processor.py:208} INFO - Processing /opt/airflow/dags/dag_with_py_op.py took 0.154 seconds
[2025-05-20T17:42:17.760+0000] {processor.py:186} INFO - Started process (PID=1080) to work on /opt/airflow/dags/dag_with_py_op.py
[2025-05-20T17:42:17.762+0000] {processor.py:914} INFO - Processing file /opt/airflow/dags/dag_with_py_op.py for tasks to queue
[2025-05-20T17:42:17.764+0000] {logging_mixin.py:190} INFO - [2025-05-20T17:42:17.763+0000] {dagbag.py:588} INFO - Filling up the DagBag from /opt/airflow/dags/dag_with_py_op.py
[2025-05-20T17:42:17.795+0000] {processor.py:925} INFO - DAG(s) 'py_v5' retrieved from /opt/airflow/dags/dag_with_py_op.py
[2025-05-20T17:42:17.834+0000] {logging_mixin.py:190} INFO - [2025-05-20T17:42:17.834+0000] {dag.py:3239} INFO - Sync 1 DAGs
[2025-05-20T17:42:17.870+0000] {logging_mixin.py:190} INFO - [2025-05-20T17:42:17.870+0000] {dag.py:4180} INFO - Setting next_dagrun for py_v5 to 2025-05-22 00:00:00+00:00, run_after=2025-05-23 00:00:00+00:00
[2025-05-20T17:42:17.934+0000] {processor.py:208} INFO - Processing /opt/airflow/dags/dag_with_py_op.py took 0.181 seconds
[2025-05-20T17:42:48.415+0000] {processor.py:186} INFO - Started process (PID=1087) to work on /opt/airflow/dags/dag_with_py_op.py
[2025-05-20T17:42:48.417+0000] {processor.py:914} INFO - Processing file /opt/airflow/dags/dag_with_py_op.py for tasks to queue
[2025-05-20T17:42:48.422+0000] {logging_mixin.py:190} INFO - [2025-05-20T17:42:48.420+0000] {dagbag.py:588} INFO - Filling up the DagBag from /opt/airflow/dags/dag_with_py_op.py
[2025-05-20T17:42:48.479+0000] {processor.py:925} INFO - DAG(s) 'py_v5' retrieved from /opt/airflow/dags/dag_with_py_op.py
[2025-05-20T17:42:48.548+0000] {logging_mixin.py:190} INFO - [2025-05-20T17:42:48.545+0000] {dag.py:3239} INFO - Sync 1 DAGs
[2025-05-20T17:42:48.608+0000] {logging_mixin.py:190} INFO - [2025-05-20T17:42:48.607+0000] {dag.py:4180} INFO - Setting next_dagrun for py_v5 to 2025-05-22 00:00:00+00:00, run_after=2025-05-23 00:00:00+00:00
[2025-05-20T17:42:48.659+0000] {processor.py:208} INFO - Processing /opt/airflow/dags/dag_with_py_op.py took 0.257 seconds
[2025-05-20T17:43:19.138+0000] {processor.py:186} INFO - Started process (PID=1102) to work on /opt/airflow/dags/dag_with_py_op.py
[2025-05-20T17:43:19.139+0000] {processor.py:914} INFO - Processing file /opt/airflow/dags/dag_with_py_op.py for tasks to queue
[2025-05-20T17:43:19.142+0000] {logging_mixin.py:190} INFO - [2025-05-20T17:43:19.141+0000] {dagbag.py:588} INFO - Filling up the DagBag from /opt/airflow/dags/dag_with_py_op.py
[2025-05-20T17:43:19.172+0000] {processor.py:925} INFO - DAG(s) 'py_v5' retrieved from /opt/airflow/dags/dag_with_py_op.py
[2025-05-20T17:43:19.210+0000] {logging_mixin.py:190} INFO - [2025-05-20T17:43:19.210+0000] {dag.py:3239} INFO - Sync 1 DAGs
[2025-05-20T17:43:19.246+0000] {logging_mixin.py:190} INFO - [2025-05-20T17:43:19.246+0000] {dag.py:4180} INFO - Setting next_dagrun for py_v5 to 2025-05-22 00:00:00+00:00, run_after=2025-05-23 00:00:00+00:00
[2025-05-20T17:43:19.277+0000] {processor.py:208} INFO - Processing /opt/airflow/dags/dag_with_py_op.py took 0.147 seconds
[2025-05-20T17:43:49.702+0000] {processor.py:186} INFO - Started process (PID=1110) to work on /opt/airflow/dags/dag_with_py_op.py
[2025-05-20T17:43:49.705+0000] {processor.py:914} INFO - Processing file /opt/airflow/dags/dag_with_py_op.py for tasks to queue
[2025-05-20T17:43:49.708+0000] {logging_mixin.py:190} INFO - [2025-05-20T17:43:49.708+0000] {dagbag.py:588} INFO - Filling up the DagBag from /opt/airflow/dags/dag_with_py_op.py
[2025-05-20T17:43:49.746+0000] {processor.py:925} INFO - DAG(s) 'py_v5' retrieved from /opt/airflow/dags/dag_with_py_op.py
[2025-05-20T17:43:49.796+0000] {logging_mixin.py:190} INFO - [2025-05-20T17:43:49.795+0000] {dag.py:3239} INFO - Sync 1 DAGs
[2025-05-20T17:43:49.843+0000] {logging_mixin.py:190} INFO - [2025-05-20T17:43:49.842+0000] {dag.py:4180} INFO - Setting next_dagrun for py_v5 to 2025-05-22 00:00:00+00:00, run_after=2025-05-23 00:00:00+00:00
[2025-05-20T17:43:49.878+0000] {processor.py:208} INFO - Processing /opt/airflow/dags/dag_with_py_op.py took 0.185 seconds
[2025-05-20T17:44:20.344+0000] {processor.py:186} INFO - Started process (PID=1118) to work on /opt/airflow/dags/dag_with_py_op.py
[2025-05-20T17:44:20.346+0000] {processor.py:914} INFO - Processing file /opt/airflow/dags/dag_with_py_op.py for tasks to queue
[2025-05-20T17:44:20.349+0000] {logging_mixin.py:190} INFO - [2025-05-20T17:44:20.348+0000] {dagbag.py:588} INFO - Filling up the DagBag from /opt/airflow/dags/dag_with_py_op.py
[2025-05-20T17:44:20.408+0000] {processor.py:925} INFO - DAG(s) 'py_v5' retrieved from /opt/airflow/dags/dag_with_py_op.py
[2025-05-20T17:44:20.457+0000] {logging_mixin.py:190} INFO - [2025-05-20T17:44:20.456+0000] {dag.py:3239} INFO - Sync 1 DAGs
[2025-05-20T17:44:20.493+0000] {logging_mixin.py:190} INFO - [2025-05-20T17:44:20.493+0000] {dag.py:4180} INFO - Setting next_dagrun for py_v5 to 2025-05-22 00:00:00+00:00, run_after=2025-05-23 00:00:00+00:00
[2025-05-20T17:44:20.560+0000] {processor.py:208} INFO - Processing /opt/airflow/dags/dag_with_py_op.py took 0.226 seconds
[2025-05-20T17:44:51.014+0000] {processor.py:186} INFO - Started process (PID=1126) to work on /opt/airflow/dags/dag_with_py_op.py
[2025-05-20T17:44:51.017+0000] {processor.py:914} INFO - Processing file /opt/airflow/dags/dag_with_py_op.py for tasks to queue
[2025-05-20T17:44:51.022+0000] {logging_mixin.py:190} INFO - [2025-05-20T17:44:51.021+0000] {dagbag.py:588} INFO - Filling up the DagBag from /opt/airflow/dags/dag_with_py_op.py
[2025-05-20T17:44:51.078+0000] {processor.py:925} INFO - DAG(s) 'py_v5' retrieved from /opt/airflow/dags/dag_with_py_op.py
[2025-05-20T17:44:51.135+0000] {logging_mixin.py:190} INFO - [2025-05-20T17:44:51.134+0000] {dag.py:3239} INFO - Sync 1 DAGs
[2025-05-20T17:44:51.185+0000] {logging_mixin.py:190} INFO - [2025-05-20T17:44:51.185+0000] {dag.py:4180} INFO - Setting next_dagrun for py_v5 to 2025-05-22 00:00:00+00:00, run_after=2025-05-23 00:00:00+00:00
[2025-05-20T17:44:51.269+0000] {processor.py:208} INFO - Processing /opt/airflow/dags/dag_with_py_op.py took 0.265 seconds
[2025-05-20T17:45:21.733+0000] {processor.py:186} INFO - Started process (PID=1134) to work on /opt/airflow/dags/dag_with_py_op.py
[2025-05-20T17:45:21.734+0000] {processor.py:914} INFO - Processing file /opt/airflow/dags/dag_with_py_op.py for tasks to queue
[2025-05-20T17:45:21.738+0000] {logging_mixin.py:190} INFO - [2025-05-20T17:45:21.737+0000] {dagbag.py:588} INFO - Filling up the DagBag from /opt/airflow/dags/dag_with_py_op.py
[2025-05-20T17:45:21.769+0000] {processor.py:925} INFO - DAG(s) 'py_v5' retrieved from /opt/airflow/dags/dag_with_py_op.py
[2025-05-20T17:45:21.806+0000] {logging_mixin.py:190} INFO - [2025-05-20T17:45:21.806+0000] {dag.py:3239} INFO - Sync 1 DAGs
[2025-05-20T17:45:21.846+0000] {logging_mixin.py:190} INFO - [2025-05-20T17:45:21.845+0000] {dag.py:4180} INFO - Setting next_dagrun for py_v5 to 2025-05-22 00:00:00+00:00, run_after=2025-05-23 00:00:00+00:00
[2025-05-20T17:45:21.877+0000] {processor.py:208} INFO - Processing /opt/airflow/dags/dag_with_py_op.py took 0.150 seconds
[2025-05-20T17:45:52.377+0000] {processor.py:186} INFO - Started process (PID=1142) to work on /opt/airflow/dags/dag_with_py_op.py
[2025-05-20T17:45:52.379+0000] {processor.py:914} INFO - Processing file /opt/airflow/dags/dag_with_py_op.py for tasks to queue
[2025-05-20T17:45:52.381+0000] {logging_mixin.py:190} INFO - [2025-05-20T17:45:52.380+0000] {dagbag.py:588} INFO - Filling up the DagBag from /opt/airflow/dags/dag_with_py_op.py
[2025-05-20T17:45:52.412+0000] {processor.py:925} INFO - DAG(s) 'py_v5' retrieved from /opt/airflow/dags/dag_with_py_op.py
[2025-05-20T17:45:52.452+0000] {logging_mixin.py:190} INFO - [2025-05-20T17:45:52.451+0000] {dag.py:3239} INFO - Sync 1 DAGs
[2025-05-20T17:45:52.484+0000] {logging_mixin.py:190} INFO - [2025-05-20T17:45:52.483+0000] {dag.py:4180} INFO - Setting next_dagrun for py_v5 to 2025-05-22 00:00:00+00:00, run_after=2025-05-23 00:00:00+00:00
[2025-05-20T17:45:52.510+0000] {processor.py:208} INFO - Processing /opt/airflow/dags/dag_with_py_op.py took 0.138 seconds
[2025-05-20T17:46:22.979+0000] {processor.py:186} INFO - Started process (PID=1150) to work on /opt/airflow/dags/dag_with_py_op.py
[2025-05-20T17:46:22.982+0000] {processor.py:914} INFO - Processing file /opt/airflow/dags/dag_with_py_op.py for tasks to queue
[2025-05-20T17:46:22.990+0000] {logging_mixin.py:190} INFO - [2025-05-20T17:46:22.989+0000] {dagbag.py:588} INFO - Filling up the DagBag from /opt/airflow/dags/dag_with_py_op.py
[2025-05-20T17:46:23.173+0000] {processor.py:925} INFO - DAG(s) 'py_v5' retrieved from /opt/airflow/dags/dag_with_py_op.py
[2025-05-20T17:46:23.231+0000] {logging_mixin.py:190} INFO - [2025-05-20T17:46:23.230+0000] {dag.py:3239} INFO - Sync 1 DAGs
[2025-05-20T17:46:23.289+0000] {logging_mixin.py:190} INFO - [2025-05-20T17:46:23.288+0000] {dag.py:4180} INFO - Setting next_dagrun for py_v5 to 2025-05-22 00:00:00+00:00, run_after=2025-05-23 00:00:00+00:00
[2025-05-20T17:46:23.361+0000] {processor.py:208} INFO - Processing /opt/airflow/dags/dag_with_py_op.py took 0.396 seconds
[2025-05-20T17:46:53.773+0000] {processor.py:186} INFO - Started process (PID=1158) to work on /opt/airflow/dags/dag_with_py_op.py
[2025-05-20T17:46:53.774+0000] {processor.py:914} INFO - Processing file /opt/airflow/dags/dag_with_py_op.py for tasks to queue
[2025-05-20T17:46:53.776+0000] {logging_mixin.py:190} INFO - [2025-05-20T17:46:53.775+0000] {dagbag.py:588} INFO - Filling up the DagBag from /opt/airflow/dags/dag_with_py_op.py
[2025-05-20T17:46:53.816+0000] {processor.py:925} INFO - DAG(s) 'py_v5' retrieved from /opt/airflow/dags/dag_with_py_op.py
[2025-05-20T17:46:53.844+0000] {logging_mixin.py:190} INFO - [2025-05-20T17:46:53.844+0000] {dag.py:3239} INFO - Sync 1 DAGs
[2025-05-20T17:46:53.874+0000] {logging_mixin.py:190} INFO - [2025-05-20T17:46:53.873+0000] {dag.py:4180} INFO - Setting next_dagrun for py_v5 to 2025-05-22 00:00:00+00:00, run_after=2025-05-23 00:00:00+00:00
[2025-05-20T17:46:53.897+0000] {processor.py:208} INFO - Processing /opt/airflow/dags/dag_with_py_op.py took 0.129 seconds
[2025-05-20T17:47:24.435+0000] {processor.py:186} INFO - Started process (PID=1165) to work on /opt/airflow/dags/dag_with_py_op.py
[2025-05-20T17:47:24.437+0000] {processor.py:914} INFO - Processing file /opt/airflow/dags/dag_with_py_op.py for tasks to queue
[2025-05-20T17:47:24.440+0000] {logging_mixin.py:190} INFO - [2025-05-20T17:47:24.439+0000] {dagbag.py:588} INFO - Filling up the DagBag from /opt/airflow/dags/dag_with_py_op.py
[2025-05-20T17:47:24.491+0000] {processor.py:925} INFO - DAG(s) 'py_v5' retrieved from /opt/airflow/dags/dag_with_py_op.py
[2025-05-20T17:47:24.555+0000] {logging_mixin.py:190} INFO - [2025-05-20T17:47:24.555+0000] {dag.py:3239} INFO - Sync 1 DAGs
[2025-05-20T17:47:24.632+0000] {logging_mixin.py:190} INFO - [2025-05-20T17:47:24.632+0000] {dag.py:4180} INFO - Setting next_dagrun for py_v5 to 2025-05-22 00:00:00+00:00, run_after=2025-05-23 00:00:00+00:00
[2025-05-20T17:47:24.691+0000] {processor.py:208} INFO - Processing /opt/airflow/dags/dag_with_py_op.py took 0.266 seconds
[2025-05-20T17:47:34.819+0000] {processor.py:186} INFO - Started process (PID=1166) to work on /opt/airflow/dags/dag_with_py_op.py
[2025-05-20T17:47:34.821+0000] {processor.py:914} INFO - Processing file /opt/airflow/dags/dag_with_py_op.py for tasks to queue
[2025-05-20T17:47:34.823+0000] {logging_mixin.py:190} INFO - [2025-05-20T17:47:34.822+0000] {dagbag.py:588} INFO - Filling up the DagBag from /opt/airflow/dags/dag_with_py_op.py
[2025-05-20T17:47:34.873+0000] {processor.py:925} INFO - DAG(s) 'py_v5' retrieved from /opt/airflow/dags/dag_with_py_op.py
[2025-05-20T17:47:34.907+0000] {logging_mixin.py:190} INFO - [2025-05-20T17:47:34.907+0000] {dag.py:3239} INFO - Sync 1 DAGs
[2025-05-20T17:47:34.942+0000] {logging_mixin.py:190} INFO - [2025-05-20T17:47:34.942+0000] {dag.py:4180} INFO - Setting next_dagrun for py_v5 to 2025-05-22 00:00:00+00:00, run_after=2025-05-23 00:00:00+00:00
[2025-05-20T17:47:34.978+0000] {processor.py:208} INFO - Processing /opt/airflow/dags/dag_with_py_op.py took 0.165 seconds
[2025-05-20T17:47:35.931+0000] {processor.py:186} INFO - Started process (PID=1167) to work on /opt/airflow/dags/dag_with_py_op.py
[2025-05-20T17:47:35.933+0000] {processor.py:914} INFO - Processing file /opt/airflow/dags/dag_with_py_op.py for tasks to queue
[2025-05-20T17:47:35.939+0000] {logging_mixin.py:190} INFO - [2025-05-20T17:47:35.938+0000] {dagbag.py:588} INFO - Filling up the DagBag from /opt/airflow/dags/dag_with_py_op.py
[2025-05-20T17:47:36.009+0000] {processor.py:925} INFO - DAG(s) 'py_v5' retrieved from /opt/airflow/dags/dag_with_py_op.py
[2025-05-20T17:47:36.048+0000] {logging_mixin.py:190} INFO - [2025-05-20T17:47:36.048+0000] {dag.py:3239} INFO - Sync 1 DAGs
[2025-05-20T17:47:36.084+0000] {logging_mixin.py:190} INFO - [2025-05-20T17:47:36.084+0000] {dag.py:4180} INFO - Setting next_dagrun for py_v5 to 2025-05-22 00:00:00+00:00, run_after=2025-05-23 00:00:00+00:00
[2025-05-20T17:47:36.121+0000] {processor.py:208} INFO - Processing /opt/airflow/dags/dag_with_py_op.py took 0.198 seconds
[2025-05-20T17:48:06.635+0000] {processor.py:186} INFO - Started process (PID=1176) to work on /opt/airflow/dags/dag_with_py_op.py
[2025-05-20T17:48:06.637+0000] {processor.py:914} INFO - Processing file /opt/airflow/dags/dag_with_py_op.py for tasks to queue
[2025-05-20T17:48:06.639+0000] {logging_mixin.py:190} INFO - [2025-05-20T17:48:06.639+0000] {dagbag.py:588} INFO - Filling up the DagBag from /opt/airflow/dags/dag_with_py_op.py
[2025-05-20T17:48:06.677+0000] {processor.py:925} INFO - DAG(s) 'py_v5' retrieved from /opt/airflow/dags/dag_with_py_op.py
[2025-05-20T17:48:06.715+0000] {logging_mixin.py:190} INFO - [2025-05-20T17:48:06.715+0000] {dag.py:3239} INFO - Sync 1 DAGs
[2025-05-20T17:48:06.769+0000] {logging_mixin.py:190} INFO - [2025-05-20T17:48:06.769+0000] {dag.py:4180} INFO - Setting next_dagrun for py_v5 to 2025-05-22 00:00:00+00:00, run_after=2025-05-23 00:00:00+00:00
[2025-05-20T17:48:06.807+0000] {processor.py:208} INFO - Processing /opt/airflow/dags/dag_with_py_op.py took 0.180 seconds
[2025-05-20T17:48:37.284+0000] {processor.py:186} INFO - Started process (PID=1184) to work on /opt/airflow/dags/dag_with_py_op.py
[2025-05-20T17:48:37.285+0000] {processor.py:914} INFO - Processing file /opt/airflow/dags/dag_with_py_op.py for tasks to queue
[2025-05-20T17:48:37.288+0000] {logging_mixin.py:190} INFO - [2025-05-20T17:48:37.287+0000] {dagbag.py:588} INFO - Filling up the DagBag from /opt/airflow/dags/dag_with_py_op.py
[2025-05-20T17:48:37.328+0000] {processor.py:925} INFO - DAG(s) 'py_v5' retrieved from /opt/airflow/dags/dag_with_py_op.py
[2025-05-20T17:48:37.370+0000] {logging_mixin.py:190} INFO - [2025-05-20T17:48:37.369+0000] {dag.py:3239} INFO - Sync 1 DAGs
[2025-05-20T17:48:37.406+0000] {logging_mixin.py:190} INFO - [2025-05-20T17:48:37.406+0000] {dag.py:4180} INFO - Setting next_dagrun for py_v5 to 2025-05-22 00:00:00+00:00, run_after=2025-05-23 00:00:00+00:00
[2025-05-20T17:48:37.437+0000] {processor.py:208} INFO - Processing /opt/airflow/dags/dag_with_py_op.py took 0.161 seconds
[2025-05-20T17:48:51.909+0000] {processor.py:186} INFO - Started process (PID=1191) to work on /opt/airflow/dags/dag_with_py_op.py
[2025-05-20T17:48:51.910+0000] {processor.py:914} INFO - Processing file /opt/airflow/dags/dag_with_py_op.py for tasks to queue
[2025-05-20T17:48:51.913+0000] {logging_mixin.py:190} INFO - [2025-05-20T17:48:51.912+0000] {dagbag.py:588} INFO - Filling up the DagBag from /opt/airflow/dags/dag_with_py_op.py
[2025-05-20T17:48:51.960+0000] {processor.py:925} INFO - DAG(s) 'py_v5' retrieved from /opt/airflow/dags/dag_with_py_op.py
[2025-05-20T17:48:51.991+0000] {logging_mixin.py:190} INFO - [2025-05-20T17:48:51.991+0000] {dag.py:3239} INFO - Sync 1 DAGs
[2025-05-20T17:48:52.023+0000] {logging_mixin.py:190} INFO - [2025-05-20T17:48:52.023+0000] {dag.py:4180} INFO - Setting next_dagrun for py_v5 to 2025-05-22 00:00:00+00:00, run_after=2025-05-23 00:00:00+00:00
[2025-05-20T17:48:52.061+0000] {processor.py:208} INFO - Processing /opt/airflow/dags/dag_with_py_op.py took 0.159 seconds
[2025-05-20T17:49:22.566+0000] {processor.py:186} INFO - Started process (PID=1199) to work on /opt/airflow/dags/dag_with_py_op.py
[2025-05-20T17:49:22.567+0000] {processor.py:914} INFO - Processing file /opt/airflow/dags/dag_with_py_op.py for tasks to queue
[2025-05-20T17:49:22.569+0000] {logging_mixin.py:190} INFO - [2025-05-20T17:49:22.568+0000] {dagbag.py:588} INFO - Filling up the DagBag from /opt/airflow/dags/dag_with_py_op.py
[2025-05-20T17:49:22.603+0000] {processor.py:925} INFO - DAG(s) 'py_v5' retrieved from /opt/airflow/dags/dag_with_py_op.py
[2025-05-20T17:49:22.645+0000] {logging_mixin.py:190} INFO - [2025-05-20T17:49:22.643+0000] {dag.py:3239} INFO - Sync 1 DAGs
[2025-05-20T17:49:22.682+0000] {logging_mixin.py:190} INFO - [2025-05-20T17:49:22.682+0000] {dag.py:4180} INFO - Setting next_dagrun for py_v5 to 2025-05-22 00:00:00+00:00, run_after=2025-05-23 00:00:00+00:00
[2025-05-20T17:49:22.713+0000] {processor.py:208} INFO - Processing /opt/airflow/dags/dag_with_py_op.py took 0.154 seconds
[2025-05-20T17:49:53.208+0000] {processor.py:186} INFO - Started process (PID=1207) to work on /opt/airflow/dags/dag_with_py_op.py
[2025-05-20T17:49:53.211+0000] {processor.py:914} INFO - Processing file /opt/airflow/dags/dag_with_py_op.py for tasks to queue
[2025-05-20T17:49:53.213+0000] {logging_mixin.py:190} INFO - [2025-05-20T17:49:53.213+0000] {dagbag.py:588} INFO - Filling up the DagBag from /opt/airflow/dags/dag_with_py_op.py
[2025-05-20T17:49:53.244+0000] {processor.py:925} INFO - DAG(s) 'py_v5' retrieved from /opt/airflow/dags/dag_with_py_op.py
[2025-05-20T17:49:53.281+0000] {logging_mixin.py:190} INFO - [2025-05-20T17:49:53.280+0000] {dag.py:3239} INFO - Sync 1 DAGs
[2025-05-20T17:49:53.316+0000] {logging_mixin.py:190} INFO - [2025-05-20T17:49:53.316+0000] {dag.py:4180} INFO - Setting next_dagrun for py_v5 to 2025-05-22 00:00:00+00:00, run_after=2025-05-23 00:00:00+00:00
[2025-05-20T17:49:53.380+0000] {processor.py:208} INFO - Processing /opt/airflow/dags/dag_with_py_op.py took 0.179 seconds
[2025-05-20T17:50:23.894+0000] {processor.py:186} INFO - Started process (PID=1215) to work on /opt/airflow/dags/dag_with_py_op.py
[2025-05-20T17:50:23.896+0000] {processor.py:914} INFO - Processing file /opt/airflow/dags/dag_with_py_op.py for tasks to queue
[2025-05-20T17:50:23.898+0000] {logging_mixin.py:190} INFO - [2025-05-20T17:50:23.898+0000] {dagbag.py:588} INFO - Filling up the DagBag from /opt/airflow/dags/dag_with_py_op.py
[2025-05-20T17:50:23.932+0000] {processor.py:925} INFO - DAG(s) 'py_v5' retrieved from /opt/airflow/dags/dag_with_py_op.py
[2025-05-20T17:50:23.979+0000] {logging_mixin.py:190} INFO - [2025-05-20T17:50:23.979+0000] {dag.py:3239} INFO - Sync 1 DAGs
[2025-05-20T17:50:24.029+0000] {logging_mixin.py:190} INFO - [2025-05-20T17:50:24.028+0000] {dag.py:4180} INFO - Setting next_dagrun for py_v5 to 2025-05-22 00:00:00+00:00, run_after=2025-05-23 00:00:00+00:00
[2025-05-20T17:50:24.104+0000] {processor.py:208} INFO - Processing /opt/airflow/dags/dag_with_py_op.py took 0.219 seconds
[2025-05-20T17:50:34.114+0000] {processor.py:186} INFO - Started process (PID=1217) to work on /opt/airflow/dags/dag_with_py_op.py
[2025-05-20T17:50:34.116+0000] {processor.py:914} INFO - Processing file /opt/airflow/dags/dag_with_py_op.py for tasks to queue
[2025-05-20T17:50:34.118+0000] {logging_mixin.py:190} INFO - [2025-05-20T17:50:34.117+0000] {dagbag.py:588} INFO - Filling up the DagBag from /opt/airflow/dags/dag_with_py_op.py
[2025-05-20T17:50:34.160+0000] {processor.py:925} INFO - DAG(s) 'py_v5' retrieved from /opt/airflow/dags/dag_with_py_op.py
[2025-05-20T17:50:34.190+0000] {logging_mixin.py:190} INFO - [2025-05-20T17:50:34.190+0000] {dag.py:3239} INFO - Sync 1 DAGs
[2025-05-20T17:50:34.216+0000] {logging_mixin.py:190} INFO - [2025-05-20T17:50:34.216+0000] {dag.py:4180} INFO - Setting next_dagrun for py_v5 to 2025-05-22 00:00:00+00:00, run_after=2025-05-23 00:00:00+00:00
[2025-05-20T17:50:34.254+0000] {processor.py:208} INFO - Processing /opt/airflow/dags/dag_with_py_op.py took 0.145 seconds
[2025-05-20T17:50:53.583+0000] {processor.py:186} INFO - Started process (PID=1224) to work on /opt/airflow/dags/dag_with_py_op.py
[2025-05-20T17:50:53.586+0000] {processor.py:914} INFO - Processing file /opt/airflow/dags/dag_with_py_op.py for tasks to queue
[2025-05-20T17:50:53.589+0000] {logging_mixin.py:190} INFO - [2025-05-20T17:50:53.588+0000] {dagbag.py:588} INFO - Filling up the DagBag from /opt/airflow/dags/dag_with_py_op.py
[2025-05-20T17:50:53.669+0000] {processor.py:925} INFO - DAG(s) 'py_v6' retrieved from /opt/airflow/dags/dag_with_py_op.py
[2025-05-20T17:50:53.890+0000] {logging_mixin.py:190} INFO - [2025-05-20T17:50:53.888+0000] {override.py:1930} INFO - Created Permission View: can delete on DAG:py_v6
[2025-05-20T17:50:53.916+0000] {logging_mixin.py:190} INFO - [2025-05-20T17:50:53.915+0000] {override.py:1930} INFO - Created Permission View: can edit on DAG:py_v6
[2025-05-20T17:50:53.936+0000] {logging_mixin.py:190} INFO - [2025-05-20T17:50:53.936+0000] {override.py:1930} INFO - Created Permission View: can read on DAG:py_v6
[2025-05-20T17:50:53.960+0000] {logging_mixin.py:190} INFO - [2025-05-20T17:50:53.959+0000] {override.py:1930} INFO - Created Permission View: can create on DAG Run:py_v6
[2025-05-20T17:50:53.981+0000] {logging_mixin.py:190} INFO - [2025-05-20T17:50:53.980+0000] {override.py:1930} INFO - Created Permission View: can delete on DAG Run:py_v6
[2025-05-20T17:50:54.002+0000] {logging_mixin.py:190} INFO - [2025-05-20T17:50:54.002+0000] {override.py:1930} INFO - Created Permission View: menu access on DAG Run:py_v6
[2025-05-20T17:50:54.024+0000] {logging_mixin.py:190} INFO - [2025-05-20T17:50:54.023+0000] {override.py:1930} INFO - Created Permission View: can read on DAG Run:py_v6
[2025-05-20T17:50:54.026+0000] {logging_mixin.py:190} INFO - [2025-05-20T17:50:54.025+0000] {dag.py:3239} INFO - Sync 1 DAGs
[2025-05-20T17:50:54.052+0000] {logging_mixin.py:190} INFO - [2025-05-20T17:50:54.051+0000] {dag.py:3262} INFO - Creating ORM DAG for py_v6
[2025-05-20T17:50:54.075+0000] {logging_mixin.py:190} INFO - [2025-05-20T17:50:54.074+0000] {dag.py:4180} INFO - Setting next_dagrun for py_v6 to 2025-05-22 00:00:00+00:00, run_after=2025-05-23 00:00:00+00:00
[2025-05-20T17:50:54.204+0000] {processor.py:208} INFO - Processing /opt/airflow/dags/dag_with_py_op.py took 0.629 seconds
[2025-05-20T17:50:54.619+0000] {processor.py:186} INFO - Started process (PID=1225) to work on /opt/airflow/dags/dag_with_py_op.py
[2025-05-20T17:50:54.620+0000] {processor.py:914} INFO - Processing file /opt/airflow/dags/dag_with_py_op.py for tasks to queue
[2025-05-20T17:50:54.622+0000] {logging_mixin.py:190} INFO - [2025-05-20T17:50:54.622+0000] {dagbag.py:588} INFO - Filling up the DagBag from /opt/airflow/dags/dag_with_py_op.py
[2025-05-20T17:50:54.676+0000] {processor.py:925} INFO - DAG(s) 'py_v6' retrieved from /opt/airflow/dags/dag_with_py_op.py
[2025-05-20T17:50:54.693+0000] {logging_mixin.py:190} INFO - [2025-05-20T17:50:54.693+0000] {dag.py:3239} INFO - Sync 1 DAGs
[2025-05-20T17:50:54.735+0000] {logging_mixin.py:190} INFO - [2025-05-20T17:50:54.734+0000] {dag.py:4180} INFO - Setting next_dagrun for py_v6 to 2025-05-22 00:00:00+00:00, run_after=2025-05-23 00:00:00+00:00
[2025-05-20T17:50:54.782+0000] {processor.py:208} INFO - Processing /opt/airflow/dags/dag_with_py_op.py took 0.171 seconds
[2025-05-20T17:51:25.320+0000] {processor.py:186} INFO - Started process (PID=1233) to work on /opt/airflow/dags/dag_with_py_op.py
[2025-05-20T17:51:25.322+0000] {processor.py:914} INFO - Processing file /opt/airflow/dags/dag_with_py_op.py for tasks to queue
[2025-05-20T17:51:25.324+0000] {logging_mixin.py:190} INFO - [2025-05-20T17:51:25.324+0000] {dagbag.py:588} INFO - Filling up the DagBag from /opt/airflow/dags/dag_with_py_op.py
[2025-05-20T17:51:25.368+0000] {processor.py:925} INFO - DAG(s) 'py_v6' retrieved from /opt/airflow/dags/dag_with_py_op.py
[2025-05-20T17:51:25.410+0000] {logging_mixin.py:190} INFO - [2025-05-20T17:51:25.410+0000] {dag.py:3239} INFO - Sync 1 DAGs
[2025-05-20T17:51:25.458+0000] {logging_mixin.py:190} INFO - [2025-05-20T17:51:25.457+0000] {dag.py:4180} INFO - Setting next_dagrun for py_v6 to 2025-05-22 00:00:00+00:00, run_after=2025-05-23 00:00:00+00:00
[2025-05-20T17:51:25.491+0000] {processor.py:208} INFO - Processing /opt/airflow/dags/dag_with_py_op.py took 0.179 seconds
[2025-05-20T17:51:50.993+0000] {processor.py:186} INFO - Started process (PID=1242) to work on /opt/airflow/dags/dag_with_py_op.py
[2025-05-20T17:51:50.995+0000] {processor.py:914} INFO - Processing file /opt/airflow/dags/dag_with_py_op.py for tasks to queue
[2025-05-20T17:51:51.002+0000] {logging_mixin.py:190} INFO - [2025-05-20T17:51:51.000+0000] {dagbag.py:588} INFO - Filling up the DagBag from /opt/airflow/dags/dag_with_py_op.py
[2025-05-20T17:51:51.066+0000] {processor.py:925} INFO - DAG(s) 'py_v6' retrieved from /opt/airflow/dags/dag_with_py_op.py
[2025-05-20T17:51:51.120+0000] {logging_mixin.py:190} INFO - [2025-05-20T17:51:51.119+0000] {dag.py:3239} INFO - Sync 1 DAGs
[2025-05-20T17:51:51.167+0000] {logging_mixin.py:190} INFO - [2025-05-20T17:51:51.164+0000] {dag.py:4180} INFO - Setting next_dagrun for py_v6 to 2025-05-22 00:00:00+00:00, run_after=2025-05-23 00:00:00+00:00
[2025-05-20T17:51:51.216+0000] {processor.py:208} INFO - Processing /opt/airflow/dags/dag_with_py_op.py took 0.231 seconds
[2025-05-20T17:51:52.025+0000] {processor.py:186} INFO - Started process (PID=1243) to work on /opt/airflow/dags/dag_with_py_op.py
[2025-05-20T17:51:52.026+0000] {processor.py:914} INFO - Processing file /opt/airflow/dags/dag_with_py_op.py for tasks to queue
[2025-05-20T17:51:52.029+0000] {logging_mixin.py:190} INFO - [2025-05-20T17:51:52.028+0000] {dagbag.py:588} INFO - Filling up the DagBag from /opt/airflow/dags/dag_with_py_op.py
[2025-05-20T17:51:52.080+0000] {processor.py:925} INFO - DAG(s) 'py_v6' retrieved from /opt/airflow/dags/dag_with_py_op.py
[2025-05-20T17:51:52.120+0000] {logging_mixin.py:190} INFO - [2025-05-20T17:51:52.120+0000] {dag.py:3239} INFO - Sync 1 DAGs
[2025-05-20T17:51:52.155+0000] {logging_mixin.py:190} INFO - [2025-05-20T17:51:52.155+0000] {dag.py:4180} INFO - Setting next_dagrun for py_v6 to 2025-05-22 00:00:00+00:00, run_after=2025-05-23 00:00:00+00:00
[2025-05-20T17:51:52.190+0000] {processor.py:208} INFO - Processing /opt/airflow/dags/dag_with_py_op.py took 0.174 seconds
[2025-05-20T17:52:22.727+0000] {processor.py:186} INFO - Started process (PID=1251) to work on /opt/airflow/dags/dag_with_py_op.py
[2025-05-20T17:52:22.730+0000] {processor.py:914} INFO - Processing file /opt/airflow/dags/dag_with_py_op.py for tasks to queue
[2025-05-20T17:52:22.733+0000] {logging_mixin.py:190} INFO - [2025-05-20T17:52:22.733+0000] {dagbag.py:588} INFO - Filling up the DagBag from /opt/airflow/dags/dag_with_py_op.py
[2025-05-20T17:52:22.791+0000] {processor.py:925} INFO - DAG(s) 'py_v6' retrieved from /opt/airflow/dags/dag_with_py_op.py
[2025-05-20T17:52:22.851+0000] {logging_mixin.py:190} INFO - [2025-05-20T17:52:22.850+0000] {dag.py:3239} INFO - Sync 1 DAGs
[2025-05-20T17:52:22.911+0000] {logging_mixin.py:190} INFO - [2025-05-20T17:52:22.910+0000] {dag.py:4180} INFO - Setting next_dagrun for py_v6 to 2025-05-22 00:00:00+00:00, run_after=2025-05-23 00:00:00+00:00
[2025-05-20T17:52:22.960+0000] {processor.py:208} INFO - Processing /opt/airflow/dags/dag_with_py_op.py took 0.249 seconds
[2025-05-20T17:52:53.469+0000] {processor.py:186} INFO - Started process (PID=1259) to work on /opt/airflow/dags/dag_with_py_op.py
[2025-05-20T17:52:53.471+0000] {processor.py:914} INFO - Processing file /opt/airflow/dags/dag_with_py_op.py for tasks to queue
[2025-05-20T17:52:53.473+0000] {logging_mixin.py:190} INFO - [2025-05-20T17:52:53.472+0000] {dagbag.py:588} INFO - Filling up the DagBag from /opt/airflow/dags/dag_with_py_op.py
[2025-05-20T17:52:53.510+0000] {processor.py:925} INFO - DAG(s) 'py_v6' retrieved from /opt/airflow/dags/dag_with_py_op.py
[2025-05-20T17:52:53.549+0000] {logging_mixin.py:190} INFO - [2025-05-20T17:52:53.549+0000] {dag.py:3239} INFO - Sync 1 DAGs
[2025-05-20T17:52:53.592+0000] {logging_mixin.py:190} INFO - [2025-05-20T17:52:53.591+0000] {dag.py:4180} INFO - Setting next_dagrun for py_v6 to 2025-05-22 00:00:00+00:00, run_after=2025-05-23 00:00:00+00:00
[2025-05-20T17:52:53.622+0000] {processor.py:208} INFO - Processing /opt/airflow/dags/dag_with_py_op.py took 0.162 seconds
[2025-05-20T17:53:24.222+0000] {processor.py:186} INFO - Started process (PID=1267) to work on /opt/airflow/dags/dag_with_py_op.py
[2025-05-20T17:53:24.227+0000] {processor.py:914} INFO - Processing file /opt/airflow/dags/dag_with_py_op.py for tasks to queue
[2025-05-20T17:53:24.245+0000] {logging_mixin.py:190} INFO - [2025-05-20T17:53:24.244+0000] {dagbag.py:588} INFO - Filling up the DagBag from /opt/airflow/dags/dag_with_py_op.py
[2025-05-20T17:53:24.288+0000] {processor.py:925} INFO - DAG(s) 'py_v6' retrieved from /opt/airflow/dags/dag_with_py_op.py
[2025-05-20T17:53:24.333+0000] {logging_mixin.py:190} INFO - [2025-05-20T17:53:24.332+0000] {dag.py:3239} INFO - Sync 1 DAGs
[2025-05-20T17:53:24.371+0000] {logging_mixin.py:190} INFO - [2025-05-20T17:53:24.370+0000] {dag.py:4180} INFO - Setting next_dagrun for py_v6 to 2025-05-22 00:00:00+00:00, run_after=2025-05-23 00:00:00+00:00
[2025-05-20T17:53:24.442+0000] {processor.py:208} INFO - Processing /opt/airflow/dags/dag_with_py_op.py took 0.240 seconds
[2025-05-20T17:53:55.235+0000] {processor.py:186} INFO - Started process (PID=1275) to work on /opt/airflow/dags/dag_with_py_op.py
[2025-05-20T17:53:55.237+0000] {processor.py:914} INFO - Processing file /opt/airflow/dags/dag_with_py_op.py for tasks to queue
[2025-05-20T17:53:55.240+0000] {logging_mixin.py:190} INFO - [2025-05-20T17:53:55.239+0000] {dagbag.py:588} INFO - Filling up the DagBag from /opt/airflow/dags/dag_with_py_op.py
[2025-05-20T17:53:55.305+0000] {processor.py:925} INFO - DAG(s) 'py_v6' retrieved from /opt/airflow/dags/dag_with_py_op.py
[2025-05-20T17:53:55.362+0000] {logging_mixin.py:190} INFO - [2025-05-20T17:53:55.362+0000] {dag.py:3239} INFO - Sync 1 DAGs
[2025-05-20T17:53:55.415+0000] {logging_mixin.py:190} INFO - [2025-05-20T17:53:55.415+0000] {dag.py:4180} INFO - Setting next_dagrun for py_v6 to 2025-05-22 00:00:00+00:00, run_after=2025-05-23 00:00:00+00:00
[2025-05-20T17:53:55.484+0000] {processor.py:208} INFO - Processing /opt/airflow/dags/dag_with_py_op.py took 0.259 seconds
[2025-05-20T17:54:25.818+0000] {processor.py:186} INFO - Started process (PID=1283) to work on /opt/airflow/dags/dag_with_py_op.py
[2025-05-20T17:54:25.821+0000] {processor.py:914} INFO - Processing file /opt/airflow/dags/dag_with_py_op.py for tasks to queue
[2025-05-20T17:54:25.825+0000] {logging_mixin.py:190} INFO - [2025-05-20T17:54:25.824+0000] {dagbag.py:588} INFO - Filling up the DagBag from /opt/airflow/dags/dag_with_py_op.py
[2025-05-20T17:54:25.879+0000] {processor.py:925} INFO - DAG(s) 'py_v6' retrieved from /opt/airflow/dags/dag_with_py_op.py
[2025-05-20T17:54:25.939+0000] {logging_mixin.py:190} INFO - [2025-05-20T17:54:25.938+0000] {dag.py:3239} INFO - Sync 1 DAGs
[2025-05-20T17:54:25.999+0000] {logging_mixin.py:190} INFO - [2025-05-20T17:54:25.998+0000] {dag.py:4180} INFO - Setting next_dagrun for py_v6 to 2025-05-22 00:00:00+00:00, run_after=2025-05-23 00:00:00+00:00
[2025-05-20T17:54:26.082+0000] {processor.py:208} INFO - Processing /opt/airflow/dags/dag_with_py_op.py took 0.277 seconds
[2025-05-20T17:54:56.654+0000] {processor.py:186} INFO - Started process (PID=1292) to work on /opt/airflow/dags/dag_with_py_op.py
[2025-05-20T17:54:56.657+0000] {processor.py:914} INFO - Processing file /opt/airflow/dags/dag_with_py_op.py for tasks to queue
[2025-05-20T17:54:56.661+0000] {logging_mixin.py:190} INFO - [2025-05-20T17:54:56.660+0000] {dagbag.py:588} INFO - Filling up the DagBag from /opt/airflow/dags/dag_with_py_op.py
[2025-05-20T17:54:56.716+0000] {processor.py:925} INFO - DAG(s) 'py_v6' retrieved from /opt/airflow/dags/dag_with_py_op.py
[2025-05-20T17:54:56.777+0000] {logging_mixin.py:190} INFO - [2025-05-20T17:54:56.776+0000] {dag.py:3239} INFO - Sync 1 DAGs
[2025-05-20T17:54:56.835+0000] {logging_mixin.py:190} INFO - [2025-05-20T17:54:56.835+0000] {dag.py:4180} INFO - Setting next_dagrun for py_v6 to 2025-05-22 00:00:00+00:00, run_after=2025-05-23 00:00:00+00:00
[2025-05-20T17:54:56.922+0000] {processor.py:208} INFO - Processing /opt/airflow/dags/dag_with_py_op.py took 0.281 seconds
[2025-05-20T17:55:27.154+0000] {processor.py:186} INFO - Started process (PID=1300) to work on /opt/airflow/dags/dag_with_py_op.py
[2025-05-20T17:55:27.156+0000] {processor.py:914} INFO - Processing file /opt/airflow/dags/dag_with_py_op.py for tasks to queue
[2025-05-20T17:55:27.158+0000] {logging_mixin.py:190} INFO - [2025-05-20T17:55:27.157+0000] {dagbag.py:588} INFO - Filling up the DagBag from /opt/airflow/dags/dag_with_py_op.py
[2025-05-20T17:55:27.191+0000] {processor.py:925} INFO - DAG(s) 'py_v6' retrieved from /opt/airflow/dags/dag_with_py_op.py
[2025-05-20T17:55:27.232+0000] {logging_mixin.py:190} INFO - [2025-05-20T17:55:27.232+0000] {dag.py:3239} INFO - Sync 1 DAGs
[2025-05-20T17:55:27.271+0000] {logging_mixin.py:190} INFO - [2025-05-20T17:55:27.271+0000] {dag.py:4180} INFO - Setting next_dagrun for py_v6 to 2025-05-22 00:00:00+00:00, run_after=2025-05-23 00:00:00+00:00
[2025-05-20T17:55:27.302+0000] {processor.py:208} INFO - Processing /opt/airflow/dags/dag_with_py_op.py took 0.155 seconds
[2025-05-20T17:55:57.810+0000] {processor.py:186} INFO - Started process (PID=1308) to work on /opt/airflow/dags/dag_with_py_op.py
[2025-05-20T17:55:57.813+0000] {processor.py:914} INFO - Processing file /opt/airflow/dags/dag_with_py_op.py for tasks to queue
[2025-05-20T17:55:57.816+0000] {logging_mixin.py:190} INFO - [2025-05-20T17:55:57.816+0000] {dagbag.py:588} INFO - Filling up the DagBag from /opt/airflow/dags/dag_with_py_op.py
[2025-05-20T17:55:57.870+0000] {processor.py:925} INFO - DAG(s) 'py_v6' retrieved from /opt/airflow/dags/dag_with_py_op.py
[2025-05-20T17:55:57.923+0000] {logging_mixin.py:190} INFO - [2025-05-20T17:55:57.922+0000] {dag.py:3239} INFO - Sync 1 DAGs
[2025-05-20T17:55:57.965+0000] {logging_mixin.py:190} INFO - [2025-05-20T17:55:57.965+0000] {dag.py:4180} INFO - Setting next_dagrun for py_v6 to 2025-05-22 00:00:00+00:00, run_after=2025-05-23 00:00:00+00:00
[2025-05-20T17:55:58.010+0000] {processor.py:208} INFO - Processing /opt/airflow/dags/dag_with_py_op.py took 0.211 seconds
[2025-05-20T17:56:28.270+0000] {processor.py:186} INFO - Started process (PID=1316) to work on /opt/airflow/dags/dag_with_py_op.py
[2025-05-20T17:56:28.272+0000] {processor.py:914} INFO - Processing file /opt/airflow/dags/dag_with_py_op.py for tasks to queue
[2025-05-20T17:56:28.275+0000] {logging_mixin.py:190} INFO - [2025-05-20T17:56:28.275+0000] {dagbag.py:588} INFO - Filling up the DagBag from /opt/airflow/dags/dag_with_py_op.py
[2025-05-20T17:56:28.362+0000] {processor.py:925} INFO - DAG(s) 'py_v6' retrieved from /opt/airflow/dags/dag_with_py_op.py
[2025-05-20T17:56:28.422+0000] {logging_mixin.py:190} INFO - [2025-05-20T17:56:28.422+0000] {dag.py:3239} INFO - Sync 1 DAGs
[2025-05-20T17:56:28.468+0000] {logging_mixin.py:190} INFO - [2025-05-20T17:56:28.468+0000] {dag.py:4180} INFO - Setting next_dagrun for py_v6 to 2025-05-22 00:00:00+00:00, run_after=2025-05-23 00:00:00+00:00
[2025-05-20T17:56:28.505+0000] {processor.py:208} INFO - Processing /opt/airflow/dags/dag_with_py_op.py took 0.244 seconds
[2025-05-20T17:56:58.956+0000] {processor.py:186} INFO - Started process (PID=1325) to work on /opt/airflow/dags/dag_with_py_op.py
[2025-05-20T17:56:58.958+0000] {processor.py:914} INFO - Processing file /opt/airflow/dags/dag_with_py_op.py for tasks to queue
[2025-05-20T17:56:58.963+0000] {logging_mixin.py:190} INFO - [2025-05-20T17:56:58.962+0000] {dagbag.py:588} INFO - Filling up the DagBag from /opt/airflow/dags/dag_with_py_op.py
[2025-05-20T17:56:59.011+0000] {processor.py:925} INFO - DAG(s) 'py_v6' retrieved from /opt/airflow/dags/dag_with_py_op.py
[2025-05-20T17:56:59.067+0000] {logging_mixin.py:190} INFO - [2025-05-20T17:56:59.066+0000] {dag.py:3239} INFO - Sync 1 DAGs
[2025-05-20T17:56:59.108+0000] {logging_mixin.py:190} INFO - [2025-05-20T17:56:59.108+0000] {dag.py:4180} INFO - Setting next_dagrun for py_v6 to 2025-05-22 00:00:00+00:00, run_after=2025-05-23 00:00:00+00:00
[2025-05-20T17:56:59.145+0000] {processor.py:208} INFO - Processing /opt/airflow/dags/dag_with_py_op.py took 0.203 seconds
[2025-05-20T17:57:29.886+0000] {processor.py:186} INFO - Started process (PID=1333) to work on /opt/airflow/dags/dag_with_py_op.py
[2025-05-20T17:57:29.892+0000] {processor.py:914} INFO - Processing file /opt/airflow/dags/dag_with_py_op.py for tasks to queue
[2025-05-20T17:57:29.894+0000] {logging_mixin.py:190} INFO - [2025-05-20T17:57:29.893+0000] {dagbag.py:588} INFO - Filling up the DagBag from /opt/airflow/dags/dag_with_py_op.py
[2025-05-20T17:57:29.927+0000] {processor.py:925} INFO - DAG(s) 'py_v6' retrieved from /opt/airflow/dags/dag_with_py_op.py
[2025-05-20T17:57:29.960+0000] {logging_mixin.py:190} INFO - [2025-05-20T17:57:29.959+0000] {dag.py:3239} INFO - Sync 1 DAGs
[2025-05-20T17:57:29.994+0000] {logging_mixin.py:190} INFO - [2025-05-20T17:57:29.994+0000] {dag.py:4180} INFO - Setting next_dagrun for py_v6 to 2025-05-22 00:00:00+00:00, run_after=2025-05-23 00:00:00+00:00
[2025-05-20T17:57:30.026+0000] {processor.py:208} INFO - Processing /opt/airflow/dags/dag_with_py_op.py took 0.164 seconds
[2025-05-20T17:58:00.527+0000] {processor.py:186} INFO - Started process (PID=1341) to work on /opt/airflow/dags/dag_with_py_op.py
[2025-05-20T17:58:00.531+0000] {processor.py:914} INFO - Processing file /opt/airflow/dags/dag_with_py_op.py for tasks to queue
[2025-05-20T17:58:00.534+0000] {logging_mixin.py:190} INFO - [2025-05-20T17:58:00.533+0000] {dagbag.py:588} INFO - Filling up the DagBag from /opt/airflow/dags/dag_with_py_op.py
[2025-05-20T17:58:00.570+0000] {processor.py:925} INFO - DAG(s) 'py_v6' retrieved from /opt/airflow/dags/dag_with_py_op.py
[2025-05-20T17:58:00.615+0000] {logging_mixin.py:190} INFO - [2025-05-20T17:58:00.614+0000] {dag.py:3239} INFO - Sync 1 DAGs
[2025-05-20T17:58:00.662+0000] {logging_mixin.py:190} INFO - [2025-05-20T17:58:00.662+0000] {dag.py:4180} INFO - Setting next_dagrun for py_v6 to 2025-05-22 00:00:00+00:00, run_after=2025-05-23 00:00:00+00:00
[2025-05-20T17:58:00.727+0000] {processor.py:208} INFO - Processing /opt/airflow/dags/dag_with_py_op.py took 0.224 seconds
[2025-05-20T17:58:31.253+0000] {processor.py:186} INFO - Started process (PID=1350) to work on /opt/airflow/dags/dag_with_py_op.py
[2025-05-20T17:58:31.255+0000] {processor.py:914} INFO - Processing file /opt/airflow/dags/dag_with_py_op.py for tasks to queue
[2025-05-20T17:58:31.257+0000] {logging_mixin.py:190} INFO - [2025-05-20T17:58:31.257+0000] {dagbag.py:588} INFO - Filling up the DagBag from /opt/airflow/dags/dag_with_py_op.py
[2025-05-20T17:58:31.311+0000] {processor.py:925} INFO - DAG(s) 'py_v6' retrieved from /opt/airflow/dags/dag_with_py_op.py
[2025-05-20T17:58:31.371+0000] {logging_mixin.py:190} INFO - [2025-05-20T17:58:31.371+0000] {dag.py:3239} INFO - Sync 1 DAGs
[2025-05-20T17:58:31.420+0000] {logging_mixin.py:190} INFO - [2025-05-20T17:58:31.419+0000] {dag.py:4180} INFO - Setting next_dagrun for py_v6 to 2025-05-22 00:00:00+00:00, run_after=2025-05-23 00:00:00+00:00
[2025-05-20T17:58:31.496+0000] {processor.py:208} INFO - Processing /opt/airflow/dags/dag_with_py_op.py took 0.258 seconds
[2025-05-20T17:59:02.014+0000] {processor.py:186} INFO - Started process (PID=1358) to work on /opt/airflow/dags/dag_with_py_op.py
[2025-05-20T17:59:02.018+0000] {processor.py:914} INFO - Processing file /opt/airflow/dags/dag_with_py_op.py for tasks to queue
[2025-05-20T17:59:02.020+0000] {logging_mixin.py:190} INFO - [2025-05-20T17:59:02.019+0000] {dagbag.py:588} INFO - Filling up the DagBag from /opt/airflow/dags/dag_with_py_op.py
[2025-05-20T17:59:02.062+0000] {processor.py:925} INFO - DAG(s) 'py_v6' retrieved from /opt/airflow/dags/dag_with_py_op.py
[2025-05-20T17:59:02.122+0000] {logging_mixin.py:190} INFO - [2025-05-20T17:59:02.121+0000] {dag.py:3239} INFO - Sync 1 DAGs
[2025-05-20T17:59:02.160+0000] {logging_mixin.py:190} INFO - [2025-05-20T17:59:02.160+0000] {dag.py:4180} INFO - Setting next_dagrun for py_v6 to 2025-05-22 00:00:00+00:00, run_after=2025-05-23 00:00:00+00:00
[2025-05-20T17:59:02.190+0000] {processor.py:208} INFO - Processing /opt/airflow/dags/dag_with_py_op.py took 0.184 seconds
[2025-05-20T17:59:32.766+0000] {processor.py:186} INFO - Started process (PID=1366) to work on /opt/airflow/dags/dag_with_py_op.py
[2025-05-20T17:59:32.768+0000] {processor.py:914} INFO - Processing file /opt/airflow/dags/dag_with_py_op.py for tasks to queue
[2025-05-20T17:59:32.772+0000] {logging_mixin.py:190} INFO - [2025-05-20T17:59:32.771+0000] {dagbag.py:588} INFO - Filling up the DagBag from /opt/airflow/dags/dag_with_py_op.py
[2025-05-20T17:59:32.832+0000] {processor.py:925} INFO - DAG(s) 'py_v6' retrieved from /opt/airflow/dags/dag_with_py_op.py
[2025-05-20T17:59:32.898+0000] {logging_mixin.py:190} INFO - [2025-05-20T17:59:32.897+0000] {dag.py:3239} INFO - Sync 1 DAGs
[2025-05-20T17:59:32.957+0000] {logging_mixin.py:190} INFO - [2025-05-20T17:59:32.956+0000] {dag.py:4180} INFO - Setting next_dagrun for py_v6 to 2025-05-22 00:00:00+00:00, run_after=2025-05-23 00:00:00+00:00
[2025-05-20T17:59:33.044+0000] {processor.py:208} INFO - Processing /opt/airflow/dags/dag_with_py_op.py took 0.296 seconds
[2025-05-20T18:00:03.380+0000] {processor.py:186} INFO - Started process (PID=1374) to work on /opt/airflow/dags/dag_with_py_op.py
[2025-05-20T18:00:03.382+0000] {processor.py:914} INFO - Processing file /opt/airflow/dags/dag_with_py_op.py for tasks to queue
[2025-05-20T18:00:03.387+0000] {logging_mixin.py:190} INFO - [2025-05-20T18:00:03.386+0000] {dagbag.py:588} INFO - Filling up the DagBag from /opt/airflow/dags/dag_with_py_op.py
[2025-05-20T18:00:03.449+0000] {processor.py:925} INFO - DAG(s) 'py_v6' retrieved from /opt/airflow/dags/dag_with_py_op.py
[2025-05-20T18:00:03.498+0000] {logging_mixin.py:190} INFO - [2025-05-20T18:00:03.498+0000] {dag.py:3239} INFO - Sync 1 DAGs
[2025-05-20T18:00:03.542+0000] {logging_mixin.py:190} INFO - [2025-05-20T18:00:03.541+0000] {dag.py:4180} INFO - Setting next_dagrun for py_v6 to 2025-05-22 00:00:00+00:00, run_after=2025-05-23 00:00:00+00:00
[2025-05-20T18:00:03.613+0000] {processor.py:208} INFO - Processing /opt/airflow/dags/dag_with_py_op.py took 0.246 seconds
[2025-05-20T18:00:34.142+0000] {processor.py:186} INFO - Started process (PID=1383) to work on /opt/airflow/dags/dag_with_py_op.py
[2025-05-20T18:00:34.144+0000] {processor.py:914} INFO - Processing file /opt/airflow/dags/dag_with_py_op.py for tasks to queue
[2025-05-20T18:00:34.148+0000] {logging_mixin.py:190} INFO - [2025-05-20T18:00:34.147+0000] {dagbag.py:588} INFO - Filling up the DagBag from /opt/airflow/dags/dag_with_py_op.py
[2025-05-20T18:00:34.267+0000] {processor.py:925} INFO - DAG(s) 'py_v6' retrieved from /opt/airflow/dags/dag_with_py_op.py
[2025-05-20T18:00:34.310+0000] {logging_mixin.py:190} INFO - [2025-05-20T18:00:34.309+0000] {dag.py:3239} INFO - Sync 1 DAGs
[2025-05-20T18:00:34.351+0000] {logging_mixin.py:190} INFO - [2025-05-20T18:00:34.351+0000] {dag.py:4180} INFO - Setting next_dagrun for py_v6 to 2025-05-22 00:00:00+00:00, run_after=2025-05-23 00:00:00+00:00
[2025-05-20T18:00:34.434+0000] {processor.py:208} INFO - Processing /opt/airflow/dags/dag_with_py_op.py took 0.305 seconds
[2025-05-20T18:01:04.937+0000] {processor.py:186} INFO - Started process (PID=1391) to work on /opt/airflow/dags/dag_with_py_op.py
[2025-05-20T18:01:04.939+0000] {processor.py:914} INFO - Processing file /opt/airflow/dags/dag_with_py_op.py for tasks to queue
[2025-05-20T18:01:04.941+0000] {logging_mixin.py:190} INFO - [2025-05-20T18:01:04.941+0000] {dagbag.py:588} INFO - Filling up the DagBag from /opt/airflow/dags/dag_with_py_op.py
[2025-05-20T18:01:04.975+0000] {processor.py:925} INFO - DAG(s) 'py_v6' retrieved from /opt/airflow/dags/dag_with_py_op.py
[2025-05-20T18:01:05.026+0000] {logging_mixin.py:190} INFO - [2025-05-20T18:01:05.026+0000] {dag.py:3239} INFO - Sync 1 DAGs
[2025-05-20T18:01:05.069+0000] {logging_mixin.py:190} INFO - [2025-05-20T18:01:05.069+0000] {dag.py:4180} INFO - Setting next_dagrun for py_v6 to 2025-05-22 00:00:00+00:00, run_after=2025-05-23 00:00:00+00:00
[2025-05-20T18:01:05.135+0000] {processor.py:208} INFO - Processing /opt/airflow/dags/dag_with_py_op.py took 0.205 seconds
[2025-05-20T18:01:35.403+0000] {processor.py:186} INFO - Started process (PID=1399) to work on /opt/airflow/dags/dag_with_py_op.py
[2025-05-20T18:01:35.405+0000] {processor.py:914} INFO - Processing file /opt/airflow/dags/dag_with_py_op.py for tasks to queue
[2025-05-20T18:01:35.408+0000] {logging_mixin.py:190} INFO - [2025-05-20T18:01:35.407+0000] {dagbag.py:588} INFO - Filling up the DagBag from /opt/airflow/dags/dag_with_py_op.py
[2025-05-20T18:01:35.474+0000] {processor.py:925} INFO - DAG(s) 'py_v6' retrieved from /opt/airflow/dags/dag_with_py_op.py
[2025-05-20T18:01:35.510+0000] {logging_mixin.py:190} INFO - [2025-05-20T18:01:35.509+0000] {dag.py:3239} INFO - Sync 1 DAGs
[2025-05-20T18:01:35.544+0000] {logging_mixin.py:190} INFO - [2025-05-20T18:01:35.544+0000] {dag.py:4180} INFO - Setting next_dagrun for py_v6 to 2025-05-22 00:00:00+00:00, run_after=2025-05-23 00:00:00+00:00
[2025-05-20T18:01:35.574+0000] {processor.py:208} INFO - Processing /opt/airflow/dags/dag_with_py_op.py took 0.178 seconds
[2025-05-20T18:01:53.894+0000] {processor.py:186} INFO - Started process (PID=1407) to work on /opt/airflow/dags/dag_with_py_op.py
[2025-05-20T18:01:53.895+0000] {processor.py:914} INFO - Processing file /opt/airflow/dags/dag_with_py_op.py for tasks to queue
[2025-05-20T18:01:53.897+0000] {logging_mixin.py:190} INFO - [2025-05-20T18:01:53.897+0000] {dagbag.py:588} INFO - Filling up the DagBag from /opt/airflow/dags/dag_with_py_op.py
[2025-05-20T18:01:53.949+0000] {processor.py:925} INFO - DAG(s) 'py_v6' retrieved from /opt/airflow/dags/dag_with_py_op.py
[2025-05-20T18:01:55.499+0000] {logging_mixin.py:190} INFO - [2025-05-20T18:01:55.499+0000] {dag.py:3239} INFO - Sync 1 DAGs
[2025-05-20T18:01:55.533+0000] {logging_mixin.py:190} INFO - [2025-05-20T18:01:55.533+0000] {dag.py:4180} INFO - Setting next_dagrun for py_v6 to 2025-05-22 00:00:00+00:00, run_after=2025-05-23 00:00:00+00:00
[2025-05-20T18:01:55.571+0000] {processor.py:208} INFO - Processing /opt/airflow/dags/dag_with_py_op.py took 1.685 seconds
[2025-05-20T18:02:25.652+0000] {processor.py:186} INFO - Started process (PID=1415) to work on /opt/airflow/dags/dag_with_py_op.py
[2025-05-20T18:02:25.654+0000] {processor.py:914} INFO - Processing file /opt/airflow/dags/dag_with_py_op.py for tasks to queue
[2025-05-20T18:02:25.656+0000] {logging_mixin.py:190} INFO - [2025-05-20T18:02:25.656+0000] {dagbag.py:588} INFO - Filling up the DagBag from /opt/airflow/dags/dag_with_py_op.py
[2025-05-20T18:02:25.706+0000] {processor.py:925} INFO - DAG(s) 'py_v6' retrieved from /opt/airflow/dags/dag_with_py_op.py
[2025-05-20T18:02:25.743+0000] {logging_mixin.py:190} INFO - [2025-05-20T18:02:25.742+0000] {dag.py:3239} INFO - Sync 1 DAGs
[2025-05-20T18:02:25.777+0000] {logging_mixin.py:190} INFO - [2025-05-20T18:02:25.777+0000] {dag.py:4180} INFO - Setting next_dagrun for py_v6 to 2025-05-22 00:00:00+00:00, run_after=2025-05-23 00:00:00+00:00
[2025-05-20T18:02:25.806+0000] {processor.py:208} INFO - Processing /opt/airflow/dags/dag_with_py_op.py took 0.166 seconds
[2025-05-20T18:02:56.275+0000] {processor.py:186} INFO - Started process (PID=1423) to work on /opt/airflow/dags/dag_with_py_op.py
[2025-05-20T18:02:56.277+0000] {processor.py:914} INFO - Processing file /opt/airflow/dags/dag_with_py_op.py for tasks to queue
[2025-05-20T18:02:56.279+0000] {logging_mixin.py:190} INFO - [2025-05-20T18:02:56.279+0000] {dagbag.py:588} INFO - Filling up the DagBag from /opt/airflow/dags/dag_with_py_op.py
[2025-05-20T18:02:56.311+0000] {processor.py:925} INFO - DAG(s) 'py_v6' retrieved from /opt/airflow/dags/dag_with_py_op.py
[2025-05-20T18:02:56.348+0000] {logging_mixin.py:190} INFO - [2025-05-20T18:02:56.347+0000] {dag.py:3239} INFO - Sync 1 DAGs
[2025-05-20T18:02:56.386+0000] {logging_mixin.py:190} INFO - [2025-05-20T18:02:56.386+0000] {dag.py:4180} INFO - Setting next_dagrun for py_v6 to 2025-05-22 00:00:00+00:00, run_after=2025-05-23 00:00:00+00:00
[2025-05-20T18:02:56.452+0000] {processor.py:208} INFO - Processing /opt/airflow/dags/dag_with_py_op.py took 0.184 seconds
[2025-05-20T18:03:26.937+0000] {processor.py:186} INFO - Started process (PID=1431) to work on /opt/airflow/dags/dag_with_py_op.py
[2025-05-20T18:03:26.939+0000] {processor.py:914} INFO - Processing file /opt/airflow/dags/dag_with_py_op.py for tasks to queue
[2025-05-20T18:03:26.941+0000] {logging_mixin.py:190} INFO - [2025-05-20T18:03:26.941+0000] {dagbag.py:588} INFO - Filling up the DagBag from /opt/airflow/dags/dag_with_py_op.py
[2025-05-20T18:03:26.989+0000] {processor.py:925} INFO - DAG(s) 'py_v6' retrieved from /opt/airflow/dags/dag_with_py_op.py
[2025-05-20T18:03:27.040+0000] {logging_mixin.py:190} INFO - [2025-05-20T18:03:27.039+0000] {dag.py:3239} INFO - Sync 1 DAGs
[2025-05-20T18:03:27.085+0000] {logging_mixin.py:190} INFO - [2025-05-20T18:03:27.084+0000] {dag.py:4180} INFO - Setting next_dagrun for py_v6 to 2025-05-22 00:00:00+00:00, run_after=2025-05-23 00:00:00+00:00
[2025-05-20T18:03:27.124+0000] {processor.py:208} INFO - Processing /opt/airflow/dags/dag_with_py_op.py took 0.196 seconds
[2025-05-20T18:03:57.701+0000] {processor.py:186} INFO - Started process (PID=1439) to work on /opt/airflow/dags/dag_with_py_op.py
[2025-05-20T18:03:57.703+0000] {processor.py:914} INFO - Processing file /opt/airflow/dags/dag_with_py_op.py for tasks to queue
[2025-05-20T18:03:57.706+0000] {logging_mixin.py:190} INFO - [2025-05-20T18:03:57.706+0000] {dagbag.py:588} INFO - Filling up the DagBag from /opt/airflow/dags/dag_with_py_op.py
[2025-05-20T18:03:57.746+0000] {processor.py:925} INFO - DAG(s) 'py_v6' retrieved from /opt/airflow/dags/dag_with_py_op.py
[2025-05-20T18:03:57.789+0000] {logging_mixin.py:190} INFO - [2025-05-20T18:03:57.789+0000] {dag.py:3239} INFO - Sync 1 DAGs
[2025-05-20T18:03:57.833+0000] {logging_mixin.py:190} INFO - [2025-05-20T18:03:57.833+0000] {dag.py:4180} INFO - Setting next_dagrun for py_v6 to 2025-05-22 00:00:00+00:00, run_after=2025-05-23 00:00:00+00:00
[2025-05-20T18:03:57.872+0000] {processor.py:208} INFO - Processing /opt/airflow/dags/dag_with_py_op.py took 0.181 seconds
[2025-05-20T18:04:28.406+0000] {processor.py:186} INFO - Started process (PID=1447) to work on /opt/airflow/dags/dag_with_py_op.py
[2025-05-20T18:04:28.407+0000] {processor.py:914} INFO - Processing file /opt/airflow/dags/dag_with_py_op.py for tasks to queue
[2025-05-20T18:04:28.408+0000] {logging_mixin.py:190} INFO - [2025-05-20T18:04:28.408+0000] {dagbag.py:588} INFO - Filling up the DagBag from /opt/airflow/dags/dag_with_py_op.py
[2025-05-20T18:04:28.434+0000] {processor.py:925} INFO - DAG(s) 'py_v6' retrieved from /opt/airflow/dags/dag_with_py_op.py
[2025-05-20T18:04:28.465+0000] {logging_mixin.py:190} INFO - [2025-05-20T18:04:28.465+0000] {dag.py:3239} INFO - Sync 1 DAGs
[2025-05-20T18:04:28.496+0000] {logging_mixin.py:190} INFO - [2025-05-20T18:04:28.496+0000] {dag.py:4180} INFO - Setting next_dagrun for py_v6 to 2025-05-22 00:00:00+00:00, run_after=2025-05-23 00:00:00+00:00
[2025-05-20T18:04:28.522+0000] {processor.py:208} INFO - Processing /opt/airflow/dags/dag_with_py_op.py took 0.122 seconds
[2025-05-20T18:04:59.009+0000] {processor.py:186} INFO - Started process (PID=1455) to work on /opt/airflow/dags/dag_with_py_op.py
[2025-05-20T18:04:59.011+0000] {processor.py:914} INFO - Processing file /opt/airflow/dags/dag_with_py_op.py for tasks to queue
[2025-05-20T18:04:59.013+0000] {logging_mixin.py:190} INFO - [2025-05-20T18:04:59.012+0000] {dagbag.py:588} INFO - Filling up the DagBag from /opt/airflow/dags/dag_with_py_op.py
[2025-05-20T18:04:59.045+0000] {processor.py:925} INFO - DAG(s) 'py_v6' retrieved from /opt/airflow/dags/dag_with_py_op.py
[2025-05-20T18:04:59.084+0000] {logging_mixin.py:190} INFO - [2025-05-20T18:04:59.084+0000] {dag.py:3239} INFO - Sync 1 DAGs
[2025-05-20T18:04:59.120+0000] {logging_mixin.py:190} INFO - [2025-05-20T18:04:59.120+0000] {dag.py:4180} INFO - Setting next_dagrun for py_v6 to 2025-05-22 00:00:00+00:00, run_after=2025-05-23 00:00:00+00:00
[2025-05-20T18:04:59.152+0000] {processor.py:208} INFO - Processing /opt/airflow/dags/dag_with_py_op.py took 0.150 seconds
[2025-05-20T18:05:29.642+0000] {processor.py:186} INFO - Started process (PID=1463) to work on /opt/airflow/dags/dag_with_py_op.py
[2025-05-20T18:05:29.644+0000] {processor.py:914} INFO - Processing file /opt/airflow/dags/dag_with_py_op.py for tasks to queue
[2025-05-20T18:05:29.647+0000] {logging_mixin.py:190} INFO - [2025-05-20T18:05:29.646+0000] {dagbag.py:588} INFO - Filling up the DagBag from /opt/airflow/dags/dag_with_py_op.py
[2025-05-20T18:05:29.682+0000] {processor.py:925} INFO - DAG(s) 'py_v6' retrieved from /opt/airflow/dags/dag_with_py_op.py
[2025-05-20T18:05:29.721+0000] {logging_mixin.py:190} INFO - [2025-05-20T18:05:29.721+0000] {dag.py:3239} INFO - Sync 1 DAGs
[2025-05-20T18:05:29.757+0000] {logging_mixin.py:190} INFO - [2025-05-20T18:05:29.756+0000] {dag.py:4180} INFO - Setting next_dagrun for py_v6 to 2025-05-22 00:00:00+00:00, run_after=2025-05-23 00:00:00+00:00
[2025-05-20T18:05:29.790+0000] {processor.py:208} INFO - Processing /opt/airflow/dags/dag_with_py_op.py took 0.154 seconds
[2025-05-20T18:06:00.105+0000] {processor.py:186} INFO - Started process (PID=1471) to work on /opt/airflow/dags/dag_with_py_op.py
[2025-05-20T18:06:00.111+0000] {processor.py:914} INFO - Processing file /opt/airflow/dags/dag_with_py_op.py for tasks to queue
[2025-05-20T18:06:00.115+0000] {logging_mixin.py:190} INFO - [2025-05-20T18:06:00.114+0000] {dagbag.py:588} INFO - Filling up the DagBag from /opt/airflow/dags/dag_with_py_op.py
[2025-05-20T18:06:00.154+0000] {processor.py:925} INFO - DAG(s) 'py_v6' retrieved from /opt/airflow/dags/dag_with_py_op.py
[2025-05-20T18:06:00.201+0000] {logging_mixin.py:190} INFO - [2025-05-20T18:06:00.200+0000] {dag.py:3239} INFO - Sync 1 DAGs
[2025-05-20T18:06:00.238+0000] {logging_mixin.py:190} INFO - [2025-05-20T18:06:00.238+0000] {dag.py:4180} INFO - Setting next_dagrun for py_v6 to 2025-05-22 00:00:00+00:00, run_after=2025-05-23 00:00:00+00:00
[2025-05-20T18:06:00.268+0000] {processor.py:208} INFO - Processing /opt/airflow/dags/dag_with_py_op.py took 0.172 seconds
[2025-05-20T18:06:30.976+0000] {processor.py:186} INFO - Started process (PID=1479) to work on /opt/airflow/dags/dag_with_py_op.py
[2025-05-20T18:06:30.978+0000] {processor.py:914} INFO - Processing file /opt/airflow/dags/dag_with_py_op.py for tasks to queue
[2025-05-20T18:06:30.981+0000] {logging_mixin.py:190} INFO - [2025-05-20T18:06:30.980+0000] {dagbag.py:588} INFO - Filling up the DagBag from /opt/airflow/dags/dag_with_py_op.py
[2025-05-20T18:06:31.028+0000] {processor.py:925} INFO - DAG(s) 'py_v6' retrieved from /opt/airflow/dags/dag_with_py_op.py
[2025-05-20T18:06:31.064+0000] {logging_mixin.py:190} INFO - [2025-05-20T18:06:31.064+0000] {dag.py:3239} INFO - Sync 1 DAGs
[2025-05-20T18:06:31.102+0000] {logging_mixin.py:190} INFO - [2025-05-20T18:06:31.102+0000] {dag.py:4180} INFO - Setting next_dagrun for py_v6 to 2025-05-22 00:00:00+00:00, run_after=2025-05-23 00:00:00+00:00
[2025-05-20T18:06:31.133+0000] {processor.py:208} INFO - Processing /opt/airflow/dags/dag_with_py_op.py took 0.165 seconds
[2025-05-20T18:07:01.639+0000] {processor.py:186} INFO - Started process (PID=1487) to work on /opt/airflow/dags/dag_with_py_op.py
[2025-05-20T18:07:01.640+0000] {processor.py:914} INFO - Processing file /opt/airflow/dags/dag_with_py_op.py for tasks to queue
[2025-05-20T18:07:01.642+0000] {logging_mixin.py:190} INFO - [2025-05-20T18:07:01.642+0000] {dagbag.py:588} INFO - Filling up the DagBag from /opt/airflow/dags/dag_with_py_op.py
[2025-05-20T18:07:01.676+0000] {processor.py:925} INFO - DAG(s) 'py_v6' retrieved from /opt/airflow/dags/dag_with_py_op.py
[2025-05-20T18:07:01.721+0000] {logging_mixin.py:190} INFO - [2025-05-20T18:07:01.721+0000] {dag.py:3239} INFO - Sync 1 DAGs
[2025-05-20T18:07:01.762+0000] {logging_mixin.py:190} INFO - [2025-05-20T18:07:01.762+0000] {dag.py:4180} INFO - Setting next_dagrun for py_v6 to 2025-05-22 00:00:00+00:00, run_after=2025-05-23 00:00:00+00:00
[2025-05-20T18:07:01.793+0000] {processor.py:208} INFO - Processing /opt/airflow/dags/dag_with_py_op.py took 0.165 seconds
