[2025-05-21T16:03:38.761+0000] {local_task_job_runner.py:123} INFO - ::group::Pre task execution logs
[2025-05-21T16:03:38.802+0000] {taskinstance.py:2631} INFO - Dependencies all met for dep_context=non-requeueable deps ti=<TaskInstance: dag_with_taskflow_api_v02.greet scheduled__2022-04-29T00:00:00+00:00 [queued]>
[2025-05-21T16:03:38.823+0000] {taskinstance.py:2631} INFO - Dependencies all met for dep_context=requeueable deps ti=<TaskInstance: dag_with_taskflow_api_v02.greet scheduled__2022-04-29T00:00:00+00:00 [queued]>
[2025-05-21T16:03:38.828+0000] {taskinstance.py:2884} INFO - Starting attempt 1 of 6
[2025-05-21T16:03:38.854+0000] {taskinstance.py:2907} INFO - Executing <Task(_PythonDecoratedOperator): greet> on 2022-04-29 00:00:00+00:00
[2025-05-21T16:03:38.864+0000] {warnings.py:112} WARNING - /home/***/.local/lib/python3.12/site-packages/***/task/task_runner/standard_task_runner.py:70: DeprecationWarning: This process (pid=1838) is multi-threaded, use of fork() may lead to deadlocks in the child.
  pid = os.fork()

[2025-05-21T16:03:38.865+0000] {standard_task_runner.py:72} INFO - Started process 1844 to run task
[2025-05-21T16:03:38.867+0000] {standard_task_runner.py:104} INFO - Running: ['***', 'tasks', 'run', 'dag_with_taskflow_api_v02', 'greet', 'scheduled__2022-04-29T00:00:00+00:00', '--job-id', '566', '--raw', '--subdir', 'DAGS_FOLDER/dar_with_taskflow_api.py', '--cfg-path', '/tmp/tmpqu06w4_s']
[2025-05-21T16:03:38.869+0000] {standard_task_runner.py:105} INFO - Job 566: Subtask greet
[2025-05-21T16:03:38.933+0000] {task_command.py:467} INFO - Running <TaskInstance: dag_with_taskflow_api_v02.greet scheduled__2022-04-29T00:00:00+00:00 [running]> on host 2032228d86df
[2025-05-21T16:03:39.076+0000] {taskinstance.py:3157} INFO - Exporting env vars: AIRFLOW_CTX_DAG_OWNER='coder2j' AIRFLOW_CTX_DAG_ID='dag_with_taskflow_api_v02' AIRFLOW_CTX_TASK_ID='greet' AIRFLOW_CTX_EXECUTION_DATE='2022-04-29T00:00:00+00:00' AIRFLOW_CTX_TRY_NUMBER='1' AIRFLOW_CTX_DAG_RUN_ID='scheduled__2022-04-29T00:00:00+00:00'
[2025-05-21T16:03:39.077+0000] {taskinstance.py:740} INFO - ::endgroup::
[2025-05-21T16:03:39.080+0000] {logging_mixin.py:190} INFO - Hello World! My name is Jerry Fridman and I am 19 years old!
[2025-05-21T16:03:39.080+0000] {python.py:240} INFO - Done. Returned value was: None
[2025-05-21T16:03:39.092+0000] {taskinstance.py:349} INFO - ::group::Post task execution logs
[2025-05-21T16:03:39.093+0000] {taskinstance.py:361} INFO - Marking task as SUCCESS. dag_id=dag_with_taskflow_api_v02, task_id=greet, run_id=scheduled__2022-04-29T00:00:00+00:00, execution_date=20220429T000000, start_date=20250521T160338, end_date=20250521T160339
[2025-05-21T16:03:39.136+0000] {local_task_job_runner.py:266} INFO - Task exited with return code 0
[2025-05-21T16:03:39.153+0000] {taskinstance.py:3924} INFO - 0 downstream tasks scheduled from follow-on schedule check
[2025-05-21T16:03:39.155+0000] {local_task_job_runner.py:245} INFO - ::endgroup::
