[2025-05-21T16:16:25.279+0000] {local_task_job_runner.py:123} INFO - ::group::Pre task execution logs
[2025-05-21T16:16:25.336+0000] {taskinstance.py:2631} INFO - Dependencies all met for dep_context=non-requeueable deps ti=<TaskInstance: dag_with_taskflow_api_v02.greet scheduled__2024-05-31T00:00:00+00:00 [queued]>
[2025-05-21T16:16:25.353+0000] {taskinstance.py:2631} INFO - Dependencies all met for dep_context=requeueable deps ti=<TaskInstance: dag_with_taskflow_api_v02.greet scheduled__2024-05-31T00:00:00+00:00 [queued]>
[2025-05-21T16:16:25.354+0000] {taskinstance.py:2884} INFO - Starting attempt 1 of 6
[2025-05-21T16:16:25.378+0000] {taskinstance.py:2907} INFO - Executing <Task(_PythonDecoratedOperator): greet> on 2024-05-31 00:00:00+00:00
[2025-05-21T16:16:25.389+0000] {warnings.py:112} WARNING - /home/***/.local/lib/python3.12/site-packages/***/task/task_runner/standard_task_runner.py:70: DeprecationWarning: This process (pid=8847) is multi-threaded, use of fork() may lead to deadlocks in the child.
  pid = os.fork()

[2025-05-21T16:16:25.391+0000] {standard_task_runner.py:72} INFO - Started process 8857 to run task
[2025-05-21T16:16:25.395+0000] {standard_task_runner.py:104} INFO - Running: ['***', 'tasks', 'run', 'dag_with_taskflow_api_v02', 'greet', 'scheduled__2024-05-31T00:00:00+00:00', '--job-id', '2856', '--raw', '--subdir', 'DAGS_FOLDER/dar_with_taskflow_api.py', '--cfg-path', '/tmp/tmpi98n5uw4']
[2025-05-21T16:16:25.397+0000] {standard_task_runner.py:105} INFO - Job 2856: Subtask greet
[2025-05-21T16:16:25.508+0000] {task_command.py:467} INFO - Running <TaskInstance: dag_with_taskflow_api_v02.greet scheduled__2024-05-31T00:00:00+00:00 [running]> on host 2032228d86df
[2025-05-21T16:16:25.691+0000] {taskinstance.py:3157} INFO - Exporting env vars: AIRFLOW_CTX_DAG_OWNER='coder2j' AIRFLOW_CTX_DAG_ID='dag_with_taskflow_api_v02' AIRFLOW_CTX_TASK_ID='greet' AIRFLOW_CTX_EXECUTION_DATE='2024-05-31T00:00:00+00:00' AIRFLOW_CTX_TRY_NUMBER='1' AIRFLOW_CTX_DAG_RUN_ID='scheduled__2024-05-31T00:00:00+00:00'
[2025-05-21T16:16:25.694+0000] {taskinstance.py:740} INFO - ::endgroup::
[2025-05-21T16:16:25.698+0000] {logging_mixin.py:190} INFO - Hello World! My name is Jerry Fridman and I am 19 years old!
[2025-05-21T16:16:25.702+0000] {python.py:240} INFO - Done. Returned value was: None
[2025-05-21T16:16:25.751+0000] {taskinstance.py:349} INFO - ::group::Post task execution logs
[2025-05-21T16:16:25.752+0000] {taskinstance.py:361} INFO - Marking task as SUCCESS. dag_id=dag_with_taskflow_api_v02, task_id=greet, run_id=scheduled__2024-05-31T00:00:00+00:00, execution_date=20240531T000000, start_date=20250521T161625, end_date=20250521T161625
[2025-05-21T16:16:25.816+0000] {local_task_job_runner.py:266} INFO - Task exited with return code 0
[2025-05-21T16:16:25.841+0000] {taskinstance.py:3924} INFO - 0 downstream tasks scheduled from follow-on schedule check
[2025-05-21T16:16:25.862+0000] {local_task_job_runner.py:245} INFO - ::endgroup::
