[2025-05-21T16:14:27.935+0000] {local_task_job_runner.py:123} INFO - ::group::Pre task execution logs
[2025-05-21T16:14:27.993+0000] {taskinstance.py:2631} INFO - Dependencies all met for dep_context=non-requeueable deps ti=<TaskInstance: dag_with_taskflow_api_v02.greet scheduled__2024-02-03T00:00:00+00:00 [queued]>
[2025-05-21T16:14:28.020+0000] {taskinstance.py:2631} INFO - Dependencies all met for dep_context=requeueable deps ti=<TaskInstance: dag_with_taskflow_api_v02.greet scheduled__2024-02-03T00:00:00+00:00 [queued]>
[2025-05-21T16:14:28.021+0000] {taskinstance.py:2884} INFO - Starting attempt 1 of 6
[2025-05-21T16:14:28.072+0000] {taskinstance.py:2907} INFO - Executing <Task(_PythonDecoratedOperator): greet> on 2024-02-03 00:00:00+00:00
[2025-05-21T16:14:28.086+0000] {warnings.py:112} WARNING - /home/***/.local/lib/python3.12/site-packages/***/task/task_runner/standard_task_runner.py:70: DeprecationWarning: This process (pid=7780) is multi-threaded, use of fork() may lead to deadlocks in the child.
  pid = os.fork()

[2025-05-21T16:14:28.089+0000] {standard_task_runner.py:104} INFO - Running: ['***', 'tasks', 'run', 'dag_with_taskflow_api_v02', 'greet', 'scheduled__2024-02-03T00:00:00+00:00', '--job-id', '2508', '--raw', '--subdir', 'DAGS_FOLDER/dar_with_taskflow_api.py', '--cfg-path', '/tmp/tmpzctxnm0l']
[2025-05-21T16:14:28.097+0000] {standard_task_runner.py:72} INFO - Started process 7792 to run task
[2025-05-21T16:14:28.097+0000] {standard_task_runner.py:105} INFO - Job 2508: Subtask greet
[2025-05-21T16:14:28.251+0000] {task_command.py:467} INFO - Running <TaskInstance: dag_with_taskflow_api_v02.greet scheduled__2024-02-03T00:00:00+00:00 [running]> on host 2032228d86df
[2025-05-21T16:14:28.583+0000] {taskinstance.py:3157} INFO - Exporting env vars: AIRFLOW_CTX_DAG_OWNER='coder2j' AIRFLOW_CTX_DAG_ID='dag_with_taskflow_api_v02' AIRFLOW_CTX_TASK_ID='greet' AIRFLOW_CTX_EXECUTION_DATE='2024-02-03T00:00:00+00:00' AIRFLOW_CTX_TRY_NUMBER='1' AIRFLOW_CTX_DAG_RUN_ID='scheduled__2024-02-03T00:00:00+00:00'
[2025-05-21T16:14:28.588+0000] {taskinstance.py:740} INFO - ::endgroup::
[2025-05-21T16:14:28.591+0000] {logging_mixin.py:190} INFO - Hello World! My name is Jerry Fridman and I am 19 years old!
[2025-05-21T16:14:28.592+0000] {python.py:240} INFO - Done. Returned value was: None
[2025-05-21T16:14:28.605+0000] {taskinstance.py:349} INFO - ::group::Post task execution logs
[2025-05-21T16:14:28.606+0000] {taskinstance.py:361} INFO - Marking task as SUCCESS. dag_id=dag_with_taskflow_api_v02, task_id=greet, run_id=scheduled__2024-02-03T00:00:00+00:00, execution_date=20240203T000000, start_date=20250521T161427, end_date=20250521T161428
[2025-05-21T16:14:28.671+0000] {local_task_job_runner.py:266} INFO - Task exited with return code 0
[2025-05-21T16:14:28.706+0000] {taskinstance.py:3924} INFO - 0 downstream tasks scheduled from follow-on schedule check
[2025-05-21T16:14:28.710+0000] {local_task_job_runner.py:245} INFO - ::endgroup::
