[2025-05-21T16:32:43.547+0000] {local_task_job_runner.py:123} INFO - ::group::Pre task execution logs
[2025-05-21T16:32:43.578+0000] {taskinstance.py:2631} INFO - Dependencies all met for dep_context=non-requeueable deps ti=<TaskInstance: dag_with_taskflow_api_v03.greet scheduled__2025-05-20T00:00:00+00:00 [queued]>
[2025-05-21T16:32:43.594+0000] {taskinstance.py:2631} INFO - Dependencies all met for dep_context=requeueable deps ti=<TaskInstance: dag_with_taskflow_api_v03.greet scheduled__2025-05-20T00:00:00+00:00 [queued]>
[2025-05-21T16:32:43.595+0000] {taskinstance.py:2884} INFO - Starting attempt 1 of 6
[2025-05-21T16:32:43.610+0000] {taskinstance.py:2907} INFO - Executing <Task(_PythonDecoratedOperator): greet> on 2025-05-20 00:00:00+00:00
[2025-05-21T16:32:43.616+0000] {warnings.py:112} WARNING - /home/***/.local/lib/python3.12/site-packages/***/task/task_runner/standard_task_runner.py:70: DeprecationWarning: This process (pid=12247) is multi-threaded, use of fork() may lead to deadlocks in the child.
  pid = os.fork()

[2025-05-21T16:32:43.617+0000] {standard_task_runner.py:104} INFO - Running: ['***', 'tasks', 'run', 'dag_with_taskflow_api_v03', 'greet', 'scheduled__2025-05-20T00:00:00+00:00', '--job-id', '3922', '--raw', '--subdir', 'DAGS_FOLDER/dar_with_taskflow_api.py', '--cfg-path', '/tmp/tmpq66xpwzf']
[2025-05-21T16:32:43.618+0000] {standard_task_runner.py:72} INFO - Started process 12249 to run task
[2025-05-21T16:32:43.618+0000] {standard_task_runner.py:105} INFO - Job 3922: Subtask greet
[2025-05-21T16:32:43.669+0000] {task_command.py:467} INFO - Running <TaskInstance: dag_with_taskflow_api_v03.greet scheduled__2025-05-20T00:00:00+00:00 [running]> on host 2032228d86df
[2025-05-21T16:32:43.776+0000] {taskinstance.py:3157} INFO - Exporting env vars: AIRFLOW_CTX_DAG_OWNER='coder2j' AIRFLOW_CTX_DAG_ID='dag_with_taskflow_api_v03' AIRFLOW_CTX_TASK_ID='greet' AIRFLOW_CTX_EXECUTION_DATE='2025-05-20T00:00:00+00:00' AIRFLOW_CTX_TRY_NUMBER='1' AIRFLOW_CTX_DAG_RUN_ID='scheduled__2025-05-20T00:00:00+00:00'
[2025-05-21T16:32:43.777+0000] {taskinstance.py:740} INFO - ::endgroup::
[2025-05-21T16:32:43.780+0000] {logging_mixin.py:190} INFO - Hello World! My name is Jerry Fridman and I am 19 years old!
[2025-05-21T16:32:43.781+0000] {python.py:240} INFO - Done. Returned value was: Hello World! My name is Jerry Fridman and I am 19 years old!
[2025-05-21T16:32:43.807+0000] {taskinstance.py:349} INFO - ::group::Post task execution logs
[2025-05-21T16:32:43.808+0000] {taskinstance.py:361} INFO - Marking task as SUCCESS. dag_id=dag_with_taskflow_api_v03, task_id=greet, run_id=scheduled__2025-05-20T00:00:00+00:00, execution_date=20250520T000000, start_date=20250521T163243, end_date=20250521T163243
[2025-05-21T16:32:43.873+0000] {local_task_job_runner.py:266} INFO - Task exited with return code 0
[2025-05-21T16:32:43.890+0000] {taskinstance.py:3924} INFO - 0 downstream tasks scheduled from follow-on schedule check
[2025-05-21T16:32:43.892+0000] {local_task_job_runner.py:245} INFO - ::endgroup::
