[2025-05-21T16:19:35.801+0000] {local_task_job_runner.py:123} INFO - ::group::Pre task execution logs
[2025-05-21T16:19:35.848+0000] {taskinstance.py:2631} INFO - Dependencies all met for dep_context=non-requeueable deps ti=<TaskInstance: dag_with_taskflow_api_v02.greet scheduled__2024-12-19T00:00:00+00:00 [queued]>
[2025-05-21T16:19:35.884+0000] {taskinstance.py:2631} INFO - Dependencies all met for dep_context=requeueable deps ti=<TaskInstance: dag_with_taskflow_api_v02.greet scheduled__2024-12-19T00:00:00+00:00 [queued]>
[2025-05-21T16:19:35.885+0000] {taskinstance.py:2884} INFO - Starting attempt 1 of 6
[2025-05-21T16:19:35.916+0000] {taskinstance.py:2907} INFO - Executing <Task(_PythonDecoratedOperator): greet> on 2024-12-19 00:00:00+00:00
[2025-05-21T16:19:35.925+0000] {warnings.py:112} WARNING - /home/***/.local/lib/python3.12/site-packages/***/task/task_runner/standard_task_runner.py:70: DeprecationWarning: This process (pid=10705) is multi-threaded, use of fork() may lead to deadlocks in the child.
  pid = os.fork()

[2025-05-21T16:19:35.927+0000] {standard_task_runner.py:72} INFO - Started process 10712 to run task
[2025-05-21T16:19:35.927+0000] {standard_task_runner.py:104} INFO - Running: ['***', 'tasks', 'run', 'dag_with_taskflow_api_v02', 'greet', 'scheduled__2024-12-19T00:00:00+00:00', '--job-id', '3461', '--raw', '--subdir', 'DAGS_FOLDER/dar_with_taskflow_api.py', '--cfg-path', '/tmp/tmp7aoz0_im']
[2025-05-21T16:19:35.928+0000] {standard_task_runner.py:105} INFO - Job 3461: Subtask greet
[2025-05-21T16:19:35.988+0000] {task_command.py:467} INFO - Running <TaskInstance: dag_with_taskflow_api_v02.greet scheduled__2024-12-19T00:00:00+00:00 [running]> on host 2032228d86df
[2025-05-21T16:19:36.227+0000] {taskinstance.py:3157} INFO - Exporting env vars: AIRFLOW_CTX_DAG_OWNER='coder2j' AIRFLOW_CTX_DAG_ID='dag_with_taskflow_api_v02' AIRFLOW_CTX_TASK_ID='greet' AIRFLOW_CTX_EXECUTION_DATE='2024-12-19T00:00:00+00:00' AIRFLOW_CTX_TRY_NUMBER='1' AIRFLOW_CTX_DAG_RUN_ID='scheduled__2024-12-19T00:00:00+00:00'
[2025-05-21T16:19:36.233+0000] {taskinstance.py:740} INFO - ::endgroup::
[2025-05-21T16:19:36.236+0000] {logging_mixin.py:190} INFO - Hello World! My name is Jerry Fridman and I am 19 years old!
[2025-05-21T16:19:36.237+0000] {python.py:240} INFO - Done. Returned value was: None
[2025-05-21T16:19:36.268+0000] {taskinstance.py:349} INFO - ::group::Post task execution logs
[2025-05-21T16:19:36.269+0000] {taskinstance.py:361} INFO - Marking task as SUCCESS. dag_id=dag_with_taskflow_api_v02, task_id=greet, run_id=scheduled__2024-12-19T00:00:00+00:00, execution_date=20241219T000000, start_date=20250521T161935, end_date=20250521T161936
[2025-05-21T16:19:36.360+0000] {local_task_job_runner.py:266} INFO - Task exited with return code 0
[2025-05-21T16:19:36.382+0000] {taskinstance.py:3924} INFO - 0 downstream tasks scheduled from follow-on schedule check
[2025-05-21T16:19:36.392+0000] {local_task_job_runner.py:245} INFO - ::endgroup::
