[2025-05-20T16:08:21.397+0000] {local_task_job_runner.py:123} INFO - ::group::Pre task execution logs
[2025-05-20T16:08:21.434+0000] {taskinstance.py:2631} INFO - Dependencies all met for dep_context=non-requeueable deps ti=<TaskInstance: conditional_dataset_and_time_based_timetable.conditional_dataset_and_time_based_timetable scheduled__2025-05-14T01:00:00+00:00 [queued]>
[2025-05-20T16:08:21.448+0000] {taskinstance.py:2631} INFO - Dependencies all met for dep_context=requeueable deps ti=<TaskInstance: conditional_dataset_and_time_based_timetable.conditional_dataset_and_time_based_timetable scheduled__2025-05-14T01:00:00+00:00 [queued]>
[2025-05-20T16:08:21.450+0000] {taskinstance.py:2884} INFO - Starting attempt 1 of 1
[2025-05-20T16:08:21.493+0000] {taskinstance.py:2907} INFO - Executing <Task(BashOperator): conditional_dataset_and_time_based_timetable> on 2025-05-14 01:00:00+00:00
[2025-05-20T16:08:21.510+0000] {warnings.py:112} WARNING - /home/***/.local/lib/python3.12/site-packages/***/task/task_runner/standard_task_runner.py:70: DeprecationWarning: This process (pid=314) is multi-threaded, use of fork() may lead to deadlocks in the child.
  pid = os.fork()

[2025-05-20T16:08:21.512+0000] {standard_task_runner.py:104} INFO - Running: ['***', 'tasks', 'run', 'conditional_dataset_and_time_based_timetable', 'conditional_dataset_and_time_based_timetable', 'scheduled__2025-05-14T01:00:00+00:00', '--job-id', '3', '--raw', '--subdir', '/home/***/.local/lib/python3.12/site-packages/***/example_dags/example_datasets.py', '--cfg-path', '/tmp/tmpd4tsi54a']
[2025-05-20T16:08:21.513+0000] {standard_task_runner.py:72} INFO - Started process 316 to run task
[2025-05-20T16:08:21.513+0000] {standard_task_runner.py:105} INFO - Job 3: Subtask conditional_dataset_and_time_based_timetable
[2025-05-20T16:08:21.630+0000] {task_command.py:467} INFO - Running <TaskInstance: conditional_dataset_and_time_based_timetable.conditional_dataset_and_time_based_timetable scheduled__2025-05-14T01:00:00+00:00 [running]> on host 15c48e4c202e
[2025-05-20T16:08:22.518+0000] {taskinstance.py:3157} INFO - Exporting env vars: AIRFLOW_CTX_DAG_OWNER='***' AIRFLOW_CTX_DAG_ID='conditional_dataset_and_time_based_timetable' AIRFLOW_CTX_TASK_ID='conditional_dataset_and_time_based_timetable' AIRFLOW_CTX_EXECUTION_DATE='2025-05-14T01:00:00+00:00' AIRFLOW_CTX_TRY_NUMBER='1' AIRFLOW_CTX_DAG_RUN_ID='scheduled__2025-05-14T01:00:00+00:00'
[2025-05-20T16:08:22.519+0000] {logging_mixin.py:190} INFO - Task instance is in running state
[2025-05-20T16:08:22.520+0000] {logging_mixin.py:190} INFO -  Previous state of the Task instance: queued
[2025-05-20T16:08:22.520+0000] {logging_mixin.py:190} INFO - Current task name:conditional_dataset_and_time_based_timetable state:running start_date:2025-05-20 16:08:21.435014+00:00
[2025-05-20T16:08:22.521+0000] {logging_mixin.py:190} INFO - Dag name:conditional_dataset_and_time_based_timetable and current dag run status:running
[2025-05-20T16:08:22.521+0000] {taskinstance.py:740} INFO - ::endgroup::
[2025-05-20T16:08:22.523+0000] {subprocess.py:78} INFO - Tmp dir root location: /tmp
[2025-05-20T16:08:22.524+0000] {subprocess.py:88} INFO - Running command: ['/usr/bin/bash', '-c', 'sleep 5']
[2025-05-20T16:08:22.549+0000] {subprocess.py:99} INFO - Output:
[2025-05-20T16:08:27.611+0000] {subprocess.py:110} INFO - Command exited with return code 0
[2025-05-20T16:08:27.759+0000] {taskinstance.py:349} INFO - ::group::Post task execution logs
[2025-05-20T16:08:27.770+0000] {taskinstance.py:361} INFO - Marking task as SUCCESS. dag_id=conditional_dataset_and_time_based_timetable, task_id=conditional_dataset_and_time_based_timetable, run_id=scheduled__2025-05-14T01:00:00+00:00, execution_date=20250514T010000, start_date=20250520T160821, end_date=20250520T160827
[2025-05-20T16:08:27.843+0000] {logging_mixin.py:190} INFO - Task instance in success state
[2025-05-20T16:08:27.847+0000] {logging_mixin.py:190} INFO -  Previous state of the Task instance: running
[2025-05-20T16:08:27.848+0000] {logging_mixin.py:190} INFO - Dag name:conditional_dataset_and_time_based_timetable queued_at:2025-05-20 16:08:04.669447+00:00
[2025-05-20T16:08:27.850+0000] {logging_mixin.py:190} INFO - Task hostname:15c48e4c202e operator:BashOperator
[2025-05-20T16:08:27.883+0000] {local_task_job_runner.py:266} INFO - Task exited with return code 0
[2025-05-20T16:08:27.925+0000] {taskinstance.py:3924} INFO - 0 downstream tasks scheduled from follow-on schedule check
[2025-05-20T16:08:27.928+0000] {local_task_job_runner.py:245} INFO - ::endgroup::
