[2025-05-21T16:43:10.688+0000] {local_task_job_runner.py:123} INFO - ::group::Pre task execution logs
[2025-05-21T16:43:10.760+0000] {taskinstance.py:2631} INFO - Dependencies all met for dep_context=non-requeueable deps ti=<TaskInstance: dag_with_xcoms_v04.greet manual__2025-05-21T16:43:08.101258+00:00 [queued]>
[2025-05-21T16:43:10.777+0000] {taskinstance.py:2631} INFO - Dependencies all met for dep_context=requeueable deps ti=<TaskInstance: dag_with_xcoms_v04.greet manual__2025-05-21T16:43:08.101258+00:00 [queued]>
[2025-05-21T16:43:10.799+0000] {taskinstance.py:2884} INFO - Starting attempt 1 of 6
[2025-05-21T16:43:10.831+0000] {taskinstance.py:2907} INFO - Executing <Task(_PythonDecoratedOperator): greet> on 2025-05-21 16:43:08.101258+00:00
[2025-05-21T16:43:10.841+0000] {warnings.py:112} WARNING - /home/***/.local/lib/python3.12/site-packages/***/task/task_runner/standard_task_runner.py:70: DeprecationWarning: This process (pid=12398) is multi-threaded, use of fork() may lead to deadlocks in the child.
  pid = os.fork()

[2025-05-21T16:43:10.850+0000] {standard_task_runner.py:72} INFO - Started process 12410 to run task
[2025-05-21T16:43:10.864+0000] {standard_task_runner.py:104} INFO - Running: ['***', 'tasks', 'run', 'dag_with_xcoms_v04', 'greet', 'manual__2025-05-21T16:43:08.101258+00:00', '--job-id', '3931', '--raw', '--subdir', 'DAGS_FOLDER/dar_with_taskflow_api.py', '--cfg-path', '/tmp/tmpbv_h1que']
[2025-05-21T16:43:10.865+0000] {standard_task_runner.py:105} INFO - Job 3931: Subtask greet
[2025-05-21T16:43:10.948+0000] {task_command.py:467} INFO - Running <TaskInstance: dag_with_xcoms_v04.greet manual__2025-05-21T16:43:08.101258+00:00 [running]> on host 2032228d86df
[2025-05-21T16:43:11.221+0000] {taskinstance.py:3157} INFO - Exporting env vars: AIRFLOW_CTX_DAG_OWNER='ss' AIRFLOW_CTX_DAG_ID='dag_with_xcoms_v04' AIRFLOW_CTX_TASK_ID='greet' AIRFLOW_CTX_EXECUTION_DATE='2025-05-21T16:43:08.101258+00:00' AIRFLOW_CTX_TRY_NUMBER='1' AIRFLOW_CTX_DAG_RUN_ID='manual__2025-05-21T16:43:08.101258+00:00'
[2025-05-21T16:43:11.223+0000] {taskinstance.py:740} INFO - ::endgroup::
[2025-05-21T16:43:11.277+0000] {logging_mixin.py:190} INFO - Hello World! My name is Jerry Fridman and I am 19 years old!
[2025-05-21T16:43:11.280+0000] {python.py:240} INFO - Done. Returned value was: Hello World! My name is Jerry Fridman and I am 19 years old!
[2025-05-21T16:43:11.331+0000] {taskinstance.py:349} INFO - ::group::Post task execution logs
[2025-05-21T16:43:11.332+0000] {taskinstance.py:361} INFO - Marking task as SUCCESS. dag_id=dag_with_xcoms_v04, task_id=greet, run_id=manual__2025-05-21T16:43:08.101258+00:00, execution_date=20250521T164308, start_date=20250521T164310, end_date=20250521T164311
[2025-05-21T16:43:11.434+0000] {local_task_job_runner.py:266} INFO - Task exited with return code 0
[2025-05-21T16:43:11.461+0000] {taskinstance.py:3924} INFO - 0 downstream tasks scheduled from follow-on schedule check
[2025-05-21T16:43:11.464+0000] {local_task_job_runner.py:245} INFO - ::endgroup::
