[2025-05-20T16:10:02.271+0000] {local_task_job_runner.py:123} INFO - ::group::Pre task execution logs
[2025-05-20T16:10:02.311+0000] {taskinstance.py:2631} INFO - Dependencies all met for dep_context=non-requeueable deps ti=<TaskInstance: example_bash_operator.this_will_skip scheduled__2025-05-19T00:00:00+00:00 [queued]>
[2025-05-20T16:10:02.327+0000] {taskinstance.py:2631} INFO - Dependencies all met for dep_context=requeueable deps ti=<TaskInstance: example_bash_operator.this_will_skip scheduled__2025-05-19T00:00:00+00:00 [queued]>
[2025-05-20T16:10:02.328+0000] {taskinstance.py:2884} INFO - Starting attempt 1 of 1
[2025-05-20T16:10:02.358+0000] {taskinstance.py:2907} INFO - Executing <Task(BashOperator): this_will_skip> on 2025-05-19 00:00:00+00:00
[2025-05-20T16:10:02.385+0000] {warnings.py:112} WARNING - /home/***/.local/lib/python3.12/site-packages/***/task/task_runner/standard_task_runner.py:70: DeprecationWarning: This process (pid=343) is multi-threaded, use of fork() may lead to deadlocks in the child.
  pid = os.fork()

[2025-05-20T16:10:02.389+0000] {standard_task_runner.py:72} INFO - Started process 357 to run task
[2025-05-20T16:10:02.394+0000] {standard_task_runner.py:104} INFO - Running: ['***', 'tasks', 'run', 'example_bash_operator', 'this_will_skip', 'scheduled__2025-05-19T00:00:00+00:00', '--job-id', '7', '--raw', '--subdir', '/home/***/.local/lib/python3.12/site-packages/***/example_dags/example_bash_operator.py', '--cfg-path', '/tmp/tmp7ewyin00']
[2025-05-20T16:10:02.396+0000] {standard_task_runner.py:105} INFO - Job 7: Subtask this_will_skip
[2025-05-20T16:10:02.681+0000] {task_command.py:467} INFO - Running <TaskInstance: example_bash_operator.this_will_skip scheduled__2025-05-19T00:00:00+00:00 [running]> on host 15c48e4c202e
[2025-05-20T16:10:04.217+0000] {taskinstance.py:3157} INFO - Exporting env vars: AIRFLOW_CTX_DAG_OWNER='***' AIRFLOW_CTX_DAG_ID='example_bash_operator' AIRFLOW_CTX_TASK_ID='this_will_skip' AIRFLOW_CTX_EXECUTION_DATE='2025-05-19T00:00:00+00:00' AIRFLOW_CTX_TRY_NUMBER='1' AIRFLOW_CTX_DAG_RUN_ID='scheduled__2025-05-19T00:00:00+00:00'
[2025-05-20T16:10:04.220+0000] {logging_mixin.py:190} INFO - Task instance is in running state
[2025-05-20T16:10:04.221+0000] {logging_mixin.py:190} INFO -  Previous state of the Task instance: queued
[2025-05-20T16:10:04.222+0000] {logging_mixin.py:190} INFO - Current task name:this_will_skip state:running start_date:2025-05-20 16:10:02.312750+00:00
[2025-05-20T16:10:04.223+0000] {logging_mixin.py:190} INFO - Dag name:example_bash_operator and current dag run status:running
[2025-05-20T16:10:04.224+0000] {taskinstance.py:740} INFO - ::endgroup::
[2025-05-20T16:10:04.225+0000] {subprocess.py:78} INFO - Tmp dir root location: /tmp
[2025-05-20T16:10:04.228+0000] {subprocess.py:88} INFO - Running command: ['/usr/bin/bash', '-c', 'echo "hello world"; exit 99;']
[2025-05-20T16:10:04.252+0000] {subprocess.py:99} INFO - Output:
[2025-05-20T16:10:04.262+0000] {subprocess.py:106} INFO - hello world
[2025-05-20T16:10:04.264+0000] {subprocess.py:110} INFO - Command exited with return code 99
[2025-05-20T16:10:04.267+0000] {taskinstance.py:310} INFO - Bash command returned exit code 99. Skipping.
[2025-05-20T16:10:04.311+0000] {taskinstance.py:349} INFO - ::group::Post task execution logs
[2025-05-20T16:10:04.313+0000] {taskinstance.py:361} INFO - Marking task as SKIPPED. dag_id=example_bash_operator, task_id=this_will_skip, run_id=scheduled__2025-05-19T00:00:00+00:00, execution_date=20250519T000000, start_date=20250520T161002, end_date=20250520T161004
[2025-05-20T16:10:04.406+0000] {local_task_job_runner.py:266} INFO - Task exited with return code 0
[2025-05-20T16:10:04.440+0000] {taskinstance.py:3924} INFO - 0 downstream tasks scheduled from follow-on schedule check
[2025-05-20T16:10:04.445+0000] {local_task_job_runner.py:245} INFO - ::endgroup::
