[2025-05-21T15:55:51.444+0000] {processor.py:186} INFO - Started process (PID=51) to work on /opt/airflow/dags/dag_with_py_op.py
[2025-05-21T15:55:51.446+0000] {processor.py:914} INFO - Processing file /opt/airflow/dags/dag_with_py_op.py for tasks to queue
[2025-05-21T15:55:51.450+0000] {logging_mixin.py:190} INFO - [2025-05-21T15:55:51.450+0000] {dagbag.py:588} INFO - Filling up the DagBag from /opt/airflow/dags/dag_with_py_op.py
[2025-05-21T15:55:51.514+0000] {processor.py:925} INFO - DAG(s) 'py_v6' retrieved from /opt/airflow/dags/dag_with_py_op.py
[2025-05-21T15:55:51.560+0000] {logging_mixin.py:190} INFO - [2025-05-21T15:55:51.559+0000] {dag.py:3239} INFO - Sync 1 DAGs
[2025-05-21T15:55:51.600+0000] {logging_mixin.py:190} INFO - [2025-05-21T15:55:51.600+0000] {dag.py:4180} INFO - Setting next_dagrun for py_v6 to 2025-05-22 00:00:00+00:00, run_after=2025-05-23 00:00:00+00:00
[2025-05-21T15:55:51.629+0000] {processor.py:208} INFO - Processing /opt/airflow/dags/dag_with_py_op.py took 0.191 seconds
[2025-05-21T15:56:22.640+0000] {processor.py:186} INFO - Started process (PID=66) to work on /opt/airflow/dags/dag_with_py_op.py
[2025-05-21T15:56:22.642+0000] {processor.py:914} INFO - Processing file /opt/airflow/dags/dag_with_py_op.py for tasks to queue
[2025-05-21T15:56:22.645+0000] {logging_mixin.py:190} INFO - [2025-05-21T15:56:22.645+0000] {dagbag.py:588} INFO - Filling up the DagBag from /opt/airflow/dags/dag_with_py_op.py
[2025-05-21T15:56:22.677+0000] {processor.py:925} INFO - DAG(s) 'py_v6' retrieved from /opt/airflow/dags/dag_with_py_op.py
[2025-05-21T15:56:22.725+0000] {logging_mixin.py:190} INFO - [2025-05-21T15:56:22.724+0000] {dag.py:3239} INFO - Sync 1 DAGs
[2025-05-21T15:56:22.759+0000] {logging_mixin.py:190} INFO - [2025-05-21T15:56:22.759+0000] {dag.py:4180} INFO - Setting next_dagrun for py_v6 to 2025-05-22 00:00:00+00:00, run_after=2025-05-23 00:00:00+00:00
[2025-05-21T15:56:22.825+0000] {processor.py:208} INFO - Processing /opt/airflow/dags/dag_with_py_op.py took 0.193 seconds
[2025-05-21T15:56:53.442+0000] {processor.py:186} INFO - Started process (PID=76) to work on /opt/airflow/dags/dag_with_py_op.py
[2025-05-21T15:56:53.444+0000] {processor.py:914} INFO - Processing file /opt/airflow/dags/dag_with_py_op.py for tasks to queue
[2025-05-21T15:56:53.449+0000] {logging_mixin.py:190} INFO - [2025-05-21T15:56:53.448+0000] {dagbag.py:588} INFO - Filling up the DagBag from /opt/airflow/dags/dag_with_py_op.py
[2025-05-21T15:56:53.486+0000] {processor.py:925} INFO - DAG(s) 'py_v6' retrieved from /opt/airflow/dags/dag_with_py_op.py
[2025-05-21T15:56:53.527+0000] {logging_mixin.py:190} INFO - [2025-05-21T15:56:53.526+0000] {dag.py:3239} INFO - Sync 1 DAGs
[2025-05-21T15:56:53.562+0000] {logging_mixin.py:190} INFO - [2025-05-21T15:56:53.562+0000] {dag.py:4180} INFO - Setting next_dagrun for py_v6 to 2025-05-22 00:00:00+00:00, run_after=2025-05-23 00:00:00+00:00
[2025-05-21T15:56:53.627+0000] {processor.py:208} INFO - Processing /opt/airflow/dags/dag_with_py_op.py took 0.196 seconds
[2025-05-21T15:57:24.157+0000] {processor.py:186} INFO - Started process (PID=85) to work on /opt/airflow/dags/dag_with_py_op.py
[2025-05-21T15:57:24.158+0000] {processor.py:914} INFO - Processing file /opt/airflow/dags/dag_with_py_op.py for tasks to queue
[2025-05-21T15:57:24.161+0000] {logging_mixin.py:190} INFO - [2025-05-21T15:57:24.160+0000] {dagbag.py:588} INFO - Filling up the DagBag from /opt/airflow/dags/dag_with_py_op.py
[2025-05-21T15:57:24.194+0000] {processor.py:925} INFO - DAG(s) 'py_v6' retrieved from /opt/airflow/dags/dag_with_py_op.py
[2025-05-21T15:57:24.231+0000] {logging_mixin.py:190} INFO - [2025-05-21T15:57:24.230+0000] {dag.py:3239} INFO - Sync 1 DAGs
[2025-05-21T15:57:24.262+0000] {logging_mixin.py:190} INFO - [2025-05-21T15:57:24.261+0000] {dag.py:4180} INFO - Setting next_dagrun for py_v6 to 2025-05-22 00:00:00+00:00, run_after=2025-05-23 00:00:00+00:00
[2025-05-21T15:57:24.320+0000] {processor.py:208} INFO - Processing /opt/airflow/dags/dag_with_py_op.py took 0.170 seconds
[2025-05-21T15:57:54.854+0000] {processor.py:186} INFO - Started process (PID=94) to work on /opt/airflow/dags/dag_with_py_op.py
[2025-05-21T15:57:54.856+0000] {processor.py:914} INFO - Processing file /opt/airflow/dags/dag_with_py_op.py for tasks to queue
[2025-05-21T15:57:54.862+0000] {logging_mixin.py:190} INFO - [2025-05-21T15:57:54.861+0000] {dagbag.py:588} INFO - Filling up the DagBag from /opt/airflow/dags/dag_with_py_op.py
[2025-05-21T15:57:54.908+0000] {processor.py:925} INFO - DAG(s) 'py_v6' retrieved from /opt/airflow/dags/dag_with_py_op.py
[2025-05-21T15:57:54.950+0000] {logging_mixin.py:190} INFO - [2025-05-21T15:57:54.950+0000] {dag.py:3239} INFO - Sync 1 DAGs
[2025-05-21T15:57:54.986+0000] {logging_mixin.py:190} INFO - [2025-05-21T15:57:54.985+0000] {dag.py:4180} INFO - Setting next_dagrun for py_v6 to 2025-05-22 00:00:00+00:00, run_after=2025-05-23 00:00:00+00:00
[2025-05-21T15:57:55.059+0000] {processor.py:208} INFO - Processing /opt/airflow/dags/dag_with_py_op.py took 0.214 seconds
[2025-05-21T15:58:25.911+0000] {processor.py:186} INFO - Started process (PID=103) to work on /opt/airflow/dags/dag_with_py_op.py
[2025-05-21T15:58:25.913+0000] {processor.py:914} INFO - Processing file /opt/airflow/dags/dag_with_py_op.py for tasks to queue
[2025-05-21T15:58:25.917+0000] {logging_mixin.py:190} INFO - [2025-05-21T15:58:25.916+0000] {dagbag.py:588} INFO - Filling up the DagBag from /opt/airflow/dags/dag_with_py_op.py
[2025-05-21T15:58:25.952+0000] {processor.py:925} INFO - DAG(s) 'py_v6' retrieved from /opt/airflow/dags/dag_with_py_op.py
[2025-05-21T15:58:25.991+0000] {logging_mixin.py:190} INFO - [2025-05-21T15:58:25.991+0000] {dag.py:3239} INFO - Sync 1 DAGs
[2025-05-21T15:58:26.052+0000] {logging_mixin.py:190} INFO - [2025-05-21T15:58:26.051+0000] {dag.py:4180} INFO - Setting next_dagrun for py_v6 to 2025-05-22 00:00:00+00:00, run_after=2025-05-23 00:00:00+00:00
[2025-05-21T15:58:26.122+0000] {processor.py:208} INFO - Processing /opt/airflow/dags/dag_with_py_op.py took 0.217 seconds
[2025-05-21T15:58:56.718+0000] {processor.py:186} INFO - Started process (PID=111) to work on /opt/airflow/dags/dag_with_py_op.py
[2025-05-21T15:58:56.719+0000] {processor.py:914} INFO - Processing file /opt/airflow/dags/dag_with_py_op.py for tasks to queue
[2025-05-21T15:58:56.724+0000] {logging_mixin.py:190} INFO - [2025-05-21T15:58:56.723+0000] {dagbag.py:588} INFO - Filling up the DagBag from /opt/airflow/dags/dag_with_py_op.py
[2025-05-21T15:58:56.755+0000] {processor.py:925} INFO - DAG(s) 'py_v6' retrieved from /opt/airflow/dags/dag_with_py_op.py
[2025-05-21T15:58:56.800+0000] {logging_mixin.py:190} INFO - [2025-05-21T15:58:56.799+0000] {dag.py:3239} INFO - Sync 1 DAGs
[2025-05-21T15:58:56.839+0000] {logging_mixin.py:190} INFO - [2025-05-21T15:58:56.839+0000] {dag.py:4180} INFO - Setting next_dagrun for py_v6 to 2025-05-22 00:00:00+00:00, run_after=2025-05-23 00:00:00+00:00
[2025-05-21T15:58:56.910+0000] {processor.py:208} INFO - Processing /opt/airflow/dags/dag_with_py_op.py took 0.201 seconds
[2025-05-21T15:59:27.425+0000] {processor.py:186} INFO - Started process (PID=120) to work on /opt/airflow/dags/dag_with_py_op.py
[2025-05-21T15:59:27.427+0000] {processor.py:914} INFO - Processing file /opt/airflow/dags/dag_with_py_op.py for tasks to queue
[2025-05-21T15:59:27.431+0000] {logging_mixin.py:190} INFO - [2025-05-21T15:59:27.430+0000] {dagbag.py:588} INFO - Filling up the DagBag from /opt/airflow/dags/dag_with_py_op.py
[2025-05-21T15:59:27.462+0000] {processor.py:925} INFO - DAG(s) 'py_v6' retrieved from /opt/airflow/dags/dag_with_py_op.py
[2025-05-21T15:59:27.515+0000] {logging_mixin.py:190} INFO - [2025-05-21T15:59:27.515+0000] {dag.py:3239} INFO - Sync 1 DAGs
[2025-05-21T15:59:27.556+0000] {logging_mixin.py:190} INFO - [2025-05-21T15:59:27.556+0000] {dag.py:4180} INFO - Setting next_dagrun for py_v6 to 2025-05-22 00:00:00+00:00, run_after=2025-05-23 00:00:00+00:00
[2025-05-21T15:59:27.608+0000] {processor.py:208} INFO - Processing /opt/airflow/dags/dag_with_py_op.py took 0.192 seconds
[2025-05-21T15:59:58.167+0000] {processor.py:186} INFO - Started process (PID=129) to work on /opt/airflow/dags/dag_with_py_op.py
[2025-05-21T15:59:58.170+0000] {processor.py:914} INFO - Processing file /opt/airflow/dags/dag_with_py_op.py for tasks to queue
[2025-05-21T15:59:58.174+0000] {logging_mixin.py:190} INFO - [2025-05-21T15:59:58.173+0000] {dagbag.py:588} INFO - Filling up the DagBag from /opt/airflow/dags/dag_with_py_op.py
[2025-05-21T15:59:58.204+0000] {processor.py:925} INFO - DAG(s) 'py_v6' retrieved from /opt/airflow/dags/dag_with_py_op.py
[2025-05-21T15:59:58.245+0000] {logging_mixin.py:190} INFO - [2025-05-21T15:59:58.244+0000] {dag.py:3239} INFO - Sync 1 DAGs
[2025-05-21T15:59:58.284+0000] {logging_mixin.py:190} INFO - [2025-05-21T15:59:58.284+0000] {dag.py:4180} INFO - Setting next_dagrun for py_v6 to 2025-05-22 00:00:00+00:00, run_after=2025-05-23 00:00:00+00:00
[2025-05-21T15:59:58.317+0000] {processor.py:208} INFO - Processing /opt/airflow/dags/dag_with_py_op.py took 0.164 seconds
[2025-05-21T16:00:28.823+0000] {processor.py:186} INFO - Started process (PID=138) to work on /opt/airflow/dags/dag_with_py_op.py
[2025-05-21T16:00:28.824+0000] {processor.py:914} INFO - Processing file /opt/airflow/dags/dag_with_py_op.py for tasks to queue
[2025-05-21T16:00:28.828+0000] {logging_mixin.py:190} INFO - [2025-05-21T16:00:28.827+0000] {dagbag.py:588} INFO - Filling up the DagBag from /opt/airflow/dags/dag_with_py_op.py
[2025-05-21T16:00:28.862+0000] {processor.py:925} INFO - DAG(s) 'py_v6' retrieved from /opt/airflow/dags/dag_with_py_op.py
[2025-05-21T16:00:28.896+0000] {logging_mixin.py:190} INFO - [2025-05-21T16:00:28.895+0000] {dag.py:3239} INFO - Sync 1 DAGs
[2025-05-21T16:00:28.929+0000] {logging_mixin.py:190} INFO - [2025-05-21T16:00:28.929+0000] {dag.py:4180} INFO - Setting next_dagrun for py_v6 to 2025-05-22 00:00:00+00:00, run_after=2025-05-23 00:00:00+00:00
[2025-05-21T16:00:28.959+0000] {processor.py:208} INFO - Processing /opt/airflow/dags/dag_with_py_op.py took 0.143 seconds
[2025-05-21T16:00:59.204+0000] {processor.py:186} INFO - Started process (PID=214) to work on /opt/airflow/dags/dag_with_py_op.py
[2025-05-21T16:00:59.206+0000] {processor.py:914} INFO - Processing file /opt/airflow/dags/dag_with_py_op.py for tasks to queue
[2025-05-21T16:00:59.208+0000] {logging_mixin.py:190} INFO - [2025-05-21T16:00:59.207+0000] {dagbag.py:588} INFO - Filling up the DagBag from /opt/airflow/dags/dag_with_py_op.py
[2025-05-21T16:00:59.227+0000] {processor.py:925} INFO - DAG(s) 'py_v6' retrieved from /opt/airflow/dags/dag_with_py_op.py
[2025-05-21T16:00:59.257+0000] {logging_mixin.py:190} INFO - [2025-05-21T16:00:59.256+0000] {dag.py:3239} INFO - Sync 1 DAGs
[2025-05-21T16:00:59.287+0000] {logging_mixin.py:190} INFO - [2025-05-21T16:00:59.287+0000] {dag.py:4180} INFO - Setting next_dagrun for py_v6 to 2025-05-22 00:00:00+00:00, run_after=2025-05-23 00:00:00+00:00
[2025-05-21T16:00:59.311+0000] {processor.py:208} INFO - Processing /opt/airflow/dags/dag_with_py_op.py took 0.112 seconds
[2025-05-21T16:01:29.972+0000] {processor.py:186} INFO - Started process (PID=399) to work on /opt/airflow/dags/dag_with_py_op.py
[2025-05-21T16:01:29.974+0000] {processor.py:914} INFO - Processing file /opt/airflow/dags/dag_with_py_op.py for tasks to queue
[2025-05-21T16:01:29.987+0000] {logging_mixin.py:190} INFO - [2025-05-21T16:01:29.986+0000] {dagbag.py:588} INFO - Filling up the DagBag from /opt/airflow/dags/dag_with_py_op.py
[2025-05-21T16:01:30.222+0000] {processor.py:925} INFO - DAG(s) 'py_v6' retrieved from /opt/airflow/dags/dag_with_py_op.py
[2025-05-21T16:01:30.280+0000] {logging_mixin.py:190} INFO - [2025-05-21T16:01:30.279+0000] {dag.py:3239} INFO - Sync 1 DAGs
[2025-05-21T16:01:30.346+0000] {logging_mixin.py:190} INFO - [2025-05-21T16:01:30.345+0000] {dag.py:4180} INFO - Setting next_dagrun for py_v6 to 2025-05-22 00:00:00+00:00, run_after=2025-05-23 00:00:00+00:00
[2025-05-21T16:01:30.439+0000] {processor.py:208} INFO - Processing /opt/airflow/dags/dag_with_py_op.py took 0.481 seconds
[2025-05-21T16:02:01.192+0000] {processor.py:186} INFO - Started process (PID=576) to work on /opt/airflow/dags/dag_with_py_op.py
[2025-05-21T16:02:01.203+0000] {processor.py:914} INFO - Processing file /opt/airflow/dags/dag_with_py_op.py for tasks to queue
[2025-05-21T16:02:01.225+0000] {logging_mixin.py:190} INFO - [2025-05-21T16:02:01.224+0000] {dagbag.py:588} INFO - Filling up the DagBag from /opt/airflow/dags/dag_with_py_op.py
[2025-05-21T16:02:01.266+0000] {processor.py:925} INFO - DAG(s) 'py_v6' retrieved from /opt/airflow/dags/dag_with_py_op.py
[2025-05-21T16:02:01.325+0000] {logging_mixin.py:190} INFO - [2025-05-21T16:02:01.324+0000] {dag.py:3239} INFO - Sync 1 DAGs
[2025-05-21T16:02:01.387+0000] {logging_mixin.py:190} INFO - [2025-05-21T16:02:01.387+0000] {dag.py:4180} INFO - Setting next_dagrun for py_v6 to 2025-05-22 00:00:00+00:00, run_after=2025-05-23 00:00:00+00:00
[2025-05-21T16:02:01.445+0000] {processor.py:208} INFO - Processing /opt/airflow/dags/dag_with_py_op.py took 0.281 seconds
[2025-05-21T16:02:31.577+0000] {processor.py:186} INFO - Started process (PID=756) to work on /opt/airflow/dags/dag_with_py_op.py
[2025-05-21T16:02:31.579+0000] {processor.py:914} INFO - Processing file /opt/airflow/dags/dag_with_py_op.py for tasks to queue
[2025-05-21T16:02:31.586+0000] {logging_mixin.py:190} INFO - [2025-05-21T16:02:31.586+0000] {dagbag.py:588} INFO - Filling up the DagBag from /opt/airflow/dags/dag_with_py_op.py
[2025-05-21T16:02:31.665+0000] {processor.py:925} INFO - DAG(s) 'py_v6' retrieved from /opt/airflow/dags/dag_with_py_op.py
[2025-05-21T16:02:31.742+0000] {logging_mixin.py:190} INFO - [2025-05-21T16:02:31.742+0000] {dag.py:3239} INFO - Sync 1 DAGs
[2025-05-21T16:02:31.815+0000] {logging_mixin.py:190} INFO - [2025-05-21T16:02:31.814+0000] {dag.py:4180} INFO - Setting next_dagrun for py_v6 to 2025-05-22 00:00:00+00:00, run_after=2025-05-23 00:00:00+00:00
[2025-05-21T16:02:31.888+0000] {processor.py:208} INFO - Processing /opt/airflow/dags/dag_with_py_op.py took 0.329 seconds
[2025-05-21T16:03:02.304+0000] {processor.py:186} INFO - Started process (PID=938) to work on /opt/airflow/dags/dag_with_py_op.py
[2025-05-21T16:03:02.314+0000] {processor.py:914} INFO - Processing file /opt/airflow/dags/dag_with_py_op.py for tasks to queue
[2025-05-21T16:03:02.317+0000] {logging_mixin.py:190} INFO - [2025-05-21T16:03:02.316+0000] {dagbag.py:588} INFO - Filling up the DagBag from /opt/airflow/dags/dag_with_py_op.py
[2025-05-21T16:03:02.361+0000] {processor.py:925} INFO - DAG(s) 'py_v6' retrieved from /opt/airflow/dags/dag_with_py_op.py
[2025-05-21T16:03:02.438+0000] {logging_mixin.py:190} INFO - [2025-05-21T16:03:02.437+0000] {dag.py:3239} INFO - Sync 1 DAGs
[2025-05-21T16:03:02.531+0000] {logging_mixin.py:190} INFO - [2025-05-21T16:03:02.531+0000] {dag.py:4180} INFO - Setting next_dagrun for py_v6 to 2025-05-22 00:00:00+00:00, run_after=2025-05-23 00:00:00+00:00
[2025-05-21T16:03:02.605+0000] {processor.py:208} INFO - Processing /opt/airflow/dags/dag_with_py_op.py took 0.310 seconds
[2025-05-21T16:03:33.445+0000] {processor.py:186} INFO - Started process (PID=1116) to work on /opt/airflow/dags/dag_with_py_op.py
[2025-05-21T16:03:33.446+0000] {processor.py:914} INFO - Processing file /opt/airflow/dags/dag_with_py_op.py for tasks to queue
[2025-05-21T16:03:33.449+0000] {logging_mixin.py:190} INFO - [2025-05-21T16:03:33.448+0000] {dagbag.py:588} INFO - Filling up the DagBag from /opt/airflow/dags/dag_with_py_op.py
[2025-05-21T16:03:33.522+0000] {processor.py:925} INFO - DAG(s) 'py_v6' retrieved from /opt/airflow/dags/dag_with_py_op.py
[2025-05-21T16:03:33.591+0000] {logging_mixin.py:190} INFO - [2025-05-21T16:03:33.590+0000] {dag.py:3239} INFO - Sync 1 DAGs
[2025-05-21T16:03:33.643+0000] {logging_mixin.py:190} INFO - [2025-05-21T16:03:33.642+0000] {dag.py:4180} INFO - Setting next_dagrun for py_v6 to 2025-05-22 00:00:00+00:00, run_after=2025-05-23 00:00:00+00:00
[2025-05-21T16:03:33.693+0000] {processor.py:208} INFO - Processing /opt/airflow/dags/dag_with_py_op.py took 0.264 seconds
[2025-05-21T16:04:04.298+0000] {processor.py:186} INFO - Started process (PID=1285) to work on /opt/airflow/dags/dag_with_py_op.py
[2025-05-21T16:04:04.300+0000] {processor.py:914} INFO - Processing file /opt/airflow/dags/dag_with_py_op.py for tasks to queue
[2025-05-21T16:04:04.304+0000] {logging_mixin.py:190} INFO - [2025-05-21T16:04:04.303+0000] {dagbag.py:588} INFO - Filling up the DagBag from /opt/airflow/dags/dag_with_py_op.py
[2025-05-21T16:04:04.327+0000] {processor.py:925} INFO - DAG(s) 'py_v6' retrieved from /opt/airflow/dags/dag_with_py_op.py
[2025-05-21T16:04:04.366+0000] {logging_mixin.py:190} INFO - [2025-05-21T16:04:04.365+0000] {dag.py:3239} INFO - Sync 1 DAGs
[2025-05-21T16:04:04.399+0000] {logging_mixin.py:190} INFO - [2025-05-21T16:04:04.399+0000] {dag.py:4180} INFO - Setting next_dagrun for py_v6 to 2025-05-22 00:00:00+00:00, run_after=2025-05-23 00:00:00+00:00
[2025-05-21T16:04:04.448+0000] {processor.py:208} INFO - Processing /opt/airflow/dags/dag_with_py_op.py took 0.165 seconds
[2025-05-21T16:04:35.080+0000] {processor.py:186} INFO - Started process (PID=1472) to work on /opt/airflow/dags/dag_with_py_op.py
[2025-05-21T16:04:35.081+0000] {processor.py:914} INFO - Processing file /opt/airflow/dags/dag_with_py_op.py for tasks to queue
[2025-05-21T16:04:35.084+0000] {logging_mixin.py:190} INFO - [2025-05-21T16:04:35.083+0000] {dagbag.py:588} INFO - Filling up the DagBag from /opt/airflow/dags/dag_with_py_op.py
[2025-05-21T16:04:35.121+0000] {processor.py:925} INFO - DAG(s) 'py_v6' retrieved from /opt/airflow/dags/dag_with_py_op.py
[2025-05-21T16:04:35.160+0000] {logging_mixin.py:190} INFO - [2025-05-21T16:04:35.160+0000] {dag.py:3239} INFO - Sync 1 DAGs
[2025-05-21T16:04:35.216+0000] {logging_mixin.py:190} INFO - [2025-05-21T16:04:35.216+0000] {dag.py:4180} INFO - Setting next_dagrun for py_v6 to 2025-05-22 00:00:00+00:00, run_after=2025-05-23 00:00:00+00:00
[2025-05-21T16:04:35.263+0000] {processor.py:208} INFO - Processing /opt/airflow/dags/dag_with_py_op.py took 0.192 seconds
[2025-05-21T16:05:05.836+0000] {processor.py:186} INFO - Started process (PID=1653) to work on /opt/airflow/dags/dag_with_py_op.py
[2025-05-21T16:05:05.845+0000] {processor.py:914} INFO - Processing file /opt/airflow/dags/dag_with_py_op.py for tasks to queue
[2025-05-21T16:05:05.849+0000] {logging_mixin.py:190} INFO - [2025-05-21T16:05:05.848+0000] {dagbag.py:588} INFO - Filling up the DagBag from /opt/airflow/dags/dag_with_py_op.py
[2025-05-21T16:05:05.960+0000] {processor.py:925} INFO - DAG(s) 'py_v6' retrieved from /opt/airflow/dags/dag_with_py_op.py
[2025-05-21T16:05:06.014+0000] {logging_mixin.py:190} INFO - [2025-05-21T16:05:06.013+0000] {dag.py:3239} INFO - Sync 1 DAGs
[2025-05-21T16:05:06.053+0000] {logging_mixin.py:190} INFO - [2025-05-21T16:05:06.053+0000] {dag.py:4180} INFO - Setting next_dagrun for py_v6 to 2025-05-22 00:00:00+00:00, run_after=2025-05-23 00:00:00+00:00
[2025-05-21T16:05:06.131+0000] {processor.py:208} INFO - Processing /opt/airflow/dags/dag_with_py_op.py took 0.325 seconds
[2025-05-21T16:05:36.771+0000] {processor.py:186} INFO - Started process (PID=1801) to work on /opt/airflow/dags/dag_with_py_op.py
[2025-05-21T16:05:36.772+0000] {processor.py:914} INFO - Processing file /opt/airflow/dags/dag_with_py_op.py for tasks to queue
[2025-05-21T16:05:36.775+0000] {logging_mixin.py:190} INFO - [2025-05-21T16:05:36.774+0000] {dagbag.py:588} INFO - Filling up the DagBag from /opt/airflow/dags/dag_with_py_op.py
[2025-05-21T16:05:36.798+0000] {processor.py:925} INFO - DAG(s) 'py_v6' retrieved from /opt/airflow/dags/dag_with_py_op.py
[2025-05-21T16:05:36.856+0000] {logging_mixin.py:190} INFO - [2025-05-21T16:05:36.856+0000] {dag.py:3239} INFO - Sync 1 DAGs
[2025-05-21T16:05:36.897+0000] {logging_mixin.py:190} INFO - [2025-05-21T16:05:36.896+0000] {dag.py:4180} INFO - Setting next_dagrun for py_v6 to 2025-05-22 00:00:00+00:00, run_after=2025-05-23 00:00:00+00:00
[2025-05-21T16:05:36.926+0000] {processor.py:208} INFO - Processing /opt/airflow/dags/dag_with_py_op.py took 0.162 seconds
[2025-05-21T16:06:07.640+0000] {processor.py:186} INFO - Started process (PID=1964) to work on /opt/airflow/dags/dag_with_py_op.py
[2025-05-21T16:06:07.642+0000] {processor.py:914} INFO - Processing file /opt/airflow/dags/dag_with_py_op.py for tasks to queue
[2025-05-21T16:06:07.647+0000] {logging_mixin.py:190} INFO - [2025-05-21T16:06:07.646+0000] {dagbag.py:588} INFO - Filling up the DagBag from /opt/airflow/dags/dag_with_py_op.py
[2025-05-21T16:06:07.677+0000] {processor.py:925} INFO - DAG(s) 'py_v6' retrieved from /opt/airflow/dags/dag_with_py_op.py
[2025-05-21T16:06:07.716+0000] {logging_mixin.py:190} INFO - [2025-05-21T16:06:07.715+0000] {dag.py:3239} INFO - Sync 1 DAGs
[2025-05-21T16:06:07.753+0000] {logging_mixin.py:190} INFO - [2025-05-21T16:06:07.752+0000] {dag.py:4180} INFO - Setting next_dagrun for py_v6 to 2025-05-22 00:00:00+00:00, run_after=2025-05-23 00:00:00+00:00
[2025-05-21T16:06:07.799+0000] {processor.py:208} INFO - Processing /opt/airflow/dags/dag_with_py_op.py took 0.169 seconds
[2025-05-21T16:06:38.467+0000] {processor.py:186} INFO - Started process (PID=2149) to work on /opt/airflow/dags/dag_with_py_op.py
[2025-05-21T16:06:38.471+0000] {processor.py:914} INFO - Processing file /opt/airflow/dags/dag_with_py_op.py for tasks to queue
[2025-05-21T16:06:38.475+0000] {logging_mixin.py:190} INFO - [2025-05-21T16:06:38.474+0000] {dagbag.py:588} INFO - Filling up the DagBag from /opt/airflow/dags/dag_with_py_op.py
[2025-05-21T16:06:38.519+0000] {processor.py:925} INFO - DAG(s) 'py_v6' retrieved from /opt/airflow/dags/dag_with_py_op.py
[2025-05-21T16:06:38.640+0000] {logging_mixin.py:190} INFO - [2025-05-21T16:06:38.639+0000] {dag.py:3239} INFO - Sync 1 DAGs
[2025-05-21T16:06:38.726+0000] {logging_mixin.py:190} INFO - [2025-05-21T16:06:38.726+0000] {dag.py:4180} INFO - Setting next_dagrun for py_v6 to 2025-05-22 00:00:00+00:00, run_after=2025-05-23 00:00:00+00:00
[2025-05-21T16:06:38.772+0000] {processor.py:208} INFO - Processing /opt/airflow/dags/dag_with_py_op.py took 0.312 seconds
[2025-05-21T16:07:09.408+0000] {processor.py:186} INFO - Started process (PID=2304) to work on /opt/airflow/dags/dag_with_py_op.py
[2025-05-21T16:07:09.410+0000] {processor.py:914} INFO - Processing file /opt/airflow/dags/dag_with_py_op.py for tasks to queue
[2025-05-21T16:07:09.412+0000] {logging_mixin.py:190} INFO - [2025-05-21T16:07:09.412+0000] {dagbag.py:588} INFO - Filling up the DagBag from /opt/airflow/dags/dag_with_py_op.py
[2025-05-21T16:07:09.441+0000] {processor.py:925} INFO - DAG(s) 'py_v6' retrieved from /opt/airflow/dags/dag_with_py_op.py
[2025-05-21T16:07:09.476+0000] {logging_mixin.py:190} INFO - [2025-05-21T16:07:09.475+0000] {dag.py:3239} INFO - Sync 1 DAGs
[2025-05-21T16:07:09.504+0000] {logging_mixin.py:190} INFO - [2025-05-21T16:07:09.504+0000] {dag.py:4180} INFO - Setting next_dagrun for py_v6 to 2025-05-22 00:00:00+00:00, run_after=2025-05-23 00:00:00+00:00
[2025-05-21T16:07:09.527+0000] {processor.py:208} INFO - Processing /opt/airflow/dags/dag_with_py_op.py took 0.124 seconds
[2025-05-21T16:07:40.239+0000] {processor.py:186} INFO - Started process (PID=2467) to work on /opt/airflow/dags/dag_with_py_op.py
[2025-05-21T16:07:40.248+0000] {processor.py:914} INFO - Processing file /opt/airflow/dags/dag_with_py_op.py for tasks to queue
[2025-05-21T16:07:40.251+0000] {logging_mixin.py:190} INFO - [2025-05-21T16:07:40.251+0000] {dagbag.py:588} INFO - Filling up the DagBag from /opt/airflow/dags/dag_with_py_op.py
[2025-05-21T16:07:40.312+0000] {processor.py:925} INFO - DAG(s) 'py_v6' retrieved from /opt/airflow/dags/dag_with_py_op.py
[2025-05-21T16:07:40.438+0000] {logging_mixin.py:190} INFO - [2025-05-21T16:07:40.438+0000] {dag.py:3239} INFO - Sync 1 DAGs
[2025-05-21T16:07:40.497+0000] {logging_mixin.py:190} INFO - [2025-05-21T16:07:40.497+0000] {dag.py:4180} INFO - Setting next_dagrun for py_v6 to 2025-05-22 00:00:00+00:00, run_after=2025-05-23 00:00:00+00:00
[2025-05-21T16:07:40.579+0000] {processor.py:208} INFO - Processing /opt/airflow/dags/dag_with_py_op.py took 0.346 seconds
[2025-05-21T16:08:11.183+0000] {processor.py:186} INFO - Started process (PID=2608) to work on /opt/airflow/dags/dag_with_py_op.py
[2025-05-21T16:08:11.184+0000] {processor.py:914} INFO - Processing file /opt/airflow/dags/dag_with_py_op.py for tasks to queue
[2025-05-21T16:08:11.187+0000] {logging_mixin.py:190} INFO - [2025-05-21T16:08:11.187+0000] {dagbag.py:588} INFO - Filling up the DagBag from /opt/airflow/dags/dag_with_py_op.py
[2025-05-21T16:08:11.206+0000] {processor.py:925} INFO - DAG(s) 'py_v6' retrieved from /opt/airflow/dags/dag_with_py_op.py
[2025-05-21T16:08:11.231+0000] {logging_mixin.py:190} INFO - [2025-05-21T16:08:11.231+0000] {dag.py:3239} INFO - Sync 1 DAGs
[2025-05-21T16:08:11.256+0000] {logging_mixin.py:190} INFO - [2025-05-21T16:08:11.255+0000] {dag.py:4180} INFO - Setting next_dagrun for py_v6 to 2025-05-22 00:00:00+00:00, run_after=2025-05-23 00:00:00+00:00
[2025-05-21T16:08:11.309+0000] {processor.py:208} INFO - Processing /opt/airflow/dags/dag_with_py_op.py took 0.131 seconds
[2025-05-21T16:08:41.818+0000] {processor.py:186} INFO - Started process (PID=2790) to work on /opt/airflow/dags/dag_with_py_op.py
[2025-05-21T16:08:41.819+0000] {processor.py:914} INFO - Processing file /opt/airflow/dags/dag_with_py_op.py for tasks to queue
[2025-05-21T16:08:41.824+0000] {logging_mixin.py:190} INFO - [2025-05-21T16:08:41.823+0000] {dagbag.py:588} INFO - Filling up the DagBag from /opt/airflow/dags/dag_with_py_op.py
[2025-05-21T16:08:41.864+0000] {processor.py:925} INFO - DAG(s) 'py_v6' retrieved from /opt/airflow/dags/dag_with_py_op.py
[2025-05-21T16:08:41.901+0000] {logging_mixin.py:190} INFO - [2025-05-21T16:08:41.900+0000] {dag.py:3239} INFO - Sync 1 DAGs
[2025-05-21T16:08:41.928+0000] {logging_mixin.py:190} INFO - [2025-05-21T16:08:41.928+0000] {dag.py:4180} INFO - Setting next_dagrun for py_v6 to 2025-05-22 00:00:00+00:00, run_after=2025-05-23 00:00:00+00:00
[2025-05-21T16:08:41.951+0000] {processor.py:208} INFO - Processing /opt/airflow/dags/dag_with_py_op.py took 0.139 seconds
[2025-05-21T16:09:12.652+0000] {processor.py:186} INFO - Started process (PID=2963) to work on /opt/airflow/dags/dag_with_py_op.py
[2025-05-21T16:09:12.657+0000] {processor.py:914} INFO - Processing file /opt/airflow/dags/dag_with_py_op.py for tasks to queue
[2025-05-21T16:09:12.660+0000] {logging_mixin.py:190} INFO - [2025-05-21T16:09:12.660+0000] {dagbag.py:588} INFO - Filling up the DagBag from /opt/airflow/dags/dag_with_py_op.py
[2025-05-21T16:09:12.750+0000] {processor.py:925} INFO - DAG(s) 'py_v6' retrieved from /opt/airflow/dags/dag_with_py_op.py
[2025-05-21T16:09:12.838+0000] {logging_mixin.py:190} INFO - [2025-05-21T16:09:12.838+0000] {dag.py:3239} INFO - Sync 1 DAGs
[2025-05-21T16:09:12.890+0000] {logging_mixin.py:190} INFO - [2025-05-21T16:09:12.890+0000] {dag.py:4180} INFO - Setting next_dagrun for py_v6 to 2025-05-22 00:00:00+00:00, run_after=2025-05-23 00:00:00+00:00
[2025-05-21T16:09:12.946+0000] {processor.py:208} INFO - Processing /opt/airflow/dags/dag_with_py_op.py took 0.305 seconds
[2025-05-21T16:09:43.414+0000] {processor.py:186} INFO - Started process (PID=3119) to work on /opt/airflow/dags/dag_with_py_op.py
[2025-05-21T16:09:43.420+0000] {processor.py:914} INFO - Processing file /opt/airflow/dags/dag_with_py_op.py for tasks to queue
[2025-05-21T16:09:43.423+0000] {logging_mixin.py:190} INFO - [2025-05-21T16:09:43.423+0000] {dagbag.py:588} INFO - Filling up the DagBag from /opt/airflow/dags/dag_with_py_op.py
[2025-05-21T16:09:43.487+0000] {processor.py:925} INFO - DAG(s) 'py_v6' retrieved from /opt/airflow/dags/dag_with_py_op.py
[2025-05-21T16:09:43.574+0000] {logging_mixin.py:190} INFO - [2025-05-21T16:09:43.573+0000] {dag.py:3239} INFO - Sync 1 DAGs
[2025-05-21T16:09:43.643+0000] {logging_mixin.py:190} INFO - [2025-05-21T16:09:43.643+0000] {dag.py:4180} INFO - Setting next_dagrun for py_v6 to 2025-05-22 00:00:00+00:00, run_after=2025-05-23 00:00:00+00:00
[2025-05-21T16:09:43.770+0000] {processor.py:208} INFO - Processing /opt/airflow/dags/dag_with_py_op.py took 0.364 seconds
[2025-05-21T16:10:14.421+0000] {processor.py:186} INFO - Started process (PID=3279) to work on /opt/airflow/dags/dag_with_py_op.py
[2025-05-21T16:10:14.423+0000] {processor.py:914} INFO - Processing file /opt/airflow/dags/dag_with_py_op.py for tasks to queue
[2025-05-21T16:10:14.434+0000] {logging_mixin.py:190} INFO - [2025-05-21T16:10:14.434+0000] {dagbag.py:588} INFO - Filling up the DagBag from /opt/airflow/dags/dag_with_py_op.py
[2025-05-21T16:10:14.469+0000] {processor.py:925} INFO - DAG(s) 'py_v6' retrieved from /opt/airflow/dags/dag_with_py_op.py
[2025-05-21T16:10:14.523+0000] {logging_mixin.py:190} INFO - [2025-05-21T16:10:14.523+0000] {dag.py:3239} INFO - Sync 1 DAGs
[2025-05-21T16:10:14.554+0000] {logging_mixin.py:190} INFO - [2025-05-21T16:10:14.554+0000] {dag.py:4180} INFO - Setting next_dagrun for py_v6 to 2025-05-22 00:00:00+00:00, run_after=2025-05-23 00:00:00+00:00
[2025-05-21T16:10:14.577+0000] {processor.py:208} INFO - Processing /opt/airflow/dags/dag_with_py_op.py took 0.162 seconds
[2025-05-21T16:10:45.226+0000] {processor.py:186} INFO - Started process (PID=3435) to work on /opt/airflow/dags/dag_with_py_op.py
[2025-05-21T16:10:45.227+0000] {processor.py:914} INFO - Processing file /opt/airflow/dags/dag_with_py_op.py for tasks to queue
[2025-05-21T16:10:45.232+0000] {logging_mixin.py:190} INFO - [2025-05-21T16:10:45.231+0000] {dagbag.py:588} INFO - Filling up the DagBag from /opt/airflow/dags/dag_with_py_op.py
[2025-05-21T16:10:45.269+0000] {processor.py:925} INFO - DAG(s) 'py_v6' retrieved from /opt/airflow/dags/dag_with_py_op.py
[2025-05-21T16:10:45.326+0000] {logging_mixin.py:190} INFO - [2025-05-21T16:10:45.322+0000] {dag.py:3239} INFO - Sync 1 DAGs
[2025-05-21T16:10:45.368+0000] {logging_mixin.py:190} INFO - [2025-05-21T16:10:45.368+0000] {dag.py:4180} INFO - Setting next_dagrun for py_v6 to 2025-05-22 00:00:00+00:00, run_after=2025-05-23 00:00:00+00:00
[2025-05-21T16:10:45.406+0000] {processor.py:208} INFO - Processing /opt/airflow/dags/dag_with_py_op.py took 0.192 seconds
[2025-05-21T16:11:16.339+0000] {processor.py:186} INFO - Started process (PID=3597) to work on /opt/airflow/dags/dag_with_py_op.py
[2025-05-21T16:11:16.344+0000] {processor.py:914} INFO - Processing file /opt/airflow/dags/dag_with_py_op.py for tasks to queue
[2025-05-21T16:11:16.353+0000] {logging_mixin.py:190} INFO - [2025-05-21T16:11:16.352+0000] {dagbag.py:588} INFO - Filling up the DagBag from /opt/airflow/dags/dag_with_py_op.py
[2025-05-21T16:11:16.400+0000] {processor.py:925} INFO - DAG(s) 'py_v6' retrieved from /opt/airflow/dags/dag_with_py_op.py
[2025-05-21T16:11:16.450+0000] {logging_mixin.py:190} INFO - [2025-05-21T16:11:16.449+0000] {dag.py:3239} INFO - Sync 1 DAGs
[2025-05-21T16:11:16.512+0000] {logging_mixin.py:190} INFO - [2025-05-21T16:11:16.511+0000] {dag.py:4180} INFO - Setting next_dagrun for py_v6 to 2025-05-22 00:00:00+00:00, run_after=2025-05-23 00:00:00+00:00
[2025-05-21T16:11:16.605+0000] {processor.py:208} INFO - Processing /opt/airflow/dags/dag_with_py_op.py took 0.273 seconds
[2025-05-21T16:11:47.185+0000] {processor.py:186} INFO - Started process (PID=3759) to work on /opt/airflow/dags/dag_with_py_op.py
[2025-05-21T16:11:47.186+0000] {processor.py:914} INFO - Processing file /opt/airflow/dags/dag_with_py_op.py for tasks to queue
[2025-05-21T16:11:47.189+0000] {logging_mixin.py:190} INFO - [2025-05-21T16:11:47.188+0000] {dagbag.py:588} INFO - Filling up the DagBag from /opt/airflow/dags/dag_with_py_op.py
[2025-05-21T16:11:47.214+0000] {processor.py:925} INFO - DAG(s) 'py_v6' retrieved from /opt/airflow/dags/dag_with_py_op.py
[2025-05-21T16:11:47.244+0000] {logging_mixin.py:190} INFO - [2025-05-21T16:11:47.244+0000] {dag.py:3239} INFO - Sync 1 DAGs
[2025-05-21T16:11:47.280+0000] {logging_mixin.py:190} INFO - [2025-05-21T16:11:47.279+0000] {dag.py:4180} INFO - Setting next_dagrun for py_v6 to 2025-05-22 00:00:00+00:00, run_after=2025-05-23 00:00:00+00:00
[2025-05-21T16:11:47.301+0000] {processor.py:208} INFO - Processing /opt/airflow/dags/dag_with_py_op.py took 0.125 seconds
[2025-05-21T16:12:17.884+0000] {processor.py:186} INFO - Started process (PID=3923) to work on /opt/airflow/dags/dag_with_py_op.py
[2025-05-21T16:12:17.891+0000] {processor.py:914} INFO - Processing file /opt/airflow/dags/dag_with_py_op.py for tasks to queue
[2025-05-21T16:12:17.897+0000] {logging_mixin.py:190} INFO - [2025-05-21T16:12:17.896+0000] {dagbag.py:588} INFO - Filling up the DagBag from /opt/airflow/dags/dag_with_py_op.py
[2025-05-21T16:12:17.973+0000] {processor.py:925} INFO - DAG(s) 'py_v6' retrieved from /opt/airflow/dags/dag_with_py_op.py
[2025-05-21T16:12:18.062+0000] {logging_mixin.py:190} INFO - [2025-05-21T16:12:18.061+0000] {dag.py:3239} INFO - Sync 1 DAGs
[2025-05-21T16:12:18.121+0000] {logging_mixin.py:190} INFO - [2025-05-21T16:12:18.121+0000] {dag.py:4180} INFO - Setting next_dagrun for py_v6 to 2025-05-22 00:00:00+00:00, run_after=2025-05-23 00:00:00+00:00
[2025-05-21T16:12:18.180+0000] {processor.py:208} INFO - Processing /opt/airflow/dags/dag_with_py_op.py took 0.304 seconds
[2025-05-21T16:12:48.289+0000] {processor.py:186} INFO - Started process (PID=4091) to work on /opt/airflow/dags/dag_with_py_op.py
[2025-05-21T16:12:48.290+0000] {processor.py:914} INFO - Processing file /opt/airflow/dags/dag_with_py_op.py for tasks to queue
[2025-05-21T16:12:48.293+0000] {logging_mixin.py:190} INFO - [2025-05-21T16:12:48.293+0000] {dagbag.py:588} INFO - Filling up the DagBag from /opt/airflow/dags/dag_with_py_op.py
[2025-05-21T16:12:48.321+0000] {processor.py:925} INFO - DAG(s) 'py_v6' retrieved from /opt/airflow/dags/dag_with_py_op.py
[2025-05-21T16:12:48.354+0000] {logging_mixin.py:190} INFO - [2025-05-21T16:12:48.354+0000] {dag.py:3239} INFO - Sync 1 DAGs
[2025-05-21T16:12:48.386+0000] {logging_mixin.py:190} INFO - [2025-05-21T16:12:48.386+0000] {dag.py:4180} INFO - Setting next_dagrun for py_v6 to 2025-05-22 00:00:00+00:00, run_after=2025-05-23 00:00:00+00:00
[2025-05-21T16:12:48.411+0000] {processor.py:208} INFO - Processing /opt/airflow/dags/dag_with_py_op.py took 0.128 seconds
[2025-05-21T16:13:18.913+0000] {processor.py:186} INFO - Started process (PID=4210) to work on /opt/airflow/dags/dag_with_py_op.py
[2025-05-21T16:13:18.914+0000] {processor.py:914} INFO - Processing file /opt/airflow/dags/dag_with_py_op.py for tasks to queue
[2025-05-21T16:13:18.917+0000] {logging_mixin.py:190} INFO - [2025-05-21T16:13:18.916+0000] {dagbag.py:588} INFO - Filling up the DagBag from /opt/airflow/dags/dag_with_py_op.py
[2025-05-21T16:13:18.937+0000] {processor.py:925} INFO - DAG(s) 'py_v6' retrieved from /opt/airflow/dags/dag_with_py_op.py
[2025-05-21T16:13:18.966+0000] {logging_mixin.py:190} INFO - [2025-05-21T16:13:18.966+0000] {dag.py:3239} INFO - Sync 1 DAGs
[2025-05-21T16:13:18.990+0000] {logging_mixin.py:190} INFO - [2025-05-21T16:13:18.989+0000] {dag.py:4180} INFO - Setting next_dagrun for py_v6 to 2025-05-22 00:00:00+00:00, run_after=2025-05-23 00:00:00+00:00
[2025-05-21T16:13:19.019+0000] {processor.py:208} INFO - Processing /opt/airflow/dags/dag_with_py_op.py took 0.111 seconds
[2025-05-21T16:13:49.863+0000] {processor.py:186} INFO - Started process (PID=4400) to work on /opt/airflow/dags/dag_with_py_op.py
[2025-05-21T16:13:49.877+0000] {processor.py:914} INFO - Processing file /opt/airflow/dags/dag_with_py_op.py for tasks to queue
[2025-05-21T16:13:49.890+0000] {logging_mixin.py:190} INFO - [2025-05-21T16:13:49.890+0000] {dagbag.py:588} INFO - Filling up the DagBag from /opt/airflow/dags/dag_with_py_op.py
[2025-05-21T16:13:49.990+0000] {processor.py:925} INFO - DAG(s) 'py_v6' retrieved from /opt/airflow/dags/dag_with_py_op.py
[2025-05-21T16:13:50.093+0000] {logging_mixin.py:190} INFO - [2025-05-21T16:13:50.092+0000] {dag.py:3239} INFO - Sync 1 DAGs
[2025-05-21T16:13:50.156+0000] {logging_mixin.py:190} INFO - [2025-05-21T16:13:50.156+0000] {dag.py:4180} INFO - Setting next_dagrun for py_v6 to 2025-05-22 00:00:00+00:00, run_after=2025-05-23 00:00:00+00:00
[2025-05-21T16:13:50.227+0000] {processor.py:208} INFO - Processing /opt/airflow/dags/dag_with_py_op.py took 0.370 seconds
[2025-05-21T16:14:20.931+0000] {processor.py:186} INFO - Started process (PID=4542) to work on /opt/airflow/dags/dag_with_py_op.py
[2025-05-21T16:14:20.933+0000] {processor.py:914} INFO - Processing file /opt/airflow/dags/dag_with_py_op.py for tasks to queue
[2025-05-21T16:14:20.938+0000] {logging_mixin.py:190} INFO - [2025-05-21T16:14:20.937+0000] {dagbag.py:588} INFO - Filling up the DagBag from /opt/airflow/dags/dag_with_py_op.py
[2025-05-21T16:14:20.963+0000] {processor.py:925} INFO - DAG(s) 'py_v6' retrieved from /opt/airflow/dags/dag_with_py_op.py
[2025-05-21T16:14:20.998+0000] {logging_mixin.py:190} INFO - [2025-05-21T16:14:20.998+0000] {dag.py:3239} INFO - Sync 1 DAGs
[2025-05-21T16:14:21.072+0000] {logging_mixin.py:190} INFO - [2025-05-21T16:14:21.071+0000] {dag.py:4180} INFO - Setting next_dagrun for py_v6 to 2025-05-22 00:00:00+00:00, run_after=2025-05-23 00:00:00+00:00
[2025-05-21T16:14:21.152+0000] {processor.py:208} INFO - Processing /opt/airflow/dags/dag_with_py_op.py took 0.232 seconds
[2025-05-21T16:14:51.547+0000] {processor.py:186} INFO - Started process (PID=4728) to work on /opt/airflow/dags/dag_with_py_op.py
[2025-05-21T16:14:51.563+0000] {processor.py:914} INFO - Processing file /opt/airflow/dags/dag_with_py_op.py for tasks to queue
[2025-05-21T16:14:51.570+0000] {logging_mixin.py:190} INFO - [2025-05-21T16:14:51.570+0000] {dagbag.py:588} INFO - Filling up the DagBag from /opt/airflow/dags/dag_with_py_op.py
[2025-05-21T16:14:51.669+0000] {processor.py:925} INFO - DAG(s) 'py_v6' retrieved from /opt/airflow/dags/dag_with_py_op.py
[2025-05-21T16:14:51.762+0000] {logging_mixin.py:190} INFO - [2025-05-21T16:14:51.762+0000] {dag.py:3239} INFO - Sync 1 DAGs
[2025-05-21T16:14:51.821+0000] {logging_mixin.py:190} INFO - [2025-05-21T16:14:51.821+0000] {dag.py:4180} INFO - Setting next_dagrun for py_v6 to 2025-05-22 00:00:00+00:00, run_after=2025-05-23 00:00:00+00:00
[2025-05-21T16:14:51.953+0000] {processor.py:208} INFO - Processing /opt/airflow/dags/dag_with_py_op.py took 0.431 seconds
[2025-05-21T16:15:22.314+0000] {processor.py:186} INFO - Started process (PID=4884) to work on /opt/airflow/dags/dag_with_py_op.py
[2025-05-21T16:15:22.318+0000] {processor.py:914} INFO - Processing file /opt/airflow/dags/dag_with_py_op.py for tasks to queue
[2025-05-21T16:15:22.323+0000] {logging_mixin.py:190} INFO - [2025-05-21T16:15:22.322+0000] {dagbag.py:588} INFO - Filling up the DagBag from /opt/airflow/dags/dag_with_py_op.py
[2025-05-21T16:15:22.359+0000] {processor.py:925} INFO - DAG(s) 'py_v6' retrieved from /opt/airflow/dags/dag_with_py_op.py
[2025-05-21T16:15:22.430+0000] {logging_mixin.py:190} INFO - [2025-05-21T16:15:22.429+0000] {dag.py:3239} INFO - Sync 1 DAGs
[2025-05-21T16:15:22.479+0000] {logging_mixin.py:190} INFO - [2025-05-21T16:15:22.479+0000] {dag.py:4180} INFO - Setting next_dagrun for py_v6 to 2025-05-22 00:00:00+00:00, run_after=2025-05-23 00:00:00+00:00
[2025-05-21T16:15:22.538+0000] {processor.py:208} INFO - Processing /opt/airflow/dags/dag_with_py_op.py took 0.230 seconds
[2025-05-21T16:15:53.152+0000] {processor.py:186} INFO - Started process (PID=5045) to work on /opt/airflow/dags/dag_with_py_op.py
[2025-05-21T16:15:53.153+0000] {processor.py:914} INFO - Processing file /opt/airflow/dags/dag_with_py_op.py for tasks to queue
[2025-05-21T16:15:53.156+0000] {logging_mixin.py:190} INFO - [2025-05-21T16:15:53.155+0000] {dagbag.py:588} INFO - Filling up the DagBag from /opt/airflow/dags/dag_with_py_op.py
[2025-05-21T16:15:53.188+0000] {processor.py:925} INFO - DAG(s) 'py_v6' retrieved from /opt/airflow/dags/dag_with_py_op.py
[2025-05-21T16:15:53.271+0000] {logging_mixin.py:190} INFO - [2025-05-21T16:15:53.271+0000] {dag.py:3239} INFO - Sync 1 DAGs
[2025-05-21T16:15:53.317+0000] {logging_mixin.py:190} INFO - [2025-05-21T16:15:53.317+0000] {dag.py:4180} INFO - Setting next_dagrun for py_v6 to 2025-05-22 00:00:00+00:00, run_after=2025-05-23 00:00:00+00:00
[2025-05-21T16:15:53.350+0000] {processor.py:208} INFO - Processing /opt/airflow/dags/dag_with_py_op.py took 0.204 seconds
[2025-05-21T16:16:23.996+0000] {processor.py:186} INFO - Started process (PID=5195) to work on /opt/airflow/dags/dag_with_py_op.py
[2025-05-21T16:16:24.000+0000] {processor.py:914} INFO - Processing file /opt/airflow/dags/dag_with_py_op.py for tasks to queue
[2025-05-21T16:16:24.011+0000] {logging_mixin.py:190} INFO - [2025-05-21T16:16:24.010+0000] {dagbag.py:588} INFO - Filling up the DagBag from /opt/airflow/dags/dag_with_py_op.py
[2025-05-21T16:16:24.066+0000] {processor.py:925} INFO - DAG(s) 'py_v6' retrieved from /opt/airflow/dags/dag_with_py_op.py
[2025-05-21T16:16:24.247+0000] {logging_mixin.py:190} INFO - [2025-05-21T16:16:24.247+0000] {dag.py:3239} INFO - Sync 1 DAGs
[2025-05-21T16:16:24.317+0000] {logging_mixin.py:190} INFO - [2025-05-21T16:16:24.316+0000] {dag.py:4180} INFO - Setting next_dagrun for py_v6 to 2025-05-22 00:00:00+00:00, run_after=2025-05-23 00:00:00+00:00
[2025-05-21T16:16:24.398+0000] {processor.py:208} INFO - Processing /opt/airflow/dags/dag_with_py_op.py took 0.412 seconds
[2025-05-21T16:16:54.983+0000] {processor.py:186} INFO - Started process (PID=5367) to work on /opt/airflow/dags/dag_with_py_op.py
[2025-05-21T16:16:54.986+0000] {processor.py:914} INFO - Processing file /opt/airflow/dags/dag_with_py_op.py for tasks to queue
[2025-05-21T16:16:54.989+0000] {logging_mixin.py:190} INFO - [2025-05-21T16:16:54.988+0000] {dagbag.py:588} INFO - Filling up the DagBag from /opt/airflow/dags/dag_with_py_op.py
[2025-05-21T16:16:55.043+0000] {processor.py:925} INFO - DAG(s) 'py_v6' retrieved from /opt/airflow/dags/dag_with_py_op.py
[2025-05-21T16:16:55.094+0000] {logging_mixin.py:190} INFO - [2025-05-21T16:16:55.093+0000] {dag.py:3239} INFO - Sync 1 DAGs
[2025-05-21T16:16:55.149+0000] {logging_mixin.py:190} INFO - [2025-05-21T16:16:55.148+0000] {dag.py:4180} INFO - Setting next_dagrun for py_v6 to 2025-05-22 00:00:00+00:00, run_after=2025-05-23 00:00:00+00:00
[2025-05-21T16:16:55.202+0000] {processor.py:208} INFO - Processing /opt/airflow/dags/dag_with_py_op.py took 0.228 seconds
[2025-05-21T16:17:26.195+0000] {processor.py:186} INFO - Started process (PID=5551) to work on /opt/airflow/dags/dag_with_py_op.py
[2025-05-21T16:17:26.197+0000] {processor.py:914} INFO - Processing file /opt/airflow/dags/dag_with_py_op.py for tasks to queue
[2025-05-21T16:17:26.199+0000] {logging_mixin.py:190} INFO - [2025-05-21T16:17:26.199+0000] {dagbag.py:588} INFO - Filling up the DagBag from /opt/airflow/dags/dag_with_py_op.py
[2025-05-21T16:17:26.222+0000] {processor.py:925} INFO - DAG(s) 'py_v6' retrieved from /opt/airflow/dags/dag_with_py_op.py
[2025-05-21T16:17:26.264+0000] {logging_mixin.py:190} INFO - [2025-05-21T16:17:26.264+0000] {dag.py:3239} INFO - Sync 1 DAGs
[2025-05-21T16:17:26.292+0000] {logging_mixin.py:190} INFO - [2025-05-21T16:17:26.292+0000] {dag.py:4180} INFO - Setting next_dagrun for py_v6 to 2025-05-22 00:00:00+00:00, run_after=2025-05-23 00:00:00+00:00
[2025-05-21T16:17:26.317+0000] {processor.py:208} INFO - Processing /opt/airflow/dags/dag_with_py_op.py took 0.133 seconds
[2025-05-21T16:17:56.870+0000] {processor.py:186} INFO - Started process (PID=5714) to work on /opt/airflow/dags/dag_with_py_op.py
[2025-05-21T16:17:56.883+0000] {processor.py:914} INFO - Processing file /opt/airflow/dags/dag_with_py_op.py for tasks to queue
[2025-05-21T16:17:56.889+0000] {logging_mixin.py:190} INFO - [2025-05-21T16:17:56.887+0000] {dagbag.py:588} INFO - Filling up the DagBag from /opt/airflow/dags/dag_with_py_op.py
[2025-05-21T16:17:56.947+0000] {processor.py:925} INFO - DAG(s) 'py_v6' retrieved from /opt/airflow/dags/dag_with_py_op.py
[2025-05-21T16:17:57.010+0000] {logging_mixin.py:190} INFO - [2025-05-21T16:17:57.010+0000] {dag.py:3239} INFO - Sync 1 DAGs
[2025-05-21T16:17:57.065+0000] {logging_mixin.py:190} INFO - [2025-05-21T16:17:57.064+0000] {dag.py:4180} INFO - Setting next_dagrun for py_v6 to 2025-05-22 00:00:00+00:00, run_after=2025-05-23 00:00:00+00:00
[2025-05-21T16:17:57.132+0000] {processor.py:208} INFO - Processing /opt/airflow/dags/dag_with_py_op.py took 0.270 seconds
[2025-05-21T16:18:27.532+0000] {processor.py:186} INFO - Started process (PID=5866) to work on /opt/airflow/dags/dag_with_py_op.py
[2025-05-21T16:18:27.541+0000] {processor.py:914} INFO - Processing file /opt/airflow/dags/dag_with_py_op.py for tasks to queue
[2025-05-21T16:18:27.553+0000] {logging_mixin.py:190} INFO - [2025-05-21T16:18:27.553+0000] {dagbag.py:588} INFO - Filling up the DagBag from /opt/airflow/dags/dag_with_py_op.py
[2025-05-21T16:18:27.759+0000] {processor.py:925} INFO - DAG(s) 'py_v6' retrieved from /opt/airflow/dags/dag_with_py_op.py
[2025-05-21T16:18:27.887+0000] {logging_mixin.py:190} INFO - [2025-05-21T16:18:27.884+0000] {dag.py:3239} INFO - Sync 1 DAGs
[2025-05-21T16:18:27.961+0000] {logging_mixin.py:190} INFO - [2025-05-21T16:18:27.961+0000] {dag.py:4180} INFO - Setting next_dagrun for py_v6 to 2025-05-22 00:00:00+00:00, run_after=2025-05-23 00:00:00+00:00
[2025-05-21T16:18:28.036+0000] {processor.py:208} INFO - Processing /opt/airflow/dags/dag_with_py_op.py took 0.512 seconds
[2025-05-21T16:18:58.600+0000] {processor.py:186} INFO - Started process (PID=6044) to work on /opt/airflow/dags/dag_with_py_op.py
[2025-05-21T16:18:58.607+0000] {processor.py:914} INFO - Processing file /opt/airflow/dags/dag_with_py_op.py for tasks to queue
[2025-05-21T16:18:58.615+0000] {logging_mixin.py:190} INFO - [2025-05-21T16:18:58.613+0000] {dagbag.py:588} INFO - Filling up the DagBag from /opt/airflow/dags/dag_with_py_op.py
[2025-05-21T16:18:58.664+0000] {processor.py:925} INFO - DAG(s) 'py_v6' retrieved from /opt/airflow/dags/dag_with_py_op.py
[2025-05-21T16:18:58.781+0000] {logging_mixin.py:190} INFO - [2025-05-21T16:18:58.776+0000] {dag.py:3239} INFO - Sync 1 DAGs
[2025-05-21T16:18:58.843+0000] {logging_mixin.py:190} INFO - [2025-05-21T16:18:58.842+0000] {dag.py:4180} INFO - Setting next_dagrun for py_v6 to 2025-05-22 00:00:00+00:00, run_after=2025-05-23 00:00:00+00:00
[2025-05-21T16:18:58.905+0000] {processor.py:208} INFO - Processing /opt/airflow/dags/dag_with_py_op.py took 0.314 seconds
[2025-05-21T16:19:29.508+0000] {processor.py:186} INFO - Started process (PID=6237) to work on /opt/airflow/dags/dag_with_py_op.py
[2025-05-21T16:19:29.516+0000] {processor.py:914} INFO - Processing file /opt/airflow/dags/dag_with_py_op.py for tasks to queue
[2025-05-21T16:19:29.525+0000] {logging_mixin.py:190} INFO - [2025-05-21T16:19:29.524+0000] {dagbag.py:588} INFO - Filling up the DagBag from /opt/airflow/dags/dag_with_py_op.py
[2025-05-21T16:19:29.573+0000] {processor.py:925} INFO - DAG(s) 'py_v6' retrieved from /opt/airflow/dags/dag_with_py_op.py
[2025-05-21T16:19:29.666+0000] {logging_mixin.py:190} INFO - [2025-05-21T16:19:29.665+0000] {dag.py:3239} INFO - Sync 1 DAGs
[2025-05-21T16:19:29.718+0000] {logging_mixin.py:190} INFO - [2025-05-21T16:19:29.718+0000] {dag.py:4180} INFO - Setting next_dagrun for py_v6 to 2025-05-22 00:00:00+00:00, run_after=2025-05-23 00:00:00+00:00
[2025-05-21T16:19:29.774+0000] {processor.py:208} INFO - Processing /opt/airflow/dags/dag_with_py_op.py took 0.273 seconds
[2025-05-21T16:20:00.423+0000] {processor.py:186} INFO - Started process (PID=6394) to work on /opt/airflow/dags/dag_with_py_op.py
[2025-05-21T16:20:00.426+0000] {processor.py:914} INFO - Processing file /opt/airflow/dags/dag_with_py_op.py for tasks to queue
[2025-05-21T16:20:00.435+0000] {logging_mixin.py:190} INFO - [2025-05-21T16:20:00.434+0000] {dagbag.py:588} INFO - Filling up the DagBag from /opt/airflow/dags/dag_with_py_op.py
[2025-05-21T16:20:00.491+0000] {processor.py:925} INFO - DAG(s) 'py_v6' retrieved from /opt/airflow/dags/dag_with_py_op.py
[2025-05-21T16:20:00.554+0000] {logging_mixin.py:190} INFO - [2025-05-21T16:20:00.553+0000] {dag.py:3239} INFO - Sync 1 DAGs
[2025-05-21T16:20:00.596+0000] {logging_mixin.py:190} INFO - [2025-05-21T16:20:00.595+0000] {dag.py:4180} INFO - Setting next_dagrun for py_v6 to 2025-05-22 00:00:00+00:00, run_after=2025-05-23 00:00:00+00:00
[2025-05-21T16:20:00.629+0000] {processor.py:208} INFO - Processing /opt/airflow/dags/dag_with_py_op.py took 0.217 seconds
[2025-05-21T16:20:31.204+0000] {processor.py:186} INFO - Started process (PID=6589) to work on /opt/airflow/dags/dag_with_py_op.py
[2025-05-21T16:20:31.205+0000] {processor.py:914} INFO - Processing file /opt/airflow/dags/dag_with_py_op.py for tasks to queue
[2025-05-21T16:20:31.208+0000] {logging_mixin.py:190} INFO - [2025-05-21T16:20:31.207+0000] {dagbag.py:588} INFO - Filling up the DagBag from /opt/airflow/dags/dag_with_py_op.py
[2025-05-21T16:20:31.238+0000] {processor.py:925} INFO - DAG(s) 'py_v6' retrieved from /opt/airflow/dags/dag_with_py_op.py
[2025-05-21T16:20:31.290+0000] {logging_mixin.py:190} INFO - [2025-05-21T16:20:31.290+0000] {dag.py:3239} INFO - Sync 1 DAGs
[2025-05-21T16:20:31.323+0000] {logging_mixin.py:190} INFO - [2025-05-21T16:20:31.322+0000] {dag.py:4180} INFO - Setting next_dagrun for py_v6 to 2025-05-22 00:00:00+00:00, run_after=2025-05-23 00:00:00+00:00
[2025-05-21T16:20:31.353+0000] {processor.py:208} INFO - Processing /opt/airflow/dags/dag_with_py_op.py took 0.158 seconds
[2025-05-21T16:21:02.205+0000] {processor.py:186} INFO - Started process (PID=6756) to work on /opt/airflow/dags/dag_with_py_op.py
[2025-05-21T16:21:02.206+0000] {processor.py:914} INFO - Processing file /opt/airflow/dags/dag_with_py_op.py for tasks to queue
[2025-05-21T16:21:02.210+0000] {logging_mixin.py:190} INFO - [2025-05-21T16:21:02.209+0000] {dagbag.py:588} INFO - Filling up the DagBag from /opt/airflow/dags/dag_with_py_op.py
[2025-05-21T16:21:02.262+0000] {processor.py:925} INFO - DAG(s) 'py_v6' retrieved from /opt/airflow/dags/dag_with_py_op.py
[2025-05-21T16:21:02.301+0000] {logging_mixin.py:190} INFO - [2025-05-21T16:21:02.301+0000] {dag.py:3239} INFO - Sync 1 DAGs
[2025-05-21T16:21:02.342+0000] {logging_mixin.py:190} INFO - [2025-05-21T16:21:02.340+0000] {dag.py:4180} INFO - Setting next_dagrun for py_v6 to 2025-05-22 00:00:00+00:00, run_after=2025-05-23 00:00:00+00:00
[2025-05-21T16:21:02.387+0000] {processor.py:208} INFO - Processing /opt/airflow/dags/dag_with_py_op.py took 0.190 seconds
[2025-05-21T16:21:32.954+0000] {processor.py:186} INFO - Started process (PID=6914) to work on /opt/airflow/dags/dag_with_py_op.py
[2025-05-21T16:21:32.957+0000] {processor.py:914} INFO - Processing file /opt/airflow/dags/dag_with_py_op.py for tasks to queue
[2025-05-21T16:21:32.963+0000] {logging_mixin.py:190} INFO - [2025-05-21T16:21:32.962+0000] {dagbag.py:588} INFO - Filling up the DagBag from /opt/airflow/dags/dag_with_py_op.py
[2025-05-21T16:21:33.017+0000] {processor.py:925} INFO - DAG(s) 'py_v6' retrieved from /opt/airflow/dags/dag_with_py_op.py
[2025-05-21T16:21:33.061+0000] {logging_mixin.py:190} INFO - [2025-05-21T16:21:33.060+0000] {dag.py:3239} INFO - Sync 1 DAGs
[2025-05-21T16:21:33.098+0000] {logging_mixin.py:190} INFO - [2025-05-21T16:21:33.098+0000] {dag.py:4180} INFO - Setting next_dagrun for py_v6 to 2025-05-22 00:00:00+00:00, run_after=2025-05-23 00:00:00+00:00
[2025-05-21T16:21:33.132+0000] {processor.py:208} INFO - Processing /opt/airflow/dags/dag_with_py_op.py took 0.192 seconds
[2025-05-21T16:22:03.880+0000] {processor.py:186} INFO - Started process (PID=7074) to work on /opt/airflow/dags/dag_with_py_op.py
[2025-05-21T16:22:03.881+0000] {processor.py:914} INFO - Processing file /opt/airflow/dags/dag_with_py_op.py for tasks to queue
[2025-05-21T16:22:03.916+0000] {logging_mixin.py:190} INFO - [2025-05-21T16:22:03.915+0000] {dagbag.py:588} INFO - Filling up the DagBag from /opt/airflow/dags/dag_with_py_op.py
[2025-05-21T16:22:03.974+0000] {processor.py:925} INFO - DAG(s) 'py_v6' retrieved from /opt/airflow/dags/dag_with_py_op.py
[2025-05-21T16:22:04.098+0000] {logging_mixin.py:190} INFO - [2025-05-21T16:22:04.098+0000] {dag.py:3239} INFO - Sync 1 DAGs
[2025-05-21T16:22:04.143+0000] {logging_mixin.py:190} INFO - [2025-05-21T16:22:04.143+0000] {dag.py:4180} INFO - Setting next_dagrun for py_v6 to 2025-05-22 00:00:00+00:00, run_after=2025-05-23 00:00:00+00:00
[2025-05-21T16:22:04.206+0000] {processor.py:208} INFO - Processing /opt/airflow/dags/dag_with_py_op.py took 0.349 seconds
[2025-05-21T16:22:34.762+0000] {processor.py:186} INFO - Started process (PID=7088) to work on /opt/airflow/dags/dag_with_py_op.py
[2025-05-21T16:22:34.764+0000] {processor.py:914} INFO - Processing file /opt/airflow/dags/dag_with_py_op.py for tasks to queue
[2025-05-21T16:22:34.767+0000] {logging_mixin.py:190} INFO - [2025-05-21T16:22:34.767+0000] {dagbag.py:588} INFO - Filling up the DagBag from /opt/airflow/dags/dag_with_py_op.py
[2025-05-21T16:22:34.804+0000] {processor.py:925} INFO - DAG(s) 'py_v6' retrieved from /opt/airflow/dags/dag_with_py_op.py
[2025-05-21T16:22:34.879+0000] {logging_mixin.py:190} INFO - [2025-05-21T16:22:34.878+0000] {dag.py:3239} INFO - Sync 1 DAGs
[2025-05-21T16:22:34.929+0000] {logging_mixin.py:190} INFO - [2025-05-21T16:22:34.928+0000] {dag.py:4180} INFO - Setting next_dagrun for py_v6 to 2025-05-22 00:00:00+00:00, run_after=2025-05-23 00:00:00+00:00
[2025-05-21T16:22:34.977+0000] {processor.py:208} INFO - Processing /opt/airflow/dags/dag_with_py_op.py took 0.225 seconds
[2025-05-21T16:23:05.467+0000] {processor.py:186} INFO - Started process (PID=7097) to work on /opt/airflow/dags/dag_with_py_op.py
[2025-05-21T16:23:05.468+0000] {processor.py:914} INFO - Processing file /opt/airflow/dags/dag_with_py_op.py for tasks to queue
[2025-05-21T16:23:05.472+0000] {logging_mixin.py:190} INFO - [2025-05-21T16:23:05.471+0000] {dagbag.py:588} INFO - Filling up the DagBag from /opt/airflow/dags/dag_with_py_op.py
[2025-05-21T16:23:05.500+0000] {processor.py:925} INFO - DAG(s) 'py_v6' retrieved from /opt/airflow/dags/dag_with_py_op.py
[2025-05-21T16:23:05.535+0000] {logging_mixin.py:190} INFO - [2025-05-21T16:23:05.535+0000] {dag.py:3239} INFO - Sync 1 DAGs
[2025-05-21T16:23:05.567+0000] {logging_mixin.py:190} INFO - [2025-05-21T16:23:05.567+0000] {dag.py:4180} INFO - Setting next_dagrun for py_v6 to 2025-05-22 00:00:00+00:00, run_after=2025-05-23 00:00:00+00:00
[2025-05-21T16:23:05.636+0000] {processor.py:208} INFO - Processing /opt/airflow/dags/dag_with_py_op.py took 0.177 seconds
[2025-05-21T16:23:36.261+0000] {processor.py:186} INFO - Started process (PID=7106) to work on /opt/airflow/dags/dag_with_py_op.py
[2025-05-21T16:23:36.263+0000] {processor.py:914} INFO - Processing file /opt/airflow/dags/dag_with_py_op.py for tasks to queue
[2025-05-21T16:23:36.268+0000] {logging_mixin.py:190} INFO - [2025-05-21T16:23:36.268+0000] {dagbag.py:588} INFO - Filling up the DagBag from /opt/airflow/dags/dag_with_py_op.py
[2025-05-21T16:23:36.301+0000] {processor.py:925} INFO - DAG(s) 'py_v6' retrieved from /opt/airflow/dags/dag_with_py_op.py
[2025-05-21T16:23:36.348+0000] {logging_mixin.py:190} INFO - [2025-05-21T16:23:36.347+0000] {dag.py:3239} INFO - Sync 1 DAGs
[2025-05-21T16:23:36.393+0000] {logging_mixin.py:190} INFO - [2025-05-21T16:23:36.392+0000] {dag.py:4180} INFO - Setting next_dagrun for py_v6 to 2025-05-22 00:00:00+00:00, run_after=2025-05-23 00:00:00+00:00
[2025-05-21T16:23:36.467+0000] {processor.py:208} INFO - Processing /opt/airflow/dags/dag_with_py_op.py took 0.217 seconds
[2025-05-21T16:24:06.755+0000] {processor.py:186} INFO - Started process (PID=7116) to work on /opt/airflow/dags/dag_with_py_op.py
[2025-05-21T16:24:06.757+0000] {processor.py:914} INFO - Processing file /opt/airflow/dags/dag_with_py_op.py for tasks to queue
[2025-05-21T16:24:06.760+0000] {logging_mixin.py:190} INFO - [2025-05-21T16:24:06.759+0000] {dagbag.py:588} INFO - Filling up the DagBag from /opt/airflow/dags/dag_with_py_op.py
[2025-05-21T16:24:06.793+0000] {processor.py:925} INFO - DAG(s) 'py_v6' retrieved from /opt/airflow/dags/dag_with_py_op.py
[2025-05-21T16:24:06.835+0000] {logging_mixin.py:190} INFO - [2025-05-21T16:24:06.834+0000] {dag.py:3239} INFO - Sync 1 DAGs
[2025-05-21T16:24:06.871+0000] {logging_mixin.py:190} INFO - [2025-05-21T16:24:06.871+0000] {dag.py:4180} INFO - Setting next_dagrun for py_v6 to 2025-05-22 00:00:00+00:00, run_after=2025-05-23 00:00:00+00:00
[2025-05-21T16:24:06.905+0000] {processor.py:208} INFO - Processing /opt/airflow/dags/dag_with_py_op.py took 0.158 seconds
[2025-05-21T16:24:37.469+0000] {processor.py:186} INFO - Started process (PID=7125) to work on /opt/airflow/dags/dag_with_py_op.py
[2025-05-21T16:24:37.471+0000] {processor.py:914} INFO - Processing file /opt/airflow/dags/dag_with_py_op.py for tasks to queue
[2025-05-21T16:24:37.476+0000] {logging_mixin.py:190} INFO - [2025-05-21T16:24:37.474+0000] {dagbag.py:588} INFO - Filling up the DagBag from /opt/airflow/dags/dag_with_py_op.py
[2025-05-21T16:24:37.509+0000] {processor.py:925} INFO - DAG(s) 'py_v6' retrieved from /opt/airflow/dags/dag_with_py_op.py
[2025-05-21T16:24:37.549+0000] {logging_mixin.py:190} INFO - [2025-05-21T16:24:37.548+0000] {dag.py:3239} INFO - Sync 1 DAGs
[2025-05-21T16:24:37.585+0000] {logging_mixin.py:190} INFO - [2025-05-21T16:24:37.584+0000] {dag.py:4180} INFO - Setting next_dagrun for py_v6 to 2025-05-22 00:00:00+00:00, run_after=2025-05-23 00:00:00+00:00
[2025-05-21T16:24:37.660+0000] {processor.py:208} INFO - Processing /opt/airflow/dags/dag_with_py_op.py took 0.200 seconds
[2025-05-21T16:25:08.241+0000] {processor.py:186} INFO - Started process (PID=7135) to work on /opt/airflow/dags/dag_with_py_op.py
[2025-05-21T16:25:08.244+0000] {processor.py:914} INFO - Processing file /opt/airflow/dags/dag_with_py_op.py for tasks to queue
[2025-05-21T16:25:08.250+0000] {logging_mixin.py:190} INFO - [2025-05-21T16:25:08.249+0000] {dagbag.py:588} INFO - Filling up the DagBag from /opt/airflow/dags/dag_with_py_op.py
[2025-05-21T16:25:08.303+0000] {processor.py:925} INFO - DAG(s) 'py_v6' retrieved from /opt/airflow/dags/dag_with_py_op.py
[2025-05-21T16:25:08.367+0000] {logging_mixin.py:190} INFO - [2025-05-21T16:25:08.366+0000] {dag.py:3239} INFO - Sync 1 DAGs
[2025-05-21T16:25:08.411+0000] {logging_mixin.py:190} INFO - [2025-05-21T16:25:08.411+0000] {dag.py:4180} INFO - Setting next_dagrun for py_v6 to 2025-05-22 00:00:00+00:00, run_after=2025-05-23 00:00:00+00:00
[2025-05-21T16:25:08.494+0000] {processor.py:208} INFO - Processing /opt/airflow/dags/dag_with_py_op.py took 0.265 seconds
[2025-05-21T16:25:39.141+0000] {processor.py:186} INFO - Started process (PID=7144) to work on /opt/airflow/dags/dag_with_py_op.py
[2025-05-21T16:25:39.143+0000] {processor.py:914} INFO - Processing file /opt/airflow/dags/dag_with_py_op.py for tasks to queue
[2025-05-21T16:25:39.149+0000] {logging_mixin.py:190} INFO - [2025-05-21T16:25:39.148+0000] {dagbag.py:588} INFO - Filling up the DagBag from /opt/airflow/dags/dag_with_py_op.py
[2025-05-21T16:25:39.183+0000] {processor.py:925} INFO - DAG(s) 'py_v6' retrieved from /opt/airflow/dags/dag_with_py_op.py
[2025-05-21T16:25:39.223+0000] {logging_mixin.py:190} INFO - [2025-05-21T16:25:39.223+0000] {dag.py:3239} INFO - Sync 1 DAGs
[2025-05-21T16:25:39.263+0000] {logging_mixin.py:190} INFO - [2025-05-21T16:25:39.262+0000] {dag.py:4180} INFO - Setting next_dagrun for py_v6 to 2025-05-22 00:00:00+00:00, run_after=2025-05-23 00:00:00+00:00
[2025-05-21T16:25:39.299+0000] {processor.py:208} INFO - Processing /opt/airflow/dags/dag_with_py_op.py took 0.168 seconds
[2025-05-21T16:26:09.926+0000] {processor.py:186} INFO - Started process (PID=7153) to work on /opt/airflow/dags/dag_with_py_op.py
[2025-05-21T16:26:09.928+0000] {processor.py:914} INFO - Processing file /opt/airflow/dags/dag_with_py_op.py for tasks to queue
[2025-05-21T16:26:09.931+0000] {logging_mixin.py:190} INFO - [2025-05-21T16:26:09.930+0000] {dagbag.py:588} INFO - Filling up the DagBag from /opt/airflow/dags/dag_with_py_op.py
[2025-05-21T16:26:09.962+0000] {processor.py:925} INFO - DAG(s) 'py_v6' retrieved from /opt/airflow/dags/dag_with_py_op.py
[2025-05-21T16:26:10.001+0000] {logging_mixin.py:190} INFO - [2025-05-21T16:26:10.001+0000] {dag.py:3239} INFO - Sync 1 DAGs
[2025-05-21T16:26:10.035+0000] {logging_mixin.py:190} INFO - [2025-05-21T16:26:10.034+0000] {dag.py:4180} INFO - Setting next_dagrun for py_v6 to 2025-05-22 00:00:00+00:00, run_after=2025-05-23 00:00:00+00:00
[2025-05-21T16:26:10.066+0000] {processor.py:208} INFO - Processing /opt/airflow/dags/dag_with_py_op.py took 0.147 seconds
[2025-05-21T16:26:40.666+0000] {processor.py:186} INFO - Started process (PID=7162) to work on /opt/airflow/dags/dag_with_py_op.py
[2025-05-21T16:26:40.668+0000] {processor.py:914} INFO - Processing file /opt/airflow/dags/dag_with_py_op.py for tasks to queue
[2025-05-21T16:26:40.671+0000] {logging_mixin.py:190} INFO - [2025-05-21T16:26:40.671+0000] {dagbag.py:588} INFO - Filling up the DagBag from /opt/airflow/dags/dag_with_py_op.py
[2025-05-21T16:26:40.707+0000] {processor.py:925} INFO - DAG(s) 'py_v6' retrieved from /opt/airflow/dags/dag_with_py_op.py
[2025-05-21T16:26:40.750+0000] {logging_mixin.py:190} INFO - [2025-05-21T16:26:40.749+0000] {dag.py:3239} INFO - Sync 1 DAGs
[2025-05-21T16:26:40.791+0000] {logging_mixin.py:190} INFO - [2025-05-21T16:26:40.791+0000] {dag.py:4180} INFO - Setting next_dagrun for py_v6 to 2025-05-22 00:00:00+00:00, run_after=2025-05-23 00:00:00+00:00
[2025-05-21T16:26:40.855+0000] {processor.py:208} INFO - Processing /opt/airflow/dags/dag_with_py_op.py took 0.197 seconds
[2025-05-21T16:27:11.414+0000] {processor.py:186} INFO - Started process (PID=7171) to work on /opt/airflow/dags/dag_with_py_op.py
[2025-05-21T16:27:11.416+0000] {processor.py:914} INFO - Processing file /opt/airflow/dags/dag_with_py_op.py for tasks to queue
[2025-05-21T16:27:11.421+0000] {logging_mixin.py:190} INFO - [2025-05-21T16:27:11.420+0000] {dagbag.py:588} INFO - Filling up the DagBag from /opt/airflow/dags/dag_with_py_op.py
[2025-05-21T16:27:11.472+0000] {processor.py:925} INFO - DAG(s) 'py_v6' retrieved from /opt/airflow/dags/dag_with_py_op.py
[2025-05-21T16:27:11.535+0000] {logging_mixin.py:190} INFO - [2025-05-21T16:27:11.534+0000] {dag.py:3239} INFO - Sync 1 DAGs
[2025-05-21T16:27:11.573+0000] {logging_mixin.py:190} INFO - [2025-05-21T16:27:11.572+0000] {dag.py:4180} INFO - Setting next_dagrun for py_v6 to 2025-05-22 00:00:00+00:00, run_after=2025-05-23 00:00:00+00:00
[2025-05-21T16:27:11.639+0000] {processor.py:208} INFO - Processing /opt/airflow/dags/dag_with_py_op.py took 0.238 seconds
[2025-05-21T16:27:42.209+0000] {processor.py:186} INFO - Started process (PID=7180) to work on /opt/airflow/dags/dag_with_py_op.py
[2025-05-21T16:27:42.212+0000] {processor.py:914} INFO - Processing file /opt/airflow/dags/dag_with_py_op.py for tasks to queue
[2025-05-21T16:27:42.217+0000] {logging_mixin.py:190} INFO - [2025-05-21T16:27:42.216+0000] {dagbag.py:588} INFO - Filling up the DagBag from /opt/airflow/dags/dag_with_py_op.py
[2025-05-21T16:27:42.246+0000] {processor.py:925} INFO - DAG(s) 'py_v6' retrieved from /opt/airflow/dags/dag_with_py_op.py
[2025-05-21T16:27:42.287+0000] {logging_mixin.py:190} INFO - [2025-05-21T16:27:42.287+0000] {dag.py:3239} INFO - Sync 1 DAGs
[2025-05-21T16:27:42.326+0000] {logging_mixin.py:190} INFO - [2025-05-21T16:27:42.326+0000] {dag.py:4180} INFO - Setting next_dagrun for py_v6 to 2025-05-22 00:00:00+00:00, run_after=2025-05-23 00:00:00+00:00
[2025-05-21T16:27:42.394+0000] {processor.py:208} INFO - Processing /opt/airflow/dags/dag_with_py_op.py took 0.194 seconds
[2025-05-21T16:28:12.824+0000] {processor.py:186} INFO - Started process (PID=7189) to work on /opt/airflow/dags/dag_with_py_op.py
[2025-05-21T16:28:12.825+0000] {processor.py:914} INFO - Processing file /opt/airflow/dags/dag_with_py_op.py for tasks to queue
[2025-05-21T16:28:12.829+0000] {logging_mixin.py:190} INFO - [2025-05-21T16:28:12.828+0000] {dagbag.py:588} INFO - Filling up the DagBag from /opt/airflow/dags/dag_with_py_op.py
[2025-05-21T16:28:12.848+0000] {processor.py:925} INFO - DAG(s) 'py_v6' retrieved from /opt/airflow/dags/dag_with_py_op.py
[2025-05-21T16:28:12.873+0000] {logging_mixin.py:190} INFO - [2025-05-21T16:28:12.873+0000] {dag.py:3239} INFO - Sync 1 DAGs
[2025-05-21T16:28:12.895+0000] {logging_mixin.py:190} INFO - [2025-05-21T16:28:12.895+0000] {dag.py:4180} INFO - Setting next_dagrun for py_v6 to 2025-05-22 00:00:00+00:00, run_after=2025-05-23 00:00:00+00:00
[2025-05-21T16:28:12.941+0000] {processor.py:208} INFO - Processing /opt/airflow/dags/dag_with_py_op.py took 0.122 seconds
[2025-05-21T16:28:43.400+0000] {processor.py:186} INFO - Started process (PID=7198) to work on /opt/airflow/dags/dag_with_py_op.py
[2025-05-21T16:28:43.402+0000] {processor.py:914} INFO - Processing file /opt/airflow/dags/dag_with_py_op.py for tasks to queue
[2025-05-21T16:28:43.405+0000] {logging_mixin.py:190} INFO - [2025-05-21T16:28:43.405+0000] {dagbag.py:588} INFO - Filling up the DagBag from /opt/airflow/dags/dag_with_py_op.py
[2025-05-21T16:28:43.446+0000] {processor.py:925} INFO - DAG(s) 'py_v6' retrieved from /opt/airflow/dags/dag_with_py_op.py
[2025-05-21T16:28:43.498+0000] {logging_mixin.py:190} INFO - [2025-05-21T16:28:43.498+0000] {dag.py:3239} INFO - Sync 1 DAGs
[2025-05-21T16:28:43.541+0000] {logging_mixin.py:190} INFO - [2025-05-21T16:28:43.541+0000] {dag.py:4180} INFO - Setting next_dagrun for py_v6 to 2025-05-22 00:00:00+00:00, run_after=2025-05-23 00:00:00+00:00
[2025-05-21T16:28:43.621+0000] {processor.py:208} INFO - Processing /opt/airflow/dags/dag_with_py_op.py took 0.229 seconds
[2025-05-21T16:29:14.250+0000] {processor.py:186} INFO - Started process (PID=7207) to work on /opt/airflow/dags/dag_with_py_op.py
[2025-05-21T16:29:14.252+0000] {processor.py:914} INFO - Processing file /opt/airflow/dags/dag_with_py_op.py for tasks to queue
[2025-05-21T16:29:14.255+0000] {logging_mixin.py:190} INFO - [2025-05-21T16:29:14.255+0000] {dagbag.py:588} INFO - Filling up the DagBag from /opt/airflow/dags/dag_with_py_op.py
[2025-05-21T16:29:14.288+0000] {processor.py:925} INFO - DAG(s) 'py_v6' retrieved from /opt/airflow/dags/dag_with_py_op.py
[2025-05-21T16:29:14.330+0000] {logging_mixin.py:190} INFO - [2025-05-21T16:29:14.329+0000] {dag.py:3239} INFO - Sync 1 DAGs
[2025-05-21T16:29:14.371+0000] {logging_mixin.py:190} INFO - [2025-05-21T16:29:14.371+0000] {dag.py:4180} INFO - Setting next_dagrun for py_v6 to 2025-05-22 00:00:00+00:00, run_after=2025-05-23 00:00:00+00:00
[2025-05-21T16:29:14.425+0000] {processor.py:208} INFO - Processing /opt/airflow/dags/dag_with_py_op.py took 0.182 seconds
