[2025-05-21T15:55:51.434+0000] {processor.py:186} INFO - Started process (PID=50) to work on /opt/airflow/dags/dar_with_taskflow_api.py
[2025-05-21T15:55:51.436+0000] {processor.py:914} INFO - Processing file /opt/airflow/dags/dar_with_taskflow_api.py for tasks to queue
[2025-05-21T15:55:51.439+0000] {logging_mixin.py:190} INFO - [2025-05-21T15:55:51.438+0000] {dagbag.py:588} INFO - Filling up the DagBag from /opt/airflow/dags/dar_with_taskflow_api.py
[2025-05-21T15:55:51.521+0000] {processor.py:925} INFO - DAG(s) 'dag_with_taskflow_api_v02' retrieved from /opt/airflow/dags/dar_with_taskflow_api.py
[2025-05-21T15:55:51.857+0000] {logging_mixin.py:190} INFO - [2025-05-21T15:55:51.857+0000] {override.py:1930} INFO - Created Permission View: can delete on DAG:dag_with_taskflow_api_v02
[2025-05-21T15:55:51.882+0000] {logging_mixin.py:190} INFO - [2025-05-21T15:55:51.882+0000] {override.py:1930} INFO - Created Permission View: can edit on DAG:dag_with_taskflow_api_v02
[2025-05-21T15:55:51.912+0000] {logging_mixin.py:190} INFO - [2025-05-21T15:55:51.911+0000] {override.py:1930} INFO - Created Permission View: can read on DAG:dag_with_taskflow_api_v02
[2025-05-21T15:55:51.943+0000] {logging_mixin.py:190} INFO - [2025-05-21T15:55:51.942+0000] {override.py:1930} INFO - Created Permission View: can delete on DAG Run:dag_with_taskflow_api_v02
[2025-05-21T15:55:51.971+0000] {logging_mixin.py:190} INFO - [2025-05-21T15:55:51.971+0000] {override.py:1930} INFO - Created Permission View: can create on DAG Run:dag_with_taskflow_api_v02
[2025-05-21T15:55:52.000+0000] {logging_mixin.py:190} INFO - [2025-05-21T15:55:51.999+0000] {override.py:1930} INFO - Created Permission View: can read on DAG Run:dag_with_taskflow_api_v02
[2025-05-21T15:55:52.015+0000] {logging_mixin.py:190} INFO - [2025-05-21T15:55:52.015+0000] {override.py:1930} INFO - Created Permission View: menu access on DAG Run:dag_with_taskflow_api_v02
[2025-05-21T15:55:52.017+0000] {logging_mixin.py:190} INFO - [2025-05-21T15:55:52.017+0000] {dag.py:3239} INFO - Sync 1 DAGs
[2025-05-21T15:55:52.067+0000] {logging_mixin.py:190} INFO - [2025-05-21T15:55:52.066+0000] {dag.py:3262} INFO - Creating ORM DAG for dag_with_taskflow_api_v02
[2025-05-21T15:55:52.094+0000] {logging_mixin.py:190} INFO - [2025-05-21T15:55:52.094+0000] {dag.py:4180} INFO - Setting next_dagrun for dag_with_taskflow_api_v02 to 2021-10-26 00:00:00+00:00, run_after=2021-10-27 00:00:00+00:00
[2025-05-21T15:55:52.151+0000] {processor.py:208} INFO - Processing /opt/airflow/dags/dar_with_taskflow_api.py took 0.724 seconds
[2025-05-21T15:56:22.638+0000] {processor.py:186} INFO - Started process (PID=65) to work on /opt/airflow/dags/dar_with_taskflow_api.py
[2025-05-21T15:56:22.641+0000] {processor.py:914} INFO - Processing file /opt/airflow/dags/dar_with_taskflow_api.py for tasks to queue
[2025-05-21T15:56:22.645+0000] {logging_mixin.py:190} INFO - [2025-05-21T15:56:22.645+0000] {dagbag.py:588} INFO - Filling up the DagBag from /opt/airflow/dags/dar_with_taskflow_api.py
[2025-05-21T15:56:22.677+0000] {processor.py:925} INFO - DAG(s) 'dag_with_taskflow_api_v02' retrieved from /opt/airflow/dags/dar_with_taskflow_api.py
[2025-05-21T15:56:22.725+0000] {logging_mixin.py:190} INFO - [2025-05-21T15:56:22.724+0000] {dag.py:3239} INFO - Sync 1 DAGs
[2025-05-21T15:56:22.759+0000] {logging_mixin.py:190} INFO - [2025-05-21T15:56:22.759+0000] {dag.py:4180} INFO - Setting next_dagrun for dag_with_taskflow_api_v02 to 2021-10-26 00:00:00+00:00, run_after=2021-10-27 00:00:00+00:00
[2025-05-21T15:56:22.825+0000] {processor.py:208} INFO - Processing /opt/airflow/dags/dar_with_taskflow_api.py took 0.201 seconds
[2025-05-21T15:56:53.423+0000] {processor.py:186} INFO - Started process (PID=75) to work on /opt/airflow/dags/dar_with_taskflow_api.py
[2025-05-21T15:56:53.425+0000] {processor.py:914} INFO - Processing file /opt/airflow/dags/dar_with_taskflow_api.py for tasks to queue
[2025-05-21T15:56:53.428+0000] {logging_mixin.py:190} INFO - [2025-05-21T15:56:53.428+0000] {dagbag.py:588} INFO - Filling up the DagBag from /opt/airflow/dags/dar_with_taskflow_api.py
[2025-05-21T15:56:53.473+0000] {processor.py:925} INFO - DAG(s) 'dag_with_taskflow_api_v02' retrieved from /opt/airflow/dags/dar_with_taskflow_api.py
[2025-05-21T15:56:53.517+0000] {logging_mixin.py:190} INFO - [2025-05-21T15:56:53.516+0000] {dag.py:3239} INFO - Sync 1 DAGs
[2025-05-21T15:56:53.554+0000] {logging_mixin.py:190} INFO - [2025-05-21T15:56:53.553+0000] {dag.py:4180} INFO - Setting next_dagrun for dag_with_taskflow_api_v02 to 2021-10-26 00:00:00+00:00, run_after=2021-10-27 00:00:00+00:00
[2025-05-21T15:56:53.625+0000] {processor.py:208} INFO - Processing /opt/airflow/dags/dar_with_taskflow_api.py took 0.209 seconds
[2025-05-21T15:57:24.145+0000] {processor.py:186} INFO - Started process (PID=84) to work on /opt/airflow/dags/dar_with_taskflow_api.py
[2025-05-21T15:57:24.146+0000] {processor.py:914} INFO - Processing file /opt/airflow/dags/dar_with_taskflow_api.py for tasks to queue
[2025-05-21T15:57:24.149+0000] {logging_mixin.py:190} INFO - [2025-05-21T15:57:24.148+0000] {dagbag.py:588} INFO - Filling up the DagBag from /opt/airflow/dags/dar_with_taskflow_api.py
[2025-05-21T15:57:24.183+0000] {processor.py:925} INFO - DAG(s) 'dag_with_taskflow_api_v02' retrieved from /opt/airflow/dags/dar_with_taskflow_api.py
[2025-05-21T15:57:24.220+0000] {logging_mixin.py:190} INFO - [2025-05-21T15:57:24.219+0000] {dag.py:3239} INFO - Sync 1 DAGs
[2025-05-21T15:57:24.254+0000] {logging_mixin.py:190} INFO - [2025-05-21T15:57:24.254+0000] {dag.py:4180} INFO - Setting next_dagrun for dag_with_taskflow_api_v02 to 2021-10-26 00:00:00+00:00, run_after=2021-10-27 00:00:00+00:00
[2025-05-21T15:57:24.319+0000] {processor.py:208} INFO - Processing /opt/airflow/dags/dar_with_taskflow_api.py took 0.181 seconds
[2025-05-21T15:57:54.841+0000] {processor.py:186} INFO - Started process (PID=93) to work on /opt/airflow/dags/dar_with_taskflow_api.py
[2025-05-21T15:57:54.844+0000] {processor.py:914} INFO - Processing file /opt/airflow/dags/dar_with_taskflow_api.py for tasks to queue
[2025-05-21T15:57:54.848+0000] {logging_mixin.py:190} INFO - [2025-05-21T15:57:54.848+0000] {dagbag.py:588} INFO - Filling up the DagBag from /opt/airflow/dags/dar_with_taskflow_api.py
[2025-05-21T15:57:54.897+0000] {processor.py:925} INFO - DAG(s) 'dag_with_taskflow_api_v02' retrieved from /opt/airflow/dags/dar_with_taskflow_api.py
[2025-05-21T15:57:54.951+0000] {logging_mixin.py:190} INFO - [2025-05-21T15:57:54.950+0000] {dag.py:3239} INFO - Sync 1 DAGs
[2025-05-21T15:57:54.990+0000] {logging_mixin.py:190} INFO - [2025-05-21T15:57:54.989+0000] {dag.py:4180} INFO - Setting next_dagrun for dag_with_taskflow_api_v02 to 2021-10-26 00:00:00+00:00, run_after=2021-10-27 00:00:00+00:00
[2025-05-21T15:57:55.059+0000] {processor.py:208} INFO - Processing /opt/airflow/dags/dar_with_taskflow_api.py took 0.232 seconds
[2025-05-21T15:58:25.906+0000] {processor.py:186} INFO - Started process (PID=102) to work on /opt/airflow/dags/dar_with_taskflow_api.py
[2025-05-21T15:58:25.908+0000] {processor.py:914} INFO - Processing file /opt/airflow/dags/dar_with_taskflow_api.py for tasks to queue
[2025-05-21T15:58:25.913+0000] {logging_mixin.py:190} INFO - [2025-05-21T15:58:25.912+0000] {dagbag.py:588} INFO - Filling up the DagBag from /opt/airflow/dags/dar_with_taskflow_api.py
[2025-05-21T15:58:25.948+0000] {processor.py:925} INFO - DAG(s) 'dag_with_taskflow_api_v02' retrieved from /opt/airflow/dags/dar_with_taskflow_api.py
[2025-05-21T15:58:25.989+0000] {logging_mixin.py:190} INFO - [2025-05-21T15:58:25.988+0000] {dag.py:3239} INFO - Sync 1 DAGs
[2025-05-21T15:58:26.049+0000] {logging_mixin.py:190} INFO - [2025-05-21T15:58:26.049+0000] {dag.py:4180} INFO - Setting next_dagrun for dag_with_taskflow_api_v02 to 2021-10-26 00:00:00+00:00, run_after=2021-10-27 00:00:00+00:00
[2025-05-21T15:58:26.113+0000] {processor.py:208} INFO - Processing /opt/airflow/dags/dar_with_taskflow_api.py took 0.215 seconds
[2025-05-21T15:58:56.714+0000] {processor.py:186} INFO - Started process (PID=110) to work on /opt/airflow/dags/dar_with_taskflow_api.py
[2025-05-21T15:58:56.717+0000] {processor.py:914} INFO - Processing file /opt/airflow/dags/dar_with_taskflow_api.py for tasks to queue
[2025-05-21T15:58:56.721+0000] {logging_mixin.py:190} INFO - [2025-05-21T15:58:56.721+0000] {dagbag.py:588} INFO - Filling up the DagBag from /opt/airflow/dags/dar_with_taskflow_api.py
[2025-05-21T15:58:56.754+0000] {processor.py:925} INFO - DAG(s) 'dag_with_taskflow_api_v02' retrieved from /opt/airflow/dags/dar_with_taskflow_api.py
[2025-05-21T15:58:56.800+0000] {logging_mixin.py:190} INFO - [2025-05-21T15:58:56.800+0000] {dag.py:3239} INFO - Sync 1 DAGs
[2025-05-21T15:58:56.839+0000] {logging_mixin.py:190} INFO - [2025-05-21T15:58:56.839+0000] {dag.py:4180} INFO - Setting next_dagrun for dag_with_taskflow_api_v02 to 2021-10-26 00:00:00+00:00, run_after=2021-10-27 00:00:00+00:00
[2025-05-21T15:58:56.908+0000] {processor.py:208} INFO - Processing /opt/airflow/dags/dar_with_taskflow_api.py took 0.212 seconds
[2025-05-21T15:59:27.415+0000] {processor.py:186} INFO - Started process (PID=119) to work on /opt/airflow/dags/dar_with_taskflow_api.py
[2025-05-21T15:59:27.417+0000] {processor.py:914} INFO - Processing file /opt/airflow/dags/dar_with_taskflow_api.py for tasks to queue
[2025-05-21T15:59:27.421+0000] {logging_mixin.py:190} INFO - [2025-05-21T15:59:27.421+0000] {dagbag.py:588} INFO - Filling up the DagBag from /opt/airflow/dags/dar_with_taskflow_api.py
[2025-05-21T15:59:27.453+0000] {processor.py:925} INFO - DAG(s) 'dag_with_taskflow_api_v02' retrieved from /opt/airflow/dags/dar_with_taskflow_api.py
[2025-05-21T15:59:27.501+0000] {logging_mixin.py:190} INFO - [2025-05-21T15:59:27.500+0000] {dag.py:3239} INFO - Sync 1 DAGs
[2025-05-21T15:59:27.541+0000] {logging_mixin.py:190} INFO - [2025-05-21T15:59:27.540+0000] {dag.py:4180} INFO - Setting next_dagrun for dag_with_taskflow_api_v02 to 2021-10-26 00:00:00+00:00, run_after=2021-10-27 00:00:00+00:00
[2025-05-21T15:59:27.606+0000] {processor.py:208} INFO - Processing /opt/airflow/dags/dar_with_taskflow_api.py took 0.197 seconds
[2025-05-21T15:59:58.147+0000] {processor.py:186} INFO - Started process (PID=128) to work on /opt/airflow/dags/dar_with_taskflow_api.py
[2025-05-21T15:59:58.149+0000] {processor.py:914} INFO - Processing file /opt/airflow/dags/dar_with_taskflow_api.py for tasks to queue
[2025-05-21T15:59:58.155+0000] {logging_mixin.py:190} INFO - [2025-05-21T15:59:58.154+0000] {dagbag.py:588} INFO - Filling up the DagBag from /opt/airflow/dags/dar_with_taskflow_api.py
[2025-05-21T15:59:58.189+0000] {processor.py:925} INFO - DAG(s) 'dag_with_taskflow_api_v02' retrieved from /opt/airflow/dags/dar_with_taskflow_api.py
[2025-05-21T15:59:58.231+0000] {logging_mixin.py:190} INFO - [2025-05-21T15:59:58.231+0000] {dag.py:3239} INFO - Sync 1 DAGs
[2025-05-21T15:59:58.268+0000] {logging_mixin.py:190} INFO - [2025-05-21T15:59:58.268+0000] {dag.py:4180} INFO - Setting next_dagrun for dag_with_taskflow_api_v02 to 2021-10-26 00:00:00+00:00, run_after=2021-10-27 00:00:00+00:00
[2025-05-21T15:59:58.302+0000] {processor.py:208} INFO - Processing /opt/airflow/dags/dar_with_taskflow_api.py took 0.162 seconds
[2025-05-21T16:00:28.817+0000] {processor.py:186} INFO - Started process (PID=137) to work on /opt/airflow/dags/dar_with_taskflow_api.py
[2025-05-21T16:00:28.819+0000] {processor.py:914} INFO - Processing file /opt/airflow/dags/dar_with_taskflow_api.py for tasks to queue
[2025-05-21T16:00:28.823+0000] {logging_mixin.py:190} INFO - [2025-05-21T16:00:28.822+0000] {dagbag.py:588} INFO - Filling up the DagBag from /opt/airflow/dags/dar_with_taskflow_api.py
[2025-05-21T16:00:28.862+0000] {processor.py:925} INFO - DAG(s) 'dag_with_taskflow_api_v02' retrieved from /opt/airflow/dags/dar_with_taskflow_api.py
[2025-05-21T16:00:28.896+0000] {logging_mixin.py:190} INFO - [2025-05-21T16:00:28.895+0000] {dag.py:3239} INFO - Sync 1 DAGs
[2025-05-21T16:00:28.930+0000] {logging_mixin.py:190} INFO - [2025-05-21T16:00:28.930+0000] {dag.py:4180} INFO - Setting next_dagrun for dag_with_taskflow_api_v02 to 2021-10-26 00:00:00+00:00, run_after=2021-10-27 00:00:00+00:00
[2025-05-21T16:00:28.963+0000] {processor.py:208} INFO - Processing /opt/airflow/dags/dar_with_taskflow_api.py took 0.156 seconds
[2025-05-21T16:00:59.182+0000] {processor.py:186} INFO - Started process (PID=213) to work on /opt/airflow/dags/dar_with_taskflow_api.py
[2025-05-21T16:00:59.199+0000] {processor.py:914} INFO - Processing file /opt/airflow/dags/dar_with_taskflow_api.py for tasks to queue
[2025-05-21T16:00:59.204+0000] {logging_mixin.py:190} INFO - [2025-05-21T16:00:59.204+0000] {dagbag.py:588} INFO - Filling up the DagBag from /opt/airflow/dags/dar_with_taskflow_api.py
[2025-05-21T16:00:59.227+0000] {processor.py:925} INFO - DAG(s) 'dag_with_taskflow_api_v02' retrieved from /opt/airflow/dags/dar_with_taskflow_api.py
[2025-05-21T16:00:59.257+0000] {logging_mixin.py:190} INFO - [2025-05-21T16:00:59.256+0000] {dag.py:3239} INFO - Sync 1 DAGs
[2025-05-21T16:00:59.286+0000] {logging_mixin.py:190} INFO - [2025-05-21T16:00:59.285+0000] {dag.py:4180} INFO - Setting next_dagrun for dag_with_taskflow_api_v02 to 2021-11-08 00:00:00+00:00, run_after=2021-11-09 00:00:00+00:00
[2025-05-21T16:00:59.311+0000] {processor.py:208} INFO - Processing /opt/airflow/dags/dar_with_taskflow_api.py took 0.136 seconds
[2025-05-21T16:01:29.945+0000] {processor.py:186} INFO - Started process (PID=398) to work on /opt/airflow/dags/dar_with_taskflow_api.py
[2025-05-21T16:01:29.955+0000] {processor.py:914} INFO - Processing file /opt/airflow/dags/dar_with_taskflow_api.py for tasks to queue
[2025-05-21T16:01:29.965+0000] {logging_mixin.py:190} INFO - [2025-05-21T16:01:29.964+0000] {dagbag.py:588} INFO - Filling up the DagBag from /opt/airflow/dags/dar_with_taskflow_api.py
[2025-05-21T16:01:30.111+0000] {processor.py:925} INFO - DAG(s) 'dag_with_taskflow_api_v02' retrieved from /opt/airflow/dags/dar_with_taskflow_api.py
[2025-05-21T16:01:30.188+0000] {logging_mixin.py:190} INFO - [2025-05-21T16:01:30.181+0000] {dag.py:3239} INFO - Sync 1 DAGs
[2025-05-21T16:01:30.282+0000] {logging_mixin.py:190} INFO - [2025-05-21T16:01:30.282+0000] {dag.py:4180} INFO - Setting next_dagrun for dag_with_taskflow_api_v02 to 2021-12-14 00:00:00+00:00, run_after=2021-12-15 00:00:00+00:00
[2025-05-21T16:01:30.345+0000] {processor.py:208} INFO - Processing /opt/airflow/dags/dar_with_taskflow_api.py took 0.413 seconds
[2025-05-21T16:02:01.157+0000] {processor.py:186} INFO - Started process (PID=575) to work on /opt/airflow/dags/dar_with_taskflow_api.py
[2025-05-21T16:02:01.163+0000] {processor.py:914} INFO - Processing file /opt/airflow/dags/dar_with_taskflow_api.py for tasks to queue
[2025-05-21T16:02:01.189+0000] {logging_mixin.py:190} INFO - [2025-05-21T16:02:01.187+0000] {dagbag.py:588} INFO - Filling up the DagBag from /opt/airflow/dags/dar_with_taskflow_api.py
[2025-05-21T16:02:01.235+0000] {processor.py:925} INFO - DAG(s) 'dag_with_taskflow_api_v02' retrieved from /opt/airflow/dags/dar_with_taskflow_api.py
[2025-05-21T16:02:01.344+0000] {logging_mixin.py:190} INFO - [2025-05-21T16:02:01.343+0000] {dag.py:3239} INFO - Sync 1 DAGs
[2025-05-21T16:02:01.404+0000] {logging_mixin.py:190} INFO - [2025-05-21T16:02:01.404+0000] {dag.py:4180} INFO - Setting next_dagrun for dag_with_taskflow_api_v02 to 2022-01-17 00:00:00+00:00, run_after=2022-01-18 00:00:00+00:00
[2025-05-21T16:02:01.470+0000] {processor.py:208} INFO - Processing /opt/airflow/dags/dar_with_taskflow_api.py took 0.323 seconds
[2025-05-21T16:02:32.025+0000] {processor.py:186} INFO - Started process (PID=761) to work on /opt/airflow/dags/dar_with_taskflow_api.py
[2025-05-21T16:02:32.030+0000] {processor.py:914} INFO - Processing file /opt/airflow/dags/dar_with_taskflow_api.py for tasks to queue
[2025-05-21T16:02:32.038+0000] {logging_mixin.py:190} INFO - [2025-05-21T16:02:32.037+0000] {dagbag.py:588} INFO - Filling up the DagBag from /opt/airflow/dags/dar_with_taskflow_api.py
[2025-05-21T16:02:32.109+0000] {processor.py:925} INFO - DAG(s) 'dag_with_taskflow_api_v02' retrieved from /opt/airflow/dags/dar_with_taskflow_api.py
[2025-05-21T16:02:32.170+0000] {logging_mixin.py:190} INFO - [2025-05-21T16:02:32.168+0000] {dag.py:3239} INFO - Sync 1 DAGs
[2025-05-21T16:02:32.215+0000] {logging_mixin.py:190} INFO - [2025-05-21T16:02:32.215+0000] {dag.py:4180} INFO - Setting next_dagrun for dag_with_taskflow_api_v02 to 2022-02-19 00:00:00+00:00, run_after=2022-02-20 00:00:00+00:00
[2025-05-21T16:02:32.252+0000] {processor.py:208} INFO - Processing /opt/airflow/dags/dar_with_taskflow_api.py took 0.236 seconds
[2025-05-21T16:03:02.689+0000] {processor.py:186} INFO - Started process (PID=943) to work on /opt/airflow/dags/dar_with_taskflow_api.py
[2025-05-21T16:03:02.700+0000] {processor.py:914} INFO - Processing file /opt/airflow/dags/dar_with_taskflow_api.py for tasks to queue
[2025-05-21T16:03:02.704+0000] {logging_mixin.py:190} INFO - [2025-05-21T16:03:02.703+0000] {dagbag.py:588} INFO - Filling up the DagBag from /opt/airflow/dags/dar_with_taskflow_api.py
[2025-05-21T16:03:02.801+0000] {processor.py:925} INFO - DAG(s) 'dag_with_taskflow_api_v02' retrieved from /opt/airflow/dags/dar_with_taskflow_api.py
[2025-05-21T16:03:02.898+0000] {logging_mixin.py:190} INFO - [2025-05-21T16:03:02.898+0000] {dag.py:3239} INFO - Sync 1 DAGs
[2025-05-21T16:03:02.965+0000] {logging_mixin.py:190} INFO - [2025-05-21T16:03:02.964+0000] {dag.py:4180} INFO - Setting next_dagrun for dag_with_taskflow_api_v02 to 2022-03-24 00:00:00+00:00, run_after=2022-03-25 00:00:00+00:00
[2025-05-21T16:03:03.037+0000] {processor.py:208} INFO - Processing /opt/airflow/dags/dar_with_taskflow_api.py took 0.355 seconds
[2025-05-21T16:03:33.405+0000] {processor.py:186} INFO - Started process (PID=1115) to work on /opt/airflow/dags/dar_with_taskflow_api.py
[2025-05-21T16:03:33.409+0000] {processor.py:914} INFO - Processing file /opt/airflow/dags/dar_with_taskflow_api.py for tasks to queue
[2025-05-21T16:03:33.417+0000] {logging_mixin.py:190} INFO - [2025-05-21T16:03:33.415+0000] {dagbag.py:588} INFO - Filling up the DagBag from /opt/airflow/dags/dar_with_taskflow_api.py
[2025-05-21T16:03:33.479+0000] {processor.py:925} INFO - DAG(s) 'dag_with_taskflow_api_v02' retrieved from /opt/airflow/dags/dar_with_taskflow_api.py
[2025-05-21T16:03:33.604+0000] {logging_mixin.py:190} INFO - [2025-05-21T16:03:33.603+0000] {dag.py:3239} INFO - Sync 1 DAGs
[2025-05-21T16:03:33.656+0000] {logging_mixin.py:190} INFO - [2025-05-21T16:03:33.655+0000] {dag.py:4180} INFO - Setting next_dagrun for dag_with_taskflow_api_v02 to 2022-04-28 00:00:00+00:00, run_after=2022-04-29 00:00:00+00:00
[2025-05-21T16:03:33.714+0000] {processor.py:208} INFO - Processing /opt/airflow/dags/dar_with_taskflow_api.py took 0.317 seconds
[2025-05-21T16:04:04.277+0000] {processor.py:186} INFO - Started process (PID=1284) to work on /opt/airflow/dags/dar_with_taskflow_api.py
[2025-05-21T16:04:04.281+0000] {processor.py:914} INFO - Processing file /opt/airflow/dags/dar_with_taskflow_api.py for tasks to queue
[2025-05-21T16:04:04.290+0000] {logging_mixin.py:190} INFO - [2025-05-21T16:04:04.290+0000] {dagbag.py:588} INFO - Filling up the DagBag from /opt/airflow/dags/dar_with_taskflow_api.py
[2025-05-21T16:04:04.321+0000] {processor.py:925} INFO - DAG(s) 'dag_with_taskflow_api_v02' retrieved from /opt/airflow/dags/dar_with_taskflow_api.py
[2025-05-21T16:04:04.358+0000] {logging_mixin.py:190} INFO - [2025-05-21T16:04:04.358+0000] {dag.py:3239} INFO - Sync 1 DAGs
[2025-05-21T16:04:04.391+0000] {logging_mixin.py:190} INFO - [2025-05-21T16:04:04.391+0000] {dag.py:4180} INFO - Setting next_dagrun for dag_with_taskflow_api_v02 to 2022-05-27 00:00:00+00:00, run_after=2022-05-28 00:00:00+00:00
[2025-05-21T16:04:04.421+0000] {processor.py:208} INFO - Processing /opt/airflow/dags/dar_with_taskflow_api.py took 0.153 seconds
[2025-05-21T16:04:35.078+0000] {processor.py:186} INFO - Started process (PID=1471) to work on /opt/airflow/dags/dar_with_taskflow_api.py
[2025-05-21T16:04:35.079+0000] {processor.py:914} INFO - Processing file /opt/airflow/dags/dar_with_taskflow_api.py for tasks to queue
[2025-05-21T16:04:35.082+0000] {logging_mixin.py:190} INFO - [2025-05-21T16:04:35.081+0000] {dagbag.py:588} INFO - Filling up the DagBag from /opt/airflow/dags/dar_with_taskflow_api.py
[2025-05-21T16:04:35.106+0000] {processor.py:925} INFO - DAG(s) 'dag_with_taskflow_api_v02' retrieved from /opt/airflow/dags/dar_with_taskflow_api.py
[2025-05-21T16:04:35.164+0000] {logging_mixin.py:190} INFO - [2025-05-21T16:04:35.163+0000] {dag.py:3239} INFO - Sync 1 DAGs
[2025-05-21T16:04:35.221+0000] {logging_mixin.py:190} INFO - [2025-05-21T16:04:35.221+0000] {dag.py:4180} INFO - Setting next_dagrun for dag_with_taskflow_api_v02 to 2022-07-03 00:00:00+00:00, run_after=2022-07-04 00:00:00+00:00
[2025-05-21T16:04:35.267+0000] {processor.py:208} INFO - Processing /opt/airflow/dags/dar_with_taskflow_api.py took 0.202 seconds
[2025-05-21T16:05:05.802+0000] {processor.py:186} INFO - Started process (PID=1649) to work on /opt/airflow/dags/dar_with_taskflow_api.py
[2025-05-21T16:05:05.807+0000] {processor.py:914} INFO - Processing file /opt/airflow/dags/dar_with_taskflow_api.py for tasks to queue
[2025-05-21T16:05:05.812+0000] {logging_mixin.py:190} INFO - [2025-05-21T16:05:05.811+0000] {dagbag.py:588} INFO - Filling up the DagBag from /opt/airflow/dags/dar_with_taskflow_api.py
[2025-05-21T16:05:05.939+0000] {processor.py:925} INFO - DAG(s) 'dag_with_taskflow_api_v02' retrieved from /opt/airflow/dags/dar_with_taskflow_api.py
[2025-05-21T16:05:05.994+0000] {logging_mixin.py:190} INFO - [2025-05-21T16:05:05.994+0000] {dag.py:3239} INFO - Sync 1 DAGs
[2025-05-21T16:05:06.080+0000] {logging_mixin.py:190} INFO - [2025-05-21T16:05:06.079+0000] {dag.py:4180} INFO - Setting next_dagrun for dag_with_taskflow_api_v02 to 2022-08-07 00:00:00+00:00, run_after=2022-08-08 00:00:00+00:00
[2025-05-21T16:05:06.147+0000] {processor.py:208} INFO - Processing /opt/airflow/dags/dar_with_taskflow_api.py took 0.357 seconds
[2025-05-21T16:05:36.768+0000] {processor.py:186} INFO - Started process (PID=1800) to work on /opt/airflow/dags/dar_with_taskflow_api.py
[2025-05-21T16:05:36.769+0000] {processor.py:914} INFO - Processing file /opt/airflow/dags/dar_with_taskflow_api.py for tasks to queue
[2025-05-21T16:05:36.773+0000] {logging_mixin.py:190} INFO - [2025-05-21T16:05:36.772+0000] {dagbag.py:588} INFO - Filling up the DagBag from /opt/airflow/dags/dar_with_taskflow_api.py
[2025-05-21T16:05:36.797+0000] {processor.py:925} INFO - DAG(s) 'dag_with_taskflow_api_v02' retrieved from /opt/airflow/dags/dar_with_taskflow_api.py
[2025-05-21T16:05:36.861+0000] {logging_mixin.py:190} INFO - [2025-05-21T16:05:36.861+0000] {dag.py:3239} INFO - Sync 1 DAGs
[2025-05-21T16:05:36.891+0000] {logging_mixin.py:190} INFO - [2025-05-21T16:05:36.891+0000] {dag.py:4180} INFO - Setting next_dagrun for dag_with_taskflow_api_v02 to 2022-09-02 00:00:00+00:00, run_after=2022-09-03 00:00:00+00:00
[2025-05-21T16:05:36.919+0000] {processor.py:208} INFO - Processing /opt/airflow/dags/dar_with_taskflow_api.py took 0.158 seconds
[2025-05-21T16:06:07.633+0000] {processor.py:186} INFO - Started process (PID=1963) to work on /opt/airflow/dags/dar_with_taskflow_api.py
[2025-05-21T16:06:07.635+0000] {processor.py:914} INFO - Processing file /opt/airflow/dags/dar_with_taskflow_api.py for tasks to queue
[2025-05-21T16:06:07.640+0000] {logging_mixin.py:190} INFO - [2025-05-21T16:06:07.640+0000] {dagbag.py:588} INFO - Filling up the DagBag from /opt/airflow/dags/dar_with_taskflow_api.py
[2025-05-21T16:06:07.674+0000] {processor.py:925} INFO - DAG(s) 'dag_with_taskflow_api_v02' retrieved from /opt/airflow/dags/dar_with_taskflow_api.py
[2025-05-21T16:06:07.711+0000] {logging_mixin.py:190} INFO - [2025-05-21T16:06:07.711+0000] {dag.py:3239} INFO - Sync 1 DAGs
[2025-05-21T16:06:07.746+0000] {logging_mixin.py:190} INFO - [2025-05-21T16:06:07.745+0000] {dag.py:4180} INFO - Setting next_dagrun for dag_with_taskflow_api_v02 to 2022-10-02 00:00:00+00:00, run_after=2022-10-03 00:00:00+00:00
[2025-05-21T16:06:07.788+0000] {processor.py:208} INFO - Processing /opt/airflow/dags/dar_with_taskflow_api.py took 0.176 seconds
[2025-05-21T16:06:38.465+0000] {processor.py:186} INFO - Started process (PID=2148) to work on /opt/airflow/dags/dar_with_taskflow_api.py
[2025-05-21T16:06:38.466+0000] {processor.py:914} INFO - Processing file /opt/airflow/dags/dar_with_taskflow_api.py for tasks to queue
[2025-05-21T16:06:38.469+0000] {logging_mixin.py:190} INFO - [2025-05-21T16:06:38.468+0000] {dagbag.py:588} INFO - Filling up the DagBag from /opt/airflow/dags/dar_with_taskflow_api.py
[2025-05-21T16:06:38.508+0000] {processor.py:925} INFO - DAG(s) 'dag_with_taskflow_api_v02' retrieved from /opt/airflow/dags/dar_with_taskflow_api.py
[2025-05-21T16:06:38.612+0000] {logging_mixin.py:190} INFO - [2025-05-21T16:06:38.611+0000] {dag.py:3239} INFO - Sync 1 DAGs
[2025-05-21T16:06:38.664+0000] {logging_mixin.py:190} INFO - [2025-05-21T16:06:38.662+0000] {dag.py:4180} INFO - Setting next_dagrun for dag_with_taskflow_api_v02 to 2022-11-08 00:00:00+00:00, run_after=2022-11-09 00:00:00+00:00
[2025-05-21T16:06:38.724+0000] {processor.py:208} INFO - Processing /opt/airflow/dags/dar_with_taskflow_api.py took 0.271 seconds
[2025-05-21T16:07:09.398+0000] {processor.py:186} INFO - Started process (PID=2303) to work on /opt/airflow/dags/dar_with_taskflow_api.py
[2025-05-21T16:07:09.399+0000] {processor.py:914} INFO - Processing file /opt/airflow/dags/dar_with_taskflow_api.py for tasks to queue
[2025-05-21T16:07:09.402+0000] {logging_mixin.py:190} INFO - [2025-05-21T16:07:09.401+0000] {dagbag.py:588} INFO - Filling up the DagBag from /opt/airflow/dags/dar_with_taskflow_api.py
[2025-05-21T16:07:09.426+0000] {processor.py:925} INFO - DAG(s) 'dag_with_taskflow_api_v02' retrieved from /opt/airflow/dags/dar_with_taskflow_api.py
[2025-05-21T16:07:09.458+0000] {logging_mixin.py:190} INFO - [2025-05-21T16:07:09.457+0000] {dag.py:3239} INFO - Sync 1 DAGs
[2025-05-21T16:07:09.485+0000] {logging_mixin.py:190} INFO - [2025-05-21T16:07:09.485+0000] {dag.py:4180} INFO - Setting next_dagrun for dag_with_taskflow_api_v02 to 2022-12-05 00:00:00+00:00, run_after=2022-12-06 00:00:00+00:00
[2025-05-21T16:07:09.509+0000] {processor.py:208} INFO - Processing /opt/airflow/dags/dar_with_taskflow_api.py took 0.117 seconds
[2025-05-21T16:07:40.209+0000] {processor.py:186} INFO - Started process (PID=2466) to work on /opt/airflow/dags/dar_with_taskflow_api.py
[2025-05-21T16:07:40.211+0000] {processor.py:914} INFO - Processing file /opt/airflow/dags/dar_with_taskflow_api.py for tasks to queue
[2025-05-21T16:07:40.218+0000] {logging_mixin.py:190} INFO - [2025-05-21T16:07:40.217+0000] {dagbag.py:588} INFO - Filling up the DagBag from /opt/airflow/dags/dar_with_taskflow_api.py
[2025-05-21T16:07:40.294+0000] {processor.py:925} INFO - DAG(s) 'dag_with_taskflow_api_v02' retrieved from /opt/airflow/dags/dar_with_taskflow_api.py
[2025-05-21T16:07:40.369+0000] {logging_mixin.py:190} INFO - [2025-05-21T16:07:40.369+0000] {dag.py:3239} INFO - Sync 1 DAGs
[2025-05-21T16:07:40.424+0000] {logging_mixin.py:190} INFO - [2025-05-21T16:07:40.424+0000] {dag.py:4180} INFO - Setting next_dagrun for dag_with_taskflow_api_v02 to 2023-01-05 00:00:00+00:00, run_after=2023-01-06 00:00:00+00:00
[2025-05-21T16:07:40.488+0000] {processor.py:208} INFO - Processing /opt/airflow/dags/dar_with_taskflow_api.py took 0.290 seconds
[2025-05-21T16:08:11.178+0000] {processor.py:186} INFO - Started process (PID=2607) to work on /opt/airflow/dags/dar_with_taskflow_api.py
[2025-05-21T16:08:11.179+0000] {processor.py:914} INFO - Processing file /opt/airflow/dags/dar_with_taskflow_api.py for tasks to queue
[2025-05-21T16:08:11.181+0000] {logging_mixin.py:190} INFO - [2025-05-21T16:08:11.181+0000] {dagbag.py:588} INFO - Filling up the DagBag from /opt/airflow/dags/dar_with_taskflow_api.py
[2025-05-21T16:08:11.201+0000] {processor.py:925} INFO - DAG(s) 'dag_with_taskflow_api_v02' retrieved from /opt/airflow/dags/dar_with_taskflow_api.py
[2025-05-21T16:08:11.226+0000] {logging_mixin.py:190} INFO - [2025-05-21T16:08:11.225+0000] {dag.py:3239} INFO - Sync 1 DAGs
[2025-05-21T16:08:11.248+0000] {logging_mixin.py:190} INFO - [2025-05-21T16:08:11.248+0000] {dag.py:4180} INFO - Setting next_dagrun for dag_with_taskflow_api_v02 to 2023-01-31 00:00:00+00:00, run_after=2023-02-01 00:00:00+00:00
[2025-05-21T16:08:11.306+0000] {processor.py:208} INFO - Processing /opt/airflow/dags/dar_with_taskflow_api.py took 0.133 seconds
[2025-05-21T16:08:41.816+0000] {processor.py:186} INFO - Started process (PID=2786) to work on /opt/airflow/dags/dar_with_taskflow_api.py
[2025-05-21T16:08:41.817+0000] {processor.py:914} INFO - Processing file /opt/airflow/dags/dar_with_taskflow_api.py for tasks to queue
[2025-05-21T16:08:41.820+0000] {logging_mixin.py:190} INFO - [2025-05-21T16:08:41.819+0000] {dagbag.py:588} INFO - Filling up the DagBag from /opt/airflow/dags/dar_with_taskflow_api.py
[2025-05-21T16:08:41.876+0000] {processor.py:925} INFO - DAG(s) 'dag_with_taskflow_api_v02' retrieved from /opt/airflow/dags/dar_with_taskflow_api.py
[2025-05-21T16:08:41.911+0000] {logging_mixin.py:190} INFO - [2025-05-21T16:08:41.910+0000] {dag.py:3239} INFO - Sync 1 DAGs
[2025-05-21T16:08:41.948+0000] {logging_mixin.py:190} INFO - [2025-05-21T16:08:41.948+0000] {dag.py:4180} INFO - Setting next_dagrun for dag_with_taskflow_api_v02 to 2023-03-07 00:00:00+00:00, run_after=2023-03-08 00:00:00+00:00
[2025-05-21T16:08:41.979+0000] {processor.py:208} INFO - Processing /opt/airflow/dags/dar_with_taskflow_api.py took 0.173 seconds
[2025-05-21T16:09:12.645+0000] {processor.py:186} INFO - Started process (PID=2962) to work on /opt/airflow/dags/dar_with_taskflow_api.py
[2025-05-21T16:09:12.658+0000] {processor.py:914} INFO - Processing file /opt/airflow/dags/dar_with_taskflow_api.py for tasks to queue
[2025-05-21T16:09:12.662+0000] {logging_mixin.py:190} INFO - [2025-05-21T16:09:12.661+0000] {dagbag.py:588} INFO - Filling up the DagBag from /opt/airflow/dags/dar_with_taskflow_api.py
[2025-05-21T16:09:12.750+0000] {processor.py:925} INFO - DAG(s) 'dag_with_taskflow_api_v02' retrieved from /opt/airflow/dags/dar_with_taskflow_api.py
[2025-05-21T16:09:12.819+0000] {logging_mixin.py:190} INFO - [2025-05-21T16:09:12.818+0000] {dag.py:3239} INFO - Sync 1 DAGs
[2025-05-21T16:09:12.859+0000] {logging_mixin.py:190} INFO - [2025-05-21T16:09:12.859+0000] {dag.py:4180} INFO - Setting next_dagrun for dag_with_taskflow_api_v02 to 2023-04-09 00:00:00+00:00, run_after=2023-04-10 00:00:00+00:00
[2025-05-21T16:09:12.910+0000] {processor.py:208} INFO - Processing /opt/airflow/dags/dar_with_taskflow_api.py took 0.281 seconds
[2025-05-21T16:09:43.349+0000] {processor.py:186} INFO - Started process (PID=3118) to work on /opt/airflow/dags/dar_with_taskflow_api.py
[2025-05-21T16:09:43.356+0000] {processor.py:914} INFO - Processing file /opt/airflow/dags/dar_with_taskflow_api.py for tasks to queue
[2025-05-21T16:09:43.363+0000] {logging_mixin.py:190} INFO - [2025-05-21T16:09:43.363+0000] {dagbag.py:588} INFO - Filling up the DagBag from /opt/airflow/dags/dar_with_taskflow_api.py
[2025-05-21T16:09:43.407+0000] {processor.py:925} INFO - DAG(s) 'dag_with_taskflow_api_v02' retrieved from /opt/airflow/dags/dar_with_taskflow_api.py
[2025-05-21T16:09:43.507+0000] {logging_mixin.py:190} INFO - [2025-05-21T16:09:43.506+0000] {dag.py:3239} INFO - Sync 1 DAGs
[2025-05-21T16:09:43.573+0000] {logging_mixin.py:190} INFO - [2025-05-21T16:09:43.572+0000] {dag.py:4180} INFO - Setting next_dagrun for dag_with_taskflow_api_v02 to 2023-05-09 00:00:00+00:00, run_after=2023-05-10 00:00:00+00:00
[2025-05-21T16:09:43.653+0000] {processor.py:208} INFO - Processing /opt/airflow/dags/dar_with_taskflow_api.py took 0.325 seconds
[2025-05-21T16:10:14.391+0000] {processor.py:186} INFO - Started process (PID=3278) to work on /opt/airflow/dags/dar_with_taskflow_api.py
[2025-05-21T16:10:14.393+0000] {processor.py:914} INFO - Processing file /opt/airflow/dags/dar_with_taskflow_api.py for tasks to queue
[2025-05-21T16:10:14.396+0000] {logging_mixin.py:190} INFO - [2025-05-21T16:10:14.395+0000] {dagbag.py:588} INFO - Filling up the DagBag from /opt/airflow/dags/dar_with_taskflow_api.py
[2025-05-21T16:10:14.472+0000] {processor.py:925} INFO - DAG(s) 'dag_with_taskflow_api_v02' retrieved from /opt/airflow/dags/dar_with_taskflow_api.py
[2025-05-21T16:10:14.515+0000] {logging_mixin.py:190} INFO - [2025-05-21T16:10:14.515+0000] {dag.py:3239} INFO - Sync 1 DAGs
[2025-05-21T16:10:14.546+0000] {logging_mixin.py:190} INFO - [2025-05-21T16:10:14.545+0000] {dag.py:4180} INFO - Setting next_dagrun for dag_with_taskflow_api_v02 to 2023-06-09 00:00:00+00:00, run_after=2023-06-10 00:00:00+00:00
[2025-05-21T16:10:14.569+0000] {processor.py:208} INFO - Processing /opt/airflow/dags/dar_with_taskflow_api.py took 0.185 seconds
[2025-05-21T16:10:45.203+0000] {processor.py:186} INFO - Started process (PID=3434) to work on /opt/airflow/dags/dar_with_taskflow_api.py
[2025-05-21T16:10:45.205+0000] {processor.py:914} INFO - Processing file /opt/airflow/dags/dar_with_taskflow_api.py for tasks to queue
[2025-05-21T16:10:45.211+0000] {logging_mixin.py:190} INFO - [2025-05-21T16:10:45.211+0000] {dagbag.py:588} INFO - Filling up the DagBag from /opt/airflow/dags/dar_with_taskflow_api.py
[2025-05-21T16:10:45.251+0000] {processor.py:925} INFO - DAG(s) 'dag_with_taskflow_api_v02' retrieved from /opt/airflow/dags/dar_with_taskflow_api.py
[2025-05-21T16:10:45.303+0000] {logging_mixin.py:190} INFO - [2025-05-21T16:10:45.302+0000] {dag.py:3239} INFO - Sync 1 DAGs
[2025-05-21T16:10:45.354+0000] {logging_mixin.py:190} INFO - [2025-05-21T16:10:45.353+0000] {dag.py:4180} INFO - Setting next_dagrun for dag_with_taskflow_api_v02 to 2023-07-09 00:00:00+00:00, run_after=2023-07-10 00:00:00+00:00
[2025-05-21T16:10:45.390+0000] {processor.py:208} INFO - Processing /opt/airflow/dags/dar_with_taskflow_api.py took 0.198 seconds
[2025-05-21T16:11:16.319+0000] {processor.py:186} INFO - Started process (PID=3596) to work on /opt/airflow/dags/dar_with_taskflow_api.py
[2025-05-21T16:11:16.321+0000] {processor.py:914} INFO - Processing file /opt/airflow/dags/dar_with_taskflow_api.py for tasks to queue
[2025-05-21T16:11:16.343+0000] {logging_mixin.py:190} INFO - [2025-05-21T16:11:16.343+0000] {dagbag.py:588} INFO - Filling up the DagBag from /opt/airflow/dags/dar_with_taskflow_api.py
[2025-05-21T16:11:16.401+0000] {processor.py:925} INFO - DAG(s) 'dag_with_taskflow_api_v02' retrieved from /opt/airflow/dags/dar_with_taskflow_api.py
[2025-05-21T16:11:16.450+0000] {logging_mixin.py:190} INFO - [2025-05-21T16:11:16.450+0000] {dag.py:3239} INFO - Sync 1 DAGs
[2025-05-21T16:11:16.508+0000] {logging_mixin.py:190} INFO - [2025-05-21T16:11:16.506+0000] {dag.py:4180} INFO - Setting next_dagrun for dag_with_taskflow_api_v02 to 2023-08-08 00:00:00+00:00, run_after=2023-08-09 00:00:00+00:00
[2025-05-21T16:11:16.555+0000] {processor.py:208} INFO - Processing /opt/airflow/dags/dar_with_taskflow_api.py took 0.248 seconds
[2025-05-21T16:11:47.169+0000] {processor.py:186} INFO - Started process (PID=3758) to work on /opt/airflow/dags/dar_with_taskflow_api.py
[2025-05-21T16:11:47.170+0000] {processor.py:914} INFO - Processing file /opt/airflow/dags/dar_with_taskflow_api.py for tasks to queue
[2025-05-21T16:11:47.174+0000] {logging_mixin.py:190} INFO - [2025-05-21T16:11:47.173+0000] {dagbag.py:588} INFO - Filling up the DagBag from /opt/airflow/dags/dar_with_taskflow_api.py
[2025-05-21T16:11:47.208+0000] {processor.py:925} INFO - DAG(s) 'dag_with_taskflow_api_v02' retrieved from /opt/airflow/dags/dar_with_taskflow_api.py
[2025-05-21T16:11:47.236+0000] {logging_mixin.py:190} INFO - [2025-05-21T16:11:47.236+0000] {dag.py:3239} INFO - Sync 1 DAGs
[2025-05-21T16:11:47.311+0000] {logging_mixin.py:190} INFO - [2025-05-21T16:11:47.310+0000] {dag.py:4180} INFO - Setting next_dagrun for dag_with_taskflow_api_v02 to 2023-09-08 00:00:00+00:00, run_after=2023-09-09 00:00:00+00:00
[2025-05-21T16:11:47.336+0000] {processor.py:208} INFO - Processing /opt/airflow/dags/dar_with_taskflow_api.py took 0.175 seconds
[2025-05-21T16:12:17.845+0000] {processor.py:186} INFO - Started process (PID=3922) to work on /opt/airflow/dags/dar_with_taskflow_api.py
[2025-05-21T16:12:17.853+0000] {processor.py:914} INFO - Processing file /opt/airflow/dags/dar_with_taskflow_api.py for tasks to queue
[2025-05-21T16:12:17.858+0000] {logging_mixin.py:190} INFO - [2025-05-21T16:12:17.858+0000] {dagbag.py:588} INFO - Filling up the DagBag from /opt/airflow/dags/dar_with_taskflow_api.py
[2025-05-21T16:12:17.954+0000] {processor.py:925} INFO - DAG(s) 'dag_with_taskflow_api_v02' retrieved from /opt/airflow/dags/dar_with_taskflow_api.py
[2025-05-21T16:12:18.022+0000] {logging_mixin.py:190} INFO - [2025-05-21T16:12:18.021+0000] {dag.py:3239} INFO - Sync 1 DAGs
[2025-05-21T16:12:18.089+0000] {logging_mixin.py:190} INFO - [2025-05-21T16:12:18.089+0000] {dag.py:4180} INFO - Setting next_dagrun for dag_with_taskflow_api_v02 to 2023-10-10 00:00:00+00:00, run_after=2023-10-11 00:00:00+00:00
[2025-05-21T16:12:18.150+0000] {processor.py:208} INFO - Processing /opt/airflow/dags/dar_with_taskflow_api.py took 0.313 seconds
[2025-05-21T16:12:48.300+0000] {processor.py:186} INFO - Started process (PID=4090) to work on /opt/airflow/dags/dar_with_taskflow_api.py
[2025-05-21T16:12:48.302+0000] {processor.py:914} INFO - Processing file /opt/airflow/dags/dar_with_taskflow_api.py for tasks to queue
[2025-05-21T16:12:48.307+0000] {logging_mixin.py:190} INFO - [2025-05-21T16:12:48.306+0000] {dagbag.py:588} INFO - Filling up the DagBag from /opt/airflow/dags/dar_with_taskflow_api.py
[2025-05-21T16:12:48.333+0000] {processor.py:925} INFO - DAG(s) 'dag_with_taskflow_api_v02' retrieved from /opt/airflow/dags/dar_with_taskflow_api.py
[2025-05-21T16:12:48.368+0000] {logging_mixin.py:190} INFO - [2025-05-21T16:12:48.368+0000] {dag.py:3239} INFO - Sync 1 DAGs
[2025-05-21T16:12:48.406+0000] {logging_mixin.py:190} INFO - [2025-05-21T16:12:48.405+0000] {dag.py:4180} INFO - Setting next_dagrun for dag_with_taskflow_api_v02 to 2023-11-08 00:00:00+00:00, run_after=2023-11-09 00:00:00+00:00
[2025-05-21T16:12:48.435+0000] {processor.py:208} INFO - Processing /opt/airflow/dags/dar_with_taskflow_api.py took 0.144 seconds
[2025-05-21T16:13:18.907+0000] {processor.py:186} INFO - Started process (PID=4209) to work on /opt/airflow/dags/dar_with_taskflow_api.py
[2025-05-21T16:13:18.907+0000] {processor.py:914} INFO - Processing file /opt/airflow/dags/dar_with_taskflow_api.py for tasks to queue
[2025-05-21T16:13:18.910+0000] {logging_mixin.py:190} INFO - [2025-05-21T16:13:18.910+0000] {dagbag.py:588} INFO - Filling up the DagBag from /opt/airflow/dags/dar_with_taskflow_api.py
[2025-05-21T16:13:18.932+0000] {processor.py:925} INFO - DAG(s) 'dag_with_taskflow_api_v02' retrieved from /opt/airflow/dags/dar_with_taskflow_api.py
[2025-05-21T16:13:18.967+0000] {logging_mixin.py:190} INFO - [2025-05-21T16:13:18.967+0000] {dag.py:3239} INFO - Sync 1 DAGs
[2025-05-21T16:13:18.992+0000] {logging_mixin.py:190} INFO - [2025-05-21T16:13:18.992+0000] {dag.py:4180} INFO - Setting next_dagrun for dag_with_taskflow_api_v02 to 2023-11-29 00:00:00+00:00, run_after=2023-11-30 00:00:00+00:00
[2025-05-21T16:13:19.026+0000] {processor.py:208} INFO - Processing /opt/airflow/dags/dar_with_taskflow_api.py took 0.125 seconds
[2025-05-21T16:13:49.750+0000] {processor.py:186} INFO - Started process (PID=4399) to work on /opt/airflow/dags/dar_with_taskflow_api.py
[2025-05-21T16:13:49.755+0000] {processor.py:914} INFO - Processing file /opt/airflow/dags/dar_with_taskflow_api.py for tasks to queue
[2025-05-21T16:13:49.760+0000] {logging_mixin.py:190} INFO - [2025-05-21T16:13:49.759+0000] {dagbag.py:588} INFO - Filling up the DagBag from /opt/airflow/dags/dar_with_taskflow_api.py
[2025-05-21T16:13:49.824+0000] {processor.py:925} INFO - DAG(s) 'dag_with_taskflow_api_v02' retrieved from /opt/airflow/dags/dar_with_taskflow_api.py
[2025-05-21T16:13:49.917+0000] {logging_mixin.py:190} INFO - [2025-05-21T16:13:49.917+0000] {dag.py:3239} INFO - Sync 1 DAGs
[2025-05-21T16:13:50.060+0000] {logging_mixin.py:190} INFO - [2025-05-21T16:13:50.059+0000] {dag.py:4180} INFO - Setting next_dagrun for dag_with_taskflow_api_v02 to 2024-01-04 00:00:00+00:00, run_after=2024-01-05 00:00:00+00:00
[2025-05-21T16:13:50.149+0000] {processor.py:208} INFO - Processing /opt/airflow/dags/dar_with_taskflow_api.py took 0.406 seconds
[2025-05-21T16:14:20.922+0000] {processor.py:186} INFO - Started process (PID=4541) to work on /opt/airflow/dags/dar_with_taskflow_api.py
[2025-05-21T16:14:20.924+0000] {processor.py:914} INFO - Processing file /opt/airflow/dags/dar_with_taskflow_api.py for tasks to queue
[2025-05-21T16:14:20.929+0000] {logging_mixin.py:190} INFO - [2025-05-21T16:14:20.929+0000] {dagbag.py:588} INFO - Filling up the DagBag from /opt/airflow/dags/dar_with_taskflow_api.py
[2025-05-21T16:14:20.958+0000] {processor.py:925} INFO - DAG(s) 'dag_with_taskflow_api_v02' retrieved from /opt/airflow/dags/dar_with_taskflow_api.py
[2025-05-21T16:14:20.997+0000] {logging_mixin.py:190} INFO - [2025-05-21T16:14:20.996+0000] {dag.py:3239} INFO - Sync 1 DAGs
[2025-05-21T16:14:21.084+0000] {logging_mixin.py:190} INFO - [2025-05-21T16:14:21.083+0000] {dag.py:4180} INFO - Setting next_dagrun for dag_with_taskflow_api_v02 to 2024-01-30 00:00:00+00:00, run_after=2024-01-31 00:00:00+00:00
[2025-05-21T16:14:21.164+0000] {processor.py:208} INFO - Processing /opt/airflow/dags/dar_with_taskflow_api.py took 0.258 seconds
[2025-05-21T16:14:51.536+0000] {processor.py:186} INFO - Started process (PID=4727) to work on /opt/airflow/dags/dar_with_taskflow_api.py
[2025-05-21T16:14:51.541+0000] {processor.py:914} INFO - Processing file /opt/airflow/dags/dar_with_taskflow_api.py for tasks to queue
[2025-05-21T16:14:51.563+0000] {logging_mixin.py:190} INFO - [2025-05-21T16:14:51.562+0000] {dagbag.py:588} INFO - Filling up the DagBag from /opt/airflow/dags/dar_with_taskflow_api.py
[2025-05-21T16:14:51.654+0000] {processor.py:925} INFO - DAG(s) 'dag_with_taskflow_api_v02' retrieved from /opt/airflow/dags/dar_with_taskflow_api.py
[2025-05-21T16:14:51.730+0000] {logging_mixin.py:190} INFO - [2025-05-21T16:14:51.730+0000] {dag.py:3239} INFO - Sync 1 DAGs
[2025-05-21T16:14:51.804+0000] {logging_mixin.py:190} INFO - [2025-05-21T16:14:51.804+0000] {dag.py:4180} INFO - Setting next_dagrun for dag_with_taskflow_api_v02 to 2024-03-06 00:00:00+00:00, run_after=2024-03-07 00:00:00+00:00
[2025-05-21T16:14:51.906+0000] {processor.py:208} INFO - Processing /opt/airflow/dags/dar_with_taskflow_api.py took 0.400 seconds
[2025-05-21T16:15:22.306+0000] {processor.py:186} INFO - Started process (PID=4883) to work on /opt/airflow/dags/dar_with_taskflow_api.py
[2025-05-21T16:15:22.308+0000] {processor.py:914} INFO - Processing file /opt/airflow/dags/dar_with_taskflow_api.py for tasks to queue
[2025-05-21T16:15:22.313+0000] {logging_mixin.py:190} INFO - [2025-05-21T16:15:22.312+0000] {dagbag.py:588} INFO - Filling up the DagBag from /opt/airflow/dags/dar_with_taskflow_api.py
[2025-05-21T16:15:22.370+0000] {processor.py:925} INFO - DAG(s) 'dag_with_taskflow_api_v02' retrieved from /opt/airflow/dags/dar_with_taskflow_api.py
[2025-05-21T16:15:22.464+0000] {logging_mixin.py:190} INFO - [2025-05-21T16:15:22.463+0000] {dag.py:3239} INFO - Sync 1 DAGs
[2025-05-21T16:15:22.518+0000] {logging_mixin.py:190} INFO - [2025-05-21T16:15:22.518+0000] {dag.py:4180} INFO - Setting next_dagrun for dag_with_taskflow_api_v02 to 2024-04-03 00:00:00+00:00, run_after=2024-04-04 00:00:00+00:00
[2025-05-21T16:15:22.561+0000] {processor.py:208} INFO - Processing /opt/airflow/dags/dar_with_taskflow_api.py took 0.265 seconds
[2025-05-21T16:15:53.148+0000] {processor.py:186} INFO - Started process (PID=5044) to work on /opt/airflow/dags/dar_with_taskflow_api.py
[2025-05-21T16:15:53.155+0000] {processor.py:914} INFO - Processing file /opt/airflow/dags/dar_with_taskflow_api.py for tasks to queue
[2025-05-21T16:15:53.162+0000] {logging_mixin.py:190} INFO - [2025-05-21T16:15:53.162+0000] {dagbag.py:588} INFO - Filling up the DagBag from /opt/airflow/dags/dar_with_taskflow_api.py
[2025-05-21T16:15:53.207+0000] {processor.py:925} INFO - DAG(s) 'dag_with_taskflow_api_v02' retrieved from /opt/airflow/dags/dar_with_taskflow_api.py
[2025-05-21T16:15:53.276+0000] {logging_mixin.py:190} INFO - [2025-05-21T16:15:53.276+0000] {dag.py:3239} INFO - Sync 1 DAGs
[2025-05-21T16:15:53.317+0000] {logging_mixin.py:190} INFO - [2025-05-21T16:15:53.316+0000] {dag.py:4180} INFO - Setting next_dagrun for dag_with_taskflow_api_v02 to 2024-05-03 00:00:00+00:00, run_after=2024-05-04 00:00:00+00:00
[2025-05-21T16:15:53.345+0000] {processor.py:208} INFO - Processing /opt/airflow/dags/dar_with_taskflow_api.py took 0.205 seconds
[2025-05-21T16:16:24.007+0000] {processor.py:186} INFO - Started process (PID=5194) to work on /opt/airflow/dags/dar_with_taskflow_api.py
[2025-05-21T16:16:24.010+0000] {processor.py:914} INFO - Processing file /opt/airflow/dags/dar_with_taskflow_api.py for tasks to queue
[2025-05-21T16:16:24.017+0000] {logging_mixin.py:190} INFO - [2025-05-21T16:16:24.016+0000] {dagbag.py:588} INFO - Filling up the DagBag from /opt/airflow/dags/dar_with_taskflow_api.py
[2025-05-21T16:16:24.076+0000] {processor.py:925} INFO - DAG(s) 'dag_with_taskflow_api_v02' retrieved from /opt/airflow/dags/dar_with_taskflow_api.py
[2025-05-21T16:16:24.170+0000] {logging_mixin.py:190} INFO - [2025-05-21T16:16:24.169+0000] {dag.py:3239} INFO - Sync 1 DAGs
[2025-05-21T16:16:24.243+0000] {logging_mixin.py:190} INFO - [2025-05-21T16:16:24.231+0000] {dag.py:4180} INFO - Setting next_dagrun for dag_with_taskflow_api_v02 to 2024-06-02 00:00:00+00:00, run_after=2024-06-03 00:00:00+00:00
[2025-05-21T16:16:24.352+0000] {processor.py:208} INFO - Processing /opt/airflow/dags/dar_with_taskflow_api.py took 0.360 seconds
[2025-05-21T16:16:54.978+0000] {processor.py:186} INFO - Started process (PID=5366) to work on /opt/airflow/dags/dar_with_taskflow_api.py
[2025-05-21T16:16:54.981+0000] {processor.py:914} INFO - Processing file /opt/airflow/dags/dar_with_taskflow_api.py for tasks to queue
[2025-05-21T16:16:54.987+0000] {logging_mixin.py:190} INFO - [2025-05-21T16:16:54.986+0000] {dagbag.py:588} INFO - Filling up the DagBag from /opt/airflow/dags/dar_with_taskflow_api.py
[2025-05-21T16:16:55.034+0000] {processor.py:925} INFO - DAG(s) 'dag_with_taskflow_api_v02' retrieved from /opt/airflow/dags/dar_with_taskflow_api.py
[2025-05-21T16:16:55.116+0000] {logging_mixin.py:190} INFO - [2025-05-21T16:16:55.115+0000] {dag.py:3239} INFO - Sync 1 DAGs
[2025-05-21T16:16:55.149+0000] {logging_mixin.py:190} INFO - [2025-05-21T16:16:55.149+0000] {dag.py:4180} INFO - Setting next_dagrun for dag_with_taskflow_api_v02 to 2024-07-05 00:00:00+00:00, run_after=2024-07-06 00:00:00+00:00
[2025-05-21T16:16:55.191+0000] {processor.py:208} INFO - Processing /opt/airflow/dags/dar_with_taskflow_api.py took 0.220 seconds
[2025-05-21T16:17:26.193+0000] {processor.py:186} INFO - Started process (PID=5550) to work on /opt/airflow/dags/dar_with_taskflow_api.py
[2025-05-21T16:17:26.196+0000] {processor.py:914} INFO - Processing file /opt/airflow/dags/dar_with_taskflow_api.py for tasks to queue
[2025-05-21T16:17:26.199+0000] {logging_mixin.py:190} INFO - [2025-05-21T16:17:26.198+0000] {dagbag.py:588} INFO - Filling up the DagBag from /opt/airflow/dags/dar_with_taskflow_api.py
[2025-05-21T16:17:26.224+0000] {processor.py:925} INFO - DAG(s) 'dag_with_taskflow_api_v02' retrieved from /opt/airflow/dags/dar_with_taskflow_api.py
[2025-05-21T16:17:26.267+0000] {logging_mixin.py:190} INFO - [2025-05-21T16:17:26.267+0000] {dag.py:3239} INFO - Sync 1 DAGs
[2025-05-21T16:17:26.293+0000] {logging_mixin.py:190} INFO - [2025-05-21T16:17:26.293+0000] {dag.py:4180} INFO - Setting next_dagrun for dag_with_taskflow_api_v02 to 2024-08-06 00:00:00+00:00, run_after=2024-08-07 00:00:00+00:00
[2025-05-21T16:17:26.319+0000] {processor.py:208} INFO - Processing /opt/airflow/dags/dar_with_taskflow_api.py took 0.135 seconds
[2025-05-21T16:17:56.845+0000] {processor.py:186} INFO - Started process (PID=5713) to work on /opt/airflow/dags/dar_with_taskflow_api.py
[2025-05-21T16:17:56.846+0000] {processor.py:914} INFO - Processing file /opt/airflow/dags/dar_with_taskflow_api.py for tasks to queue
[2025-05-21T16:17:56.853+0000] {logging_mixin.py:190} INFO - [2025-05-21T16:17:56.853+0000] {dagbag.py:588} INFO - Filling up the DagBag from /opt/airflow/dags/dar_with_taskflow_api.py
[2025-05-21T16:17:56.911+0000] {processor.py:925} INFO - DAG(s) 'dag_with_taskflow_api_v02' retrieved from /opt/airflow/dags/dar_with_taskflow_api.py
[2025-05-21T16:17:57.014+0000] {logging_mixin.py:190} INFO - [2025-05-21T16:17:57.013+0000] {dag.py:3239} INFO - Sync 1 DAGs
[2025-05-21T16:17:57.074+0000] {logging_mixin.py:190} INFO - [2025-05-21T16:17:57.074+0000] {dag.py:4180} INFO - Setting next_dagrun for dag_with_taskflow_api_v02 to 2024-09-10 00:00:00+00:00, run_after=2024-09-11 00:00:00+00:00
[2025-05-21T16:17:57.126+0000] {processor.py:208} INFO - Processing /opt/airflow/dags/dar_with_taskflow_api.py took 0.290 seconds
[2025-05-21T16:18:27.495+0000] {processor.py:186} INFO - Started process (PID=5865) to work on /opt/airflow/dags/dar_with_taskflow_api.py
[2025-05-21T16:18:27.497+0000] {processor.py:914} INFO - Processing file /opt/airflow/dags/dar_with_taskflow_api.py for tasks to queue
[2025-05-21T16:18:27.507+0000] {logging_mixin.py:190} INFO - [2025-05-21T16:18:27.507+0000] {dagbag.py:588} INFO - Filling up the DagBag from /opt/airflow/dags/dar_with_taskflow_api.py
[2025-05-21T16:18:27.578+0000] {processor.py:925} INFO - DAG(s) 'dag_with_taskflow_api_v02' retrieved from /opt/airflow/dags/dar_with_taskflow_api.py
[2025-05-21T16:18:27.647+0000] {logging_mixin.py:190} INFO - [2025-05-21T16:18:27.644+0000] {dag.py:3239} INFO - Sync 1 DAGs
[2025-05-21T16:18:27.737+0000] {logging_mixin.py:190} INFO - [2025-05-21T16:18:27.736+0000] {dag.py:4180} INFO - Setting next_dagrun for dag_with_taskflow_api_v02 to 2024-10-08 00:00:00+00:00, run_after=2024-10-09 00:00:00+00:00
[2025-05-21T16:18:27.780+0000] {processor.py:208} INFO - Processing /opt/airflow/dags/dar_with_taskflow_api.py took 0.331 seconds
[2025-05-21T16:18:58.577+0000] {processor.py:186} INFO - Started process (PID=6043) to work on /opt/airflow/dags/dar_with_taskflow_api.py
[2025-05-21T16:18:58.578+0000] {processor.py:914} INFO - Processing file /opt/airflow/dags/dar_with_taskflow_api.py for tasks to queue
[2025-05-21T16:18:58.581+0000] {logging_mixin.py:190} INFO - [2025-05-21T16:18:58.581+0000] {dagbag.py:588} INFO - Filling up the DagBag from /opt/airflow/dags/dar_with_taskflow_api.py
[2025-05-21T16:18:58.613+0000] {processor.py:925} INFO - DAG(s) 'dag_with_taskflow_api_v02' retrieved from /opt/airflow/dags/dar_with_taskflow_api.py
[2025-05-21T16:18:58.697+0000] {logging_mixin.py:190} INFO - [2025-05-21T16:18:58.696+0000] {dag.py:3239} INFO - Sync 1 DAGs
[2025-05-21T16:18:58.776+0000] {logging_mixin.py:190} INFO - [2025-05-21T16:18:58.776+0000] {dag.py:4180} INFO - Setting next_dagrun for dag_with_taskflow_api_v02 to 2024-11-12 00:00:00+00:00, run_after=2024-11-13 00:00:00+00:00
[2025-05-21T16:18:58.842+0000] {processor.py:208} INFO - Processing /opt/airflow/dags/dar_with_taskflow_api.py took 0.283 seconds
[2025-05-21T16:19:29.410+0000] {processor.py:186} INFO - Started process (PID=6236) to work on /opt/airflow/dags/dar_with_taskflow_api.py
[2025-05-21T16:19:29.422+0000] {processor.py:914} INFO - Processing file /opt/airflow/dags/dar_with_taskflow_api.py for tasks to queue
[2025-05-21T16:19:29.432+0000] {logging_mixin.py:190} INFO - [2025-05-21T16:19:29.432+0000] {dagbag.py:588} INFO - Filling up the DagBag from /opt/airflow/dags/dar_with_taskflow_api.py
[2025-05-21T16:19:29.486+0000] {processor.py:925} INFO - DAG(s) 'dag_with_taskflow_api_v02' retrieved from /opt/airflow/dags/dar_with_taskflow_api.py
[2025-05-21T16:19:29.554+0000] {logging_mixin.py:190} INFO - [2025-05-21T16:19:29.554+0000] {dag.py:3239} INFO - Sync 1 DAGs
[2025-05-21T16:19:29.591+0000] {logging_mixin.py:190} INFO - [2025-05-21T16:19:29.591+0000] {dag.py:4180} INFO - Setting next_dagrun for dag_with_taskflow_api_v02 to 2024-12-18 00:00:00+00:00, run_after=2024-12-19 00:00:00+00:00
[2025-05-21T16:19:29.649+0000] {processor.py:208} INFO - Processing /opt/airflow/dags/dar_with_taskflow_api.py took 0.245 seconds
[2025-05-21T16:20:00.414+0000] {processor.py:186} INFO - Started process (PID=6393) to work on /opt/airflow/dags/dar_with_taskflow_api.py
[2025-05-21T16:20:00.417+0000] {processor.py:914} INFO - Processing file /opt/airflow/dags/dar_with_taskflow_api.py for tasks to queue
[2025-05-21T16:20:00.425+0000] {logging_mixin.py:190} INFO - [2025-05-21T16:20:00.424+0000] {dagbag.py:588} INFO - Filling up the DagBag from /opt/airflow/dags/dar_with_taskflow_api.py
[2025-05-21T16:20:00.476+0000] {processor.py:925} INFO - DAG(s) 'dag_with_taskflow_api_v02' retrieved from /opt/airflow/dags/dar_with_taskflow_api.py
[2025-05-21T16:20:00.543+0000] {logging_mixin.py:190} INFO - [2025-05-21T16:20:00.543+0000] {dag.py:3239} INFO - Sync 1 DAGs
[2025-05-21T16:20:00.582+0000] {logging_mixin.py:190} INFO - [2025-05-21T16:20:00.581+0000] {dag.py:4180} INFO - Setting next_dagrun for dag_with_taskflow_api_v02 to 2025-01-14 00:00:00+00:00, run_after=2025-01-15 00:00:00+00:00
[2025-05-21T16:20:00.615+0000] {processor.py:208} INFO - Processing /opt/airflow/dags/dar_with_taskflow_api.py took 0.218 seconds
[2025-05-21T16:20:31.260+0000] {processor.py:186} INFO - Started process (PID=6588) to work on /opt/airflow/dags/dar_with_taskflow_api.py
[2025-05-21T16:20:31.273+0000] {processor.py:914} INFO - Processing file /opt/airflow/dags/dar_with_taskflow_api.py for tasks to queue
[2025-05-21T16:20:31.284+0000] {logging_mixin.py:190} INFO - [2025-05-21T16:20:31.284+0000] {dagbag.py:588} INFO - Filling up the DagBag from /opt/airflow/dags/dar_with_taskflow_api.py
[2025-05-21T16:20:31.326+0000] {processor.py:925} INFO - DAG(s) 'dag_with_taskflow_api_v02' retrieved from /opt/airflow/dags/dar_with_taskflow_api.py
[2025-05-21T16:20:31.429+0000] {logging_mixin.py:190} INFO - [2025-05-21T16:20:31.428+0000] {dag.py:3239} INFO - Sync 1 DAGs
[2025-05-21T16:20:31.476+0000] {logging_mixin.py:190} INFO - [2025-05-21T16:20:31.475+0000] {dag.py:4180} INFO - Setting next_dagrun for dag_with_taskflow_api_v02 to 2025-02-18 00:00:00+00:00, run_after=2025-02-19 00:00:00+00:00
[2025-05-21T16:20:31.547+0000] {processor.py:208} INFO - Processing /opt/airflow/dags/dar_with_taskflow_api.py took 0.293 seconds
[2025-05-21T16:21:02.196+0000] {processor.py:186} INFO - Started process (PID=6755) to work on /opt/airflow/dags/dar_with_taskflow_api.py
[2025-05-21T16:21:02.199+0000] {processor.py:914} INFO - Processing file /opt/airflow/dags/dar_with_taskflow_api.py for tasks to queue
[2025-05-21T16:21:02.201+0000] {logging_mixin.py:190} INFO - [2025-05-21T16:21:02.201+0000] {dagbag.py:588} INFO - Filling up the DagBag from /opt/airflow/dags/dar_with_taskflow_api.py
[2025-05-21T16:21:02.245+0000] {processor.py:925} INFO - DAG(s) 'dag_with_taskflow_api_v02' retrieved from /opt/airflow/dags/dar_with_taskflow_api.py
[2025-05-21T16:21:02.285+0000] {logging_mixin.py:190} INFO - [2025-05-21T16:21:02.284+0000] {dag.py:3239} INFO - Sync 1 DAGs
[2025-05-21T16:21:02.358+0000] {logging_mixin.py:190} INFO - [2025-05-21T16:21:02.358+0000] {dag.py:4180} INFO - Setting next_dagrun for dag_with_taskflow_api_v02 to 2025-03-22 00:00:00+00:00, run_after=2025-03-23 00:00:00+00:00
[2025-05-21T16:21:02.396+0000] {processor.py:208} INFO - Processing /opt/airflow/dags/dar_with_taskflow_api.py took 0.212 seconds
[2025-05-21T16:21:32.935+0000] {processor.py:186} INFO - Started process (PID=6913) to work on /opt/airflow/dags/dar_with_taskflow_api.py
[2025-05-21T16:21:32.937+0000] {processor.py:914} INFO - Processing file /opt/airflow/dags/dar_with_taskflow_api.py for tasks to queue
[2025-05-21T16:21:32.943+0000] {logging_mixin.py:190} INFO - [2025-05-21T16:21:32.942+0000] {dagbag.py:588} INFO - Filling up the DagBag from /opt/airflow/dags/dar_with_taskflow_api.py
[2025-05-21T16:21:32.995+0000] {processor.py:925} INFO - DAG(s) 'dag_with_taskflow_api_v02' retrieved from /opt/airflow/dags/dar_with_taskflow_api.py
[2025-05-21T16:21:33.049+0000] {logging_mixin.py:190} INFO - [2025-05-21T16:21:33.048+0000] {dag.py:3239} INFO - Sync 1 DAGs
[2025-05-21T16:21:33.087+0000] {logging_mixin.py:190} INFO - [2025-05-21T16:21:33.087+0000] {dag.py:4180} INFO - Setting next_dagrun for dag_with_taskflow_api_v02 to 2025-04-20 00:00:00+00:00, run_after=2025-04-21 00:00:00+00:00
[2025-05-21T16:21:33.122+0000] {processor.py:208} INFO - Processing /opt/airflow/dags/dar_with_taskflow_api.py took 0.199 seconds
[2025-05-21T16:22:03.834+0000] {processor.py:186} INFO - Started process (PID=7073) to work on /opt/airflow/dags/dar_with_taskflow_api.py
[2025-05-21T16:22:03.839+0000] {processor.py:914} INFO - Processing file /opt/airflow/dags/dar_with_taskflow_api.py for tasks to queue
[2025-05-21T16:22:03.843+0000] {logging_mixin.py:190} INFO - [2025-05-21T16:22:03.843+0000] {dagbag.py:588} INFO - Filling up the DagBag from /opt/airflow/dags/dar_with_taskflow_api.py
[2025-05-21T16:22:03.943+0000] {processor.py:925} INFO - DAG(s) 'dag_with_taskflow_api_v02' retrieved from /opt/airflow/dags/dar_with_taskflow_api.py
[2025-05-21T16:22:04.017+0000] {logging_mixin.py:190} INFO - [2025-05-21T16:22:04.017+0000] {dag.py:3239} INFO - Sync 1 DAGs
[2025-05-21T16:22:04.062+0000] {logging_mixin.py:190} INFO - [2025-05-21T16:22:04.062+0000] {dag.py:4180} INFO - Setting next_dagrun for dag_with_taskflow_api_v02 to 2025-05-21 00:00:00+00:00, run_after=2025-05-22 00:00:00+00:00
[2025-05-21T16:22:04.159+0000] {processor.py:208} INFO - Processing /opt/airflow/dags/dar_with_taskflow_api.py took 0.333 seconds
[2025-05-21T16:22:34.749+0000] {processor.py:186} INFO - Started process (PID=7087) to work on /opt/airflow/dags/dar_with_taskflow_api.py
[2025-05-21T16:22:34.751+0000] {processor.py:914} INFO - Processing file /opt/airflow/dags/dar_with_taskflow_api.py for tasks to queue
[2025-05-21T16:22:34.755+0000] {logging_mixin.py:190} INFO - [2025-05-21T16:22:34.754+0000] {dagbag.py:588} INFO - Filling up the DagBag from /opt/airflow/dags/dar_with_taskflow_api.py
[2025-05-21T16:22:34.791+0000] {processor.py:925} INFO - DAG(s) 'dag_with_taskflow_api_v02' retrieved from /opt/airflow/dags/dar_with_taskflow_api.py
[2025-05-21T16:22:34.852+0000] {logging_mixin.py:190} INFO - [2025-05-21T16:22:34.851+0000] {dag.py:3239} INFO - Sync 1 DAGs
[2025-05-21T16:22:34.896+0000] {logging_mixin.py:190} INFO - [2025-05-21T16:22:34.896+0000] {dag.py:4180} INFO - Setting next_dagrun for dag_with_taskflow_api_v02 to 2025-05-21 00:00:00+00:00, run_after=2025-05-22 00:00:00+00:00
[2025-05-21T16:22:34.945+0000] {processor.py:208} INFO - Processing /opt/airflow/dags/dar_with_taskflow_api.py took 0.205 seconds
[2025-05-21T16:23:05.459+0000] {processor.py:186} INFO - Started process (PID=7096) to work on /opt/airflow/dags/dar_with_taskflow_api.py
[2025-05-21T16:23:05.460+0000] {processor.py:914} INFO - Processing file /opt/airflow/dags/dar_with_taskflow_api.py for tasks to queue
[2025-05-21T16:23:05.464+0000] {logging_mixin.py:190} INFO - [2025-05-21T16:23:05.463+0000] {dagbag.py:588} INFO - Filling up the DagBag from /opt/airflow/dags/dar_with_taskflow_api.py
[2025-05-21T16:23:05.495+0000] {processor.py:925} INFO - DAG(s) 'dag_with_taskflow_api_v02' retrieved from /opt/airflow/dags/dar_with_taskflow_api.py
[2025-05-21T16:23:05.530+0000] {logging_mixin.py:190} INFO - [2025-05-21T16:23:05.530+0000] {dag.py:3239} INFO - Sync 1 DAGs
[2025-05-21T16:23:05.567+0000] {logging_mixin.py:190} INFO - [2025-05-21T16:23:05.566+0000] {dag.py:4180} INFO - Setting next_dagrun for dag_with_taskflow_api_v02 to 2025-05-21 00:00:00+00:00, run_after=2025-05-22 00:00:00+00:00
[2025-05-21T16:23:05.635+0000] {processor.py:208} INFO - Processing /opt/airflow/dags/dar_with_taskflow_api.py took 0.186 seconds
[2025-05-21T16:23:36.245+0000] {processor.py:186} INFO - Started process (PID=7105) to work on /opt/airflow/dags/dar_with_taskflow_api.py
[2025-05-21T16:23:36.247+0000] {processor.py:914} INFO - Processing file /opt/airflow/dags/dar_with_taskflow_api.py for tasks to queue
[2025-05-21T16:23:36.252+0000] {logging_mixin.py:190} INFO - [2025-05-21T16:23:36.251+0000] {dagbag.py:588} INFO - Filling up the DagBag from /opt/airflow/dags/dar_with_taskflow_api.py
[2025-05-21T16:23:36.295+0000] {processor.py:925} INFO - DAG(s) 'dag_with_taskflow_api_v02' retrieved from /opt/airflow/dags/dar_with_taskflow_api.py
[2025-05-21T16:23:36.346+0000] {logging_mixin.py:190} INFO - [2025-05-21T16:23:36.345+0000] {dag.py:3239} INFO - Sync 1 DAGs
[2025-05-21T16:23:36.400+0000] {logging_mixin.py:190} INFO - [2025-05-21T16:23:36.399+0000] {dag.py:4180} INFO - Setting next_dagrun for dag_with_taskflow_api_v02 to 2025-05-21 00:00:00+00:00, run_after=2025-05-22 00:00:00+00:00
[2025-05-21T16:23:36.468+0000] {processor.py:208} INFO - Processing /opt/airflow/dags/dar_with_taskflow_api.py took 0.231 seconds
[2025-05-21T16:24:06.742+0000] {processor.py:186} INFO - Started process (PID=7115) to work on /opt/airflow/dags/dar_with_taskflow_api.py
[2025-05-21T16:24:06.744+0000] {processor.py:914} INFO - Processing file /opt/airflow/dags/dar_with_taskflow_api.py for tasks to queue
[2025-05-21T16:24:06.747+0000] {logging_mixin.py:190} INFO - [2025-05-21T16:24:06.747+0000] {dagbag.py:588} INFO - Filling up the DagBag from /opt/airflow/dags/dar_with_taskflow_api.py
[2025-05-21T16:24:06.784+0000] {processor.py:925} INFO - DAG(s) 'dag_with_taskflow_api_v02' retrieved from /opt/airflow/dags/dar_with_taskflow_api.py
[2025-05-21T16:24:06.831+0000] {logging_mixin.py:190} INFO - [2025-05-21T16:24:06.831+0000] {dag.py:3239} INFO - Sync 1 DAGs
[2025-05-21T16:24:06.870+0000] {logging_mixin.py:190} INFO - [2025-05-21T16:24:06.870+0000] {dag.py:4180} INFO - Setting next_dagrun for dag_with_taskflow_api_v02 to 2025-05-21 00:00:00+00:00, run_after=2025-05-22 00:00:00+00:00
[2025-05-21T16:24:06.903+0000] {processor.py:208} INFO - Processing /opt/airflow/dags/dar_with_taskflow_api.py took 0.168 seconds
[2025-05-21T16:24:37.459+0000] {processor.py:186} INFO - Started process (PID=7124) to work on /opt/airflow/dags/dar_with_taskflow_api.py
[2025-05-21T16:24:37.461+0000] {processor.py:914} INFO - Processing file /opt/airflow/dags/dar_with_taskflow_api.py for tasks to queue
[2025-05-21T16:24:37.465+0000] {logging_mixin.py:190} INFO - [2025-05-21T16:24:37.464+0000] {dagbag.py:588} INFO - Filling up the DagBag from /opt/airflow/dags/dar_with_taskflow_api.py
[2025-05-21T16:24:37.499+0000] {processor.py:925} INFO - DAG(s) 'dag_with_taskflow_api_v02' retrieved from /opt/airflow/dags/dar_with_taskflow_api.py
[2025-05-21T16:24:37.539+0000] {logging_mixin.py:190} INFO - [2025-05-21T16:24:37.538+0000] {dag.py:3239} INFO - Sync 1 DAGs
[2025-05-21T16:24:37.575+0000] {logging_mixin.py:190} INFO - [2025-05-21T16:24:37.574+0000] {dag.py:4180} INFO - Setting next_dagrun for dag_with_taskflow_api_v02 to 2025-05-21 00:00:00+00:00, run_after=2025-05-22 00:00:00+00:00
[2025-05-21T16:24:37.647+0000] {processor.py:208} INFO - Processing /opt/airflow/dags/dar_with_taskflow_api.py took 0.195 seconds
[2025-05-21T16:25:08.232+0000] {processor.py:186} INFO - Started process (PID=7134) to work on /opt/airflow/dags/dar_with_taskflow_api.py
[2025-05-21T16:25:08.235+0000] {processor.py:914} INFO - Processing file /opt/airflow/dags/dar_with_taskflow_api.py for tasks to queue
[2025-05-21T16:25:08.242+0000] {logging_mixin.py:190} INFO - [2025-05-21T16:25:08.241+0000] {dagbag.py:588} INFO - Filling up the DagBag from /opt/airflow/dags/dar_with_taskflow_api.py
[2025-05-21T16:25:08.301+0000] {processor.py:925} INFO - DAG(s) 'dag_with_taskflow_api_v02' retrieved from /opt/airflow/dags/dar_with_taskflow_api.py
[2025-05-21T16:25:08.367+0000] {logging_mixin.py:190} INFO - [2025-05-21T16:25:08.366+0000] {dag.py:3239} INFO - Sync 1 DAGs
[2025-05-21T16:25:08.412+0000] {logging_mixin.py:190} INFO - [2025-05-21T16:25:08.411+0000] {dag.py:4180} INFO - Setting next_dagrun for dag_with_taskflow_api_v02 to 2025-05-21 00:00:00+00:00, run_after=2025-05-22 00:00:00+00:00
[2025-05-21T16:25:08.489+0000] {processor.py:208} INFO - Processing /opt/airflow/dags/dar_with_taskflow_api.py took 0.272 seconds
[2025-05-21T16:25:39.132+0000] {processor.py:186} INFO - Started process (PID=7143) to work on /opt/airflow/dags/dar_with_taskflow_api.py
[2025-05-21T16:25:39.135+0000] {processor.py:914} INFO - Processing file /opt/airflow/dags/dar_with_taskflow_api.py for tasks to queue
[2025-05-21T16:25:39.139+0000] {logging_mixin.py:190} INFO - [2025-05-21T16:25:39.139+0000] {dagbag.py:588} INFO - Filling up the DagBag from /opt/airflow/dags/dar_with_taskflow_api.py
[2025-05-21T16:25:39.178+0000] {processor.py:925} INFO - DAG(s) 'dag_with_taskflow_api_v02' retrieved from /opt/airflow/dags/dar_with_taskflow_api.py
[2025-05-21T16:25:39.219+0000] {logging_mixin.py:190} INFO - [2025-05-21T16:25:39.219+0000] {dag.py:3239} INFO - Sync 1 DAGs
[2025-05-21T16:25:39.255+0000] {logging_mixin.py:190} INFO - [2025-05-21T16:25:39.255+0000] {dag.py:4180} INFO - Setting next_dagrun for dag_with_taskflow_api_v02 to 2025-05-21 00:00:00+00:00, run_after=2025-05-22 00:00:00+00:00
[2025-05-21T16:25:39.288+0000] {processor.py:208} INFO - Processing /opt/airflow/dags/dar_with_taskflow_api.py took 0.171 seconds
[2025-05-21T16:26:09.918+0000] {processor.py:186} INFO - Started process (PID=7152) to work on /opt/airflow/dags/dar_with_taskflow_api.py
[2025-05-21T16:26:09.920+0000] {processor.py:914} INFO - Processing file /opt/airflow/dags/dar_with_taskflow_api.py for tasks to queue
[2025-05-21T16:26:09.923+0000] {logging_mixin.py:190} INFO - [2025-05-21T16:26:09.923+0000] {dagbag.py:588} INFO - Filling up the DagBag from /opt/airflow/dags/dar_with_taskflow_api.py
[2025-05-21T16:26:09.953+0000] {processor.py:925} INFO - DAG(s) 'dag_with_taskflow_api_v02' retrieved from /opt/airflow/dags/dar_with_taskflow_api.py
[2025-05-21T16:26:09.989+0000] {logging_mixin.py:190} INFO - [2025-05-21T16:26:09.989+0000] {dag.py:3239} INFO - Sync 1 DAGs
[2025-05-21T16:26:10.024+0000] {logging_mixin.py:190} INFO - [2025-05-21T16:26:10.024+0000] {dag.py:4180} INFO - Setting next_dagrun for dag_with_taskflow_api_v02 to 2025-05-21 00:00:00+00:00, run_after=2025-05-22 00:00:00+00:00
[2025-05-21T16:26:10.053+0000] {processor.py:208} INFO - Processing /opt/airflow/dags/dar_with_taskflow_api.py took 0.143 seconds
[2025-05-21T16:26:40.657+0000] {processor.py:186} INFO - Started process (PID=7161) to work on /opt/airflow/dags/dar_with_taskflow_api.py
[2025-05-21T16:26:40.659+0000] {processor.py:914} INFO - Processing file /opt/airflow/dags/dar_with_taskflow_api.py for tasks to queue
[2025-05-21T16:26:40.663+0000] {logging_mixin.py:190} INFO - [2025-05-21T16:26:40.662+0000] {dagbag.py:588} INFO - Filling up the DagBag from /opt/airflow/dags/dar_with_taskflow_api.py
[2025-05-21T16:26:40.697+0000] {processor.py:925} INFO - DAG(s) 'dag_with_taskflow_api_v02' retrieved from /opt/airflow/dags/dar_with_taskflow_api.py
[2025-05-21T16:26:40.743+0000] {logging_mixin.py:190} INFO - [2025-05-21T16:26:40.742+0000] {dag.py:3239} INFO - Sync 1 DAGs
[2025-05-21T16:26:40.783+0000] {logging_mixin.py:190} INFO - [2025-05-21T16:26:40.782+0000] {dag.py:4180} INFO - Setting next_dagrun for dag_with_taskflow_api_v02 to 2025-05-21 00:00:00+00:00, run_after=2025-05-22 00:00:00+00:00
[2025-05-21T16:26:40.853+0000] {processor.py:208} INFO - Processing /opt/airflow/dags/dar_with_taskflow_api.py took 0.205 seconds
[2025-05-21T16:27:11.399+0000] {processor.py:186} INFO - Started process (PID=7170) to work on /opt/airflow/dags/dar_with_taskflow_api.py
[2025-05-21T16:27:11.401+0000] {processor.py:914} INFO - Processing file /opt/airflow/dags/dar_with_taskflow_api.py for tasks to queue
[2025-05-21T16:27:11.406+0000] {logging_mixin.py:190} INFO - [2025-05-21T16:27:11.405+0000] {dagbag.py:588} INFO - Filling up the DagBag from /opt/airflow/dags/dar_with_taskflow_api.py
[2025-05-21T16:27:11.459+0000] {processor.py:925} INFO - DAG(s) 'dag_with_taskflow_api_v02' retrieved from /opt/airflow/dags/dar_with_taskflow_api.py
[2025-05-21T16:27:11.521+0000] {logging_mixin.py:190} INFO - [2025-05-21T16:27:11.520+0000] {dag.py:3239} INFO - Sync 1 DAGs
[2025-05-21T16:27:11.565+0000] {logging_mixin.py:190} INFO - [2025-05-21T16:27:11.565+0000] {dag.py:4180} INFO - Setting next_dagrun for dag_with_taskflow_api_v02 to 2025-05-21 00:00:00+00:00, run_after=2025-05-22 00:00:00+00:00
[2025-05-21T16:27:11.638+0000] {processor.py:208} INFO - Processing /opt/airflow/dags/dar_with_taskflow_api.py took 0.250 seconds
[2025-05-21T16:27:42.199+0000] {processor.py:186} INFO - Started process (PID=7179) to work on /opt/airflow/dags/dar_with_taskflow_api.py
[2025-05-21T16:27:42.201+0000] {processor.py:914} INFO - Processing file /opt/airflow/dags/dar_with_taskflow_api.py for tasks to queue
[2025-05-21T16:27:42.205+0000] {logging_mixin.py:190} INFO - [2025-05-21T16:27:42.205+0000] {dagbag.py:588} INFO - Filling up the DagBag from /opt/airflow/dags/dar_with_taskflow_api.py
[2025-05-21T16:27:42.245+0000] {processor.py:925} INFO - DAG(s) 'dag_with_taskflow_api_v02' retrieved from /opt/airflow/dags/dar_with_taskflow_api.py
[2025-05-21T16:27:42.290+0000] {logging_mixin.py:190} INFO - [2025-05-21T16:27:42.290+0000] {dag.py:3239} INFO - Sync 1 DAGs
[2025-05-21T16:27:42.329+0000] {logging_mixin.py:190} INFO - [2025-05-21T16:27:42.329+0000] {dag.py:4180} INFO - Setting next_dagrun for dag_with_taskflow_api_v02 to 2025-05-21 00:00:00+00:00, run_after=2025-05-22 00:00:00+00:00
[2025-05-21T16:27:42.394+0000] {processor.py:208} INFO - Processing /opt/airflow/dags/dar_with_taskflow_api.py took 0.204 seconds
[2025-05-21T16:28:12.819+0000] {processor.py:186} INFO - Started process (PID=7188) to work on /opt/airflow/dags/dar_with_taskflow_api.py
[2025-05-21T16:28:12.820+0000] {processor.py:914} INFO - Processing file /opt/airflow/dags/dar_with_taskflow_api.py for tasks to queue
[2025-05-21T16:28:12.823+0000] {logging_mixin.py:190} INFO - [2025-05-21T16:28:12.822+0000] {dagbag.py:588} INFO - Filling up the DagBag from /opt/airflow/dags/dar_with_taskflow_api.py
[2025-05-21T16:28:12.845+0000] {processor.py:925} INFO - DAG(s) 'dag_with_taskflow_api_v02' retrieved from /opt/airflow/dags/dar_with_taskflow_api.py
[2025-05-21T16:28:12.870+0000] {logging_mixin.py:190} INFO - [2025-05-21T16:28:12.870+0000] {dag.py:3239} INFO - Sync 1 DAGs
[2025-05-21T16:28:12.894+0000] {logging_mixin.py:190} INFO - [2025-05-21T16:28:12.894+0000] {dag.py:4180} INFO - Setting next_dagrun for dag_with_taskflow_api_v02 to 2025-05-21 00:00:00+00:00, run_after=2025-05-22 00:00:00+00:00
[2025-05-21T16:28:12.939+0000] {processor.py:208} INFO - Processing /opt/airflow/dags/dar_with_taskflow_api.py took 0.127 seconds
[2025-05-21T16:28:43.392+0000] {processor.py:186} INFO - Started process (PID=7197) to work on /opt/airflow/dags/dar_with_taskflow_api.py
[2025-05-21T16:28:43.394+0000] {processor.py:914} INFO - Processing file /opt/airflow/dags/dar_with_taskflow_api.py for tasks to queue
[2025-05-21T16:28:43.398+0000] {logging_mixin.py:190} INFO - [2025-05-21T16:28:43.397+0000] {dagbag.py:588} INFO - Filling up the DagBag from /opt/airflow/dags/dar_with_taskflow_api.py
[2025-05-21T16:28:43.448+0000] {processor.py:925} INFO - DAG(s) 'dag_with_taskflow_api_v02' retrieved from /opt/airflow/dags/dar_with_taskflow_api.py
[2025-05-21T16:28:43.497+0000] {logging_mixin.py:190} INFO - [2025-05-21T16:28:43.496+0000] {dag.py:3239} INFO - Sync 1 DAGs
[2025-05-21T16:28:43.542+0000] {logging_mixin.py:190} INFO - [2025-05-21T16:28:43.541+0000] {dag.py:4180} INFO - Setting next_dagrun for dag_with_taskflow_api_v02 to 2025-05-21 00:00:00+00:00, run_after=2025-05-22 00:00:00+00:00
[2025-05-21T16:28:43.624+0000] {processor.py:208} INFO - Processing /opt/airflow/dags/dar_with_taskflow_api.py took 0.242 seconds
[2025-05-21T16:29:14.231+0000] {processor.py:186} INFO - Started process (PID=7206) to work on /opt/airflow/dags/dar_with_taskflow_api.py
[2025-05-21T16:29:14.234+0000] {processor.py:914} INFO - Processing file /opt/airflow/dags/dar_with_taskflow_api.py for tasks to queue
[2025-05-21T16:29:14.239+0000] {logging_mixin.py:190} INFO - [2025-05-21T16:29:14.238+0000] {dagbag.py:588} INFO - Filling up the DagBag from /opt/airflow/dags/dar_with_taskflow_api.py
[2025-05-21T16:29:14.274+0000] {processor.py:925} INFO - DAG(s) 'dag_with_taskflow_api_v02' retrieved from /opt/airflow/dags/dar_with_taskflow_api.py
[2025-05-21T16:29:14.314+0000] {logging_mixin.py:190} INFO - [2025-05-21T16:29:14.313+0000] {dag.py:3239} INFO - Sync 1 DAGs
[2025-05-21T16:29:14.353+0000] {logging_mixin.py:190} INFO - [2025-05-21T16:29:14.352+0000] {dag.py:4180} INFO - Setting next_dagrun for dag_with_taskflow_api_v02 to 2025-05-21 00:00:00+00:00, run_after=2025-05-22 00:00:00+00:00
[2025-05-21T16:29:14.424+0000] {processor.py:208} INFO - Processing /opt/airflow/dags/dar_with_taskflow_api.py took 0.202 seconds
