[2025-05-21T15:55:51.700+0000] {processor.py:186} INFO - Started process (PID=52) to work on /opt/airflow/dags/first_dag.py
[2025-05-21T15:55:51.702+0000] {processor.py:914} INFO - Processing file /opt/airflow/dags/first_dag.py for tasks to queue
[2025-05-21T15:55:51.717+0000] {logging_mixin.py:190} INFO - [2025-05-21T15:55:51.714+0000] {dagbag.py:588} INFO - Filling up the DagBag from /opt/airflow/dags/first_dag.py
[2025-05-21T15:55:51.884+0000] {processor.py:925} INFO - DAG(s) 'v4' retrieved from /opt/airflow/dags/first_dag.py
[2025-05-21T15:55:51.925+0000] {logging_mixin.py:190} INFO - [2025-05-21T15:55:51.923+0000] {dag.py:3239} INFO - Sync 1 DAGs
[2025-05-21T15:55:51.981+0000] {logging_mixin.py:190} INFO - [2025-05-21T15:55:51.981+0000] {dag.py:4180} INFO - Setting next_dagrun for v4 to 2025-05-22 00:00:00+00:00, run_after=2025-05-23 00:00:00+00:00
[2025-05-21T15:55:52.082+0000] {processor.py:208} INFO - Processing /opt/airflow/dags/first_dag.py took 0.390 seconds
[2025-05-21T15:56:22.874+0000] {processor.py:186} INFO - Started process (PID=67) to work on /opt/airflow/dags/first_dag.py
[2025-05-21T15:56:22.876+0000] {processor.py:914} INFO - Processing file /opt/airflow/dags/first_dag.py for tasks to queue
[2025-05-21T15:56:22.880+0000] {logging_mixin.py:190} INFO - [2025-05-21T15:56:22.880+0000] {dagbag.py:588} INFO - Filling up the DagBag from /opt/airflow/dags/first_dag.py
[2025-05-21T15:56:22.906+0000] {processor.py:925} INFO - DAG(s) 'v4' retrieved from /opt/airflow/dags/first_dag.py
[2025-05-21T15:56:22.957+0000] {logging_mixin.py:190} INFO - [2025-05-21T15:56:22.956+0000] {dag.py:3239} INFO - Sync 1 DAGs
[2025-05-21T15:56:22.990+0000] {logging_mixin.py:190} INFO - [2025-05-21T15:56:22.990+0000] {dag.py:4180} INFO - Setting next_dagrun for v4 to 2025-05-22 00:00:00+00:00, run_after=2025-05-23 00:00:00+00:00
[2025-05-21T15:56:23.024+0000] {processor.py:208} INFO - Processing /opt/airflow/dags/first_dag.py took 0.158 seconds
[2025-05-21T15:56:53.695+0000] {processor.py:186} INFO - Started process (PID=77) to work on /opt/airflow/dags/first_dag.py
[2025-05-21T15:56:53.698+0000] {processor.py:914} INFO - Processing file /opt/airflow/dags/first_dag.py for tasks to queue
[2025-05-21T15:56:53.702+0000] {logging_mixin.py:190} INFO - [2025-05-21T15:56:53.701+0000] {dagbag.py:588} INFO - Filling up the DagBag from /opt/airflow/dags/first_dag.py
[2025-05-21T15:56:53.738+0000] {processor.py:925} INFO - DAG(s) 'v4' retrieved from /opt/airflow/dags/first_dag.py
[2025-05-21T15:56:53.782+0000] {logging_mixin.py:190} INFO - [2025-05-21T15:56:53.782+0000] {dag.py:3239} INFO - Sync 1 DAGs
[2025-05-21T15:56:53.823+0000] {logging_mixin.py:190} INFO - [2025-05-21T15:56:53.823+0000] {dag.py:4180} INFO - Setting next_dagrun for v4 to 2025-05-22 00:00:00+00:00, run_after=2025-05-23 00:00:00+00:00
[2025-05-21T15:56:53.891+0000] {processor.py:208} INFO - Processing /opt/airflow/dags/first_dag.py took 0.204 seconds
[2025-05-21T15:57:24.373+0000] {processor.py:186} INFO - Started process (PID=86) to work on /opt/airflow/dags/first_dag.py
[2025-05-21T15:57:24.375+0000] {processor.py:914} INFO - Processing file /opt/airflow/dags/first_dag.py for tasks to queue
[2025-05-21T15:57:24.378+0000] {logging_mixin.py:190} INFO - [2025-05-21T15:57:24.377+0000] {dagbag.py:588} INFO - Filling up the DagBag from /opt/airflow/dags/first_dag.py
[2025-05-21T15:57:24.406+0000] {processor.py:925} INFO - DAG(s) 'v4' retrieved from /opt/airflow/dags/first_dag.py
[2025-05-21T15:57:24.441+0000] {logging_mixin.py:190} INFO - [2025-05-21T15:57:24.441+0000] {dag.py:3239} INFO - Sync 1 DAGs
[2025-05-21T15:57:24.473+0000] {logging_mixin.py:190} INFO - [2025-05-21T15:57:24.472+0000] {dag.py:4180} INFO - Setting next_dagrun for v4 to 2025-05-22 00:00:00+00:00, run_after=2025-05-23 00:00:00+00:00
[2025-05-21T15:57:24.534+0000] {processor.py:208} INFO - Processing /opt/airflow/dags/first_dag.py took 0.168 seconds
[2025-05-21T15:57:55.122+0000] {processor.py:186} INFO - Started process (PID=95) to work on /opt/airflow/dags/first_dag.py
[2025-05-21T15:57:55.124+0000] {processor.py:914} INFO - Processing file /opt/airflow/dags/first_dag.py for tasks to queue
[2025-05-21T15:57:55.128+0000] {logging_mixin.py:190} INFO - [2025-05-21T15:57:55.128+0000] {dagbag.py:588} INFO - Filling up the DagBag from /opt/airflow/dags/first_dag.py
[2025-05-21T15:57:55.164+0000] {processor.py:925} INFO - DAG(s) 'v4' retrieved from /opt/airflow/dags/first_dag.py
[2025-05-21T15:57:55.205+0000] {logging_mixin.py:190} INFO - [2025-05-21T15:57:55.204+0000] {dag.py:3239} INFO - Sync 1 DAGs
[2025-05-21T15:57:55.244+0000] {logging_mixin.py:190} INFO - [2025-05-21T15:57:55.243+0000] {dag.py:4180} INFO - Setting next_dagrun for v4 to 2025-05-22 00:00:00+00:00, run_after=2025-05-23 00:00:00+00:00
[2025-05-21T15:57:55.279+0000] {processor.py:208} INFO - Processing /opt/airflow/dags/first_dag.py took 0.166 seconds
[2025-05-21T15:58:26.196+0000] {processor.py:186} INFO - Started process (PID=104) to work on /opt/airflow/dags/first_dag.py
[2025-05-21T15:58:26.198+0000] {processor.py:914} INFO - Processing file /opt/airflow/dags/first_dag.py for tasks to queue
[2025-05-21T15:58:26.202+0000] {logging_mixin.py:190} INFO - [2025-05-21T15:58:26.201+0000] {dagbag.py:588} INFO - Filling up the DagBag from /opt/airflow/dags/first_dag.py
[2025-05-21T15:58:26.232+0000] {processor.py:925} INFO - DAG(s) 'v4' retrieved from /opt/airflow/dags/first_dag.py
[2025-05-21T15:58:26.275+0000] {logging_mixin.py:190} INFO - [2025-05-21T15:58:26.274+0000] {dag.py:3239} INFO - Sync 1 DAGs
[2025-05-21T15:58:26.320+0000] {logging_mixin.py:190} INFO - [2025-05-21T15:58:26.320+0000] {dag.py:4180} INFO - Setting next_dagrun for v4 to 2025-05-22 00:00:00+00:00, run_after=2025-05-23 00:00:00+00:00
[2025-05-21T15:58:26.402+0000] {processor.py:208} INFO - Processing /opt/airflow/dags/first_dag.py took 0.215 seconds
[2025-05-21T15:58:56.972+0000] {processor.py:186} INFO - Started process (PID=112) to work on /opt/airflow/dags/first_dag.py
[2025-05-21T15:58:56.974+0000] {processor.py:914} INFO - Processing file /opt/airflow/dags/first_dag.py for tasks to queue
[2025-05-21T15:58:56.979+0000] {logging_mixin.py:190} INFO - [2025-05-21T15:58:56.979+0000] {dagbag.py:588} INFO - Filling up the DagBag from /opt/airflow/dags/first_dag.py
[2025-05-21T15:58:57.014+0000] {processor.py:925} INFO - DAG(s) 'v4' retrieved from /opt/airflow/dags/first_dag.py
[2025-05-21T15:58:57.054+0000] {logging_mixin.py:190} INFO - [2025-05-21T15:58:57.054+0000] {dag.py:3239} INFO - Sync 1 DAGs
[2025-05-21T15:58:57.091+0000] {logging_mixin.py:190} INFO - [2025-05-21T15:58:57.091+0000] {dag.py:4180} INFO - Setting next_dagrun for v4 to 2025-05-22 00:00:00+00:00, run_after=2025-05-23 00:00:00+00:00
[2025-05-21T15:58:57.128+0000] {processor.py:208} INFO - Processing /opt/airflow/dags/first_dag.py took 0.165 seconds
[2025-05-21T15:59:27.679+0000] {processor.py:186} INFO - Started process (PID=121) to work on /opt/airflow/dags/first_dag.py
[2025-05-21T15:59:27.681+0000] {processor.py:914} INFO - Processing file /opt/airflow/dags/first_dag.py for tasks to queue
[2025-05-21T15:59:27.684+0000] {logging_mixin.py:190} INFO - [2025-05-21T15:59:27.684+0000] {dagbag.py:588} INFO - Filling up the DagBag from /opt/airflow/dags/first_dag.py
[2025-05-21T15:59:27.719+0000] {processor.py:925} INFO - DAG(s) 'v4' retrieved from /opt/airflow/dags/first_dag.py
[2025-05-21T15:59:27.758+0000] {logging_mixin.py:190} INFO - [2025-05-21T15:59:27.757+0000] {dag.py:3239} INFO - Sync 1 DAGs
[2025-05-21T15:59:27.793+0000] {logging_mixin.py:190} INFO - [2025-05-21T15:59:27.792+0000] {dag.py:4180} INFO - Setting next_dagrun for v4 to 2025-05-22 00:00:00+00:00, run_after=2025-05-23 00:00:00+00:00
[2025-05-21T15:59:27.859+0000] {processor.py:208} INFO - Processing /opt/airflow/dags/first_dag.py took 0.190 seconds
[2025-05-21T15:59:58.363+0000] {processor.py:186} INFO - Started process (PID=130) to work on /opt/airflow/dags/first_dag.py
[2025-05-21T15:59:58.365+0000] {processor.py:914} INFO - Processing file /opt/airflow/dags/first_dag.py for tasks to queue
[2025-05-21T15:59:58.368+0000] {logging_mixin.py:190} INFO - [2025-05-21T15:59:58.367+0000] {dagbag.py:588} INFO - Filling up the DagBag from /opt/airflow/dags/first_dag.py
[2025-05-21T15:59:58.399+0000] {processor.py:925} INFO - DAG(s) 'v4' retrieved from /opt/airflow/dags/first_dag.py
[2025-05-21T15:59:58.440+0000] {logging_mixin.py:190} INFO - [2025-05-21T15:59:58.439+0000] {dag.py:3239} INFO - Sync 1 DAGs
[2025-05-21T15:59:58.475+0000] {logging_mixin.py:190} INFO - [2025-05-21T15:59:58.475+0000] {dag.py:4180} INFO - Setting next_dagrun for v4 to 2025-05-22 00:00:00+00:00, run_after=2025-05-23 00:00:00+00:00
[2025-05-21T15:59:58.542+0000] {processor.py:208} INFO - Processing /opt/airflow/dags/first_dag.py took 0.187 seconds
[2025-05-21T16:00:29.017+0000] {processor.py:186} INFO - Started process (PID=139) to work on /opt/airflow/dags/first_dag.py
[2025-05-21T16:00:29.019+0000] {processor.py:914} INFO - Processing file /opt/airflow/dags/first_dag.py for tasks to queue
[2025-05-21T16:00:29.022+0000] {logging_mixin.py:190} INFO - [2025-05-21T16:00:29.021+0000] {dagbag.py:588} INFO - Filling up the DagBag from /opt/airflow/dags/first_dag.py
[2025-05-21T16:00:29.049+0000] {processor.py:925} INFO - DAG(s) 'v4' retrieved from /opt/airflow/dags/first_dag.py
[2025-05-21T16:00:29.082+0000] {logging_mixin.py:190} INFO - [2025-05-21T16:00:29.082+0000] {dag.py:3239} INFO - Sync 1 DAGs
[2025-05-21T16:00:29.114+0000] {logging_mixin.py:190} INFO - [2025-05-21T16:00:29.114+0000] {dag.py:4180} INFO - Setting next_dagrun for v4 to 2025-05-22 00:00:00+00:00, run_after=2025-05-23 00:00:00+00:00
[2025-05-21T16:00:29.179+0000] {processor.py:208} INFO - Processing /opt/airflow/dags/first_dag.py took 0.169 seconds
[2025-05-21T16:00:59.360+0000] {processor.py:186} INFO - Started process (PID=219) to work on /opt/airflow/dags/first_dag.py
[2025-05-21T16:00:59.362+0000] {processor.py:914} INFO - Processing file /opt/airflow/dags/first_dag.py for tasks to queue
[2025-05-21T16:00:59.364+0000] {logging_mixin.py:190} INFO - [2025-05-21T16:00:59.364+0000] {dagbag.py:588} INFO - Filling up the DagBag from /opt/airflow/dags/first_dag.py
[2025-05-21T16:00:59.419+0000] {processor.py:925} INFO - DAG(s) 'v4' retrieved from /opt/airflow/dags/first_dag.py
[2025-05-21T16:00:59.449+0000] {logging_mixin.py:190} INFO - [2025-05-21T16:00:59.449+0000] {dag.py:3239} INFO - Sync 1 DAGs
[2025-05-21T16:00:59.480+0000] {logging_mixin.py:190} INFO - [2025-05-21T16:00:59.480+0000] {dag.py:4180} INFO - Setting next_dagrun for v4 to 2025-05-22 00:00:00+00:00, run_after=2025-05-23 00:00:00+00:00
[2025-05-21T16:00:59.507+0000] {processor.py:208} INFO - Processing /opt/airflow/dags/first_dag.py took 0.154 seconds
[2025-05-21T16:01:30.478+0000] {processor.py:186} INFO - Started process (PID=406) to work on /opt/airflow/dags/first_dag.py
[2025-05-21T16:01:30.480+0000] {processor.py:914} INFO - Processing file /opt/airflow/dags/first_dag.py for tasks to queue
[2025-05-21T16:01:30.486+0000] {logging_mixin.py:190} INFO - [2025-05-21T16:01:30.485+0000] {dagbag.py:588} INFO - Filling up the DagBag from /opt/airflow/dags/first_dag.py
[2025-05-21T16:01:30.523+0000] {processor.py:925} INFO - DAG(s) 'v4' retrieved from /opt/airflow/dags/first_dag.py
[2025-05-21T16:01:30.588+0000] {logging_mixin.py:190} INFO - [2025-05-21T16:01:30.588+0000] {dag.py:3239} INFO - Sync 1 DAGs
[2025-05-21T16:01:30.643+0000] {logging_mixin.py:190} INFO - [2025-05-21T16:01:30.642+0000] {dag.py:4180} INFO - Setting next_dagrun for v4 to 2025-05-22 00:00:00+00:00, run_after=2025-05-23 00:00:00+00:00
[2025-05-21T16:01:30.712+0000] {processor.py:208} INFO - Processing /opt/airflow/dags/first_dag.py took 0.253 seconds
[2025-05-21T16:02:01.723+0000] {processor.py:186} INFO - Started process (PID=582) to work on /opt/airflow/dags/first_dag.py
[2025-05-21T16:02:01.726+0000] {processor.py:914} INFO - Processing file /opt/airflow/dags/first_dag.py for tasks to queue
[2025-05-21T16:02:01.736+0000] {logging_mixin.py:190} INFO - [2025-05-21T16:02:01.735+0000] {dagbag.py:588} INFO - Filling up the DagBag from /opt/airflow/dags/first_dag.py
[2025-05-21T16:02:01.801+0000] {processor.py:925} INFO - DAG(s) 'v4' retrieved from /opt/airflow/dags/first_dag.py
[2025-05-21T16:02:01.883+0000] {logging_mixin.py:190} INFO - [2025-05-21T16:02:01.882+0000] {dag.py:3239} INFO - Sync 1 DAGs
[2025-05-21T16:02:01.946+0000] {logging_mixin.py:190} INFO - [2025-05-21T16:02:01.945+0000] {dag.py:4180} INFO - Setting next_dagrun for v4 to 2025-05-22 00:00:00+00:00, run_after=2025-05-23 00:00:00+00:00
[2025-05-21T16:02:02.029+0000] {processor.py:208} INFO - Processing /opt/airflow/dags/first_dag.py took 0.313 seconds
[2025-05-21T16:02:32.361+0000] {processor.py:186} INFO - Started process (PID=762) to work on /opt/airflow/dags/first_dag.py
[2025-05-21T16:02:32.362+0000] {processor.py:914} INFO - Processing file /opt/airflow/dags/first_dag.py for tasks to queue
[2025-05-21T16:02:32.365+0000] {logging_mixin.py:190} INFO - [2025-05-21T16:02:32.365+0000] {dagbag.py:588} INFO - Filling up the DagBag from /opt/airflow/dags/first_dag.py
[2025-05-21T16:02:32.441+0000] {processor.py:925} INFO - DAG(s) 'v4' retrieved from /opt/airflow/dags/first_dag.py
[2025-05-21T16:02:32.505+0000] {logging_mixin.py:190} INFO - [2025-05-21T16:02:32.505+0000] {dag.py:3239} INFO - Sync 1 DAGs
[2025-05-21T16:02:32.600+0000] {logging_mixin.py:190} INFO - [2025-05-21T16:02:32.599+0000] {dag.py:4180} INFO - Setting next_dagrun for v4 to 2025-05-22 00:00:00+00:00, run_after=2025-05-23 00:00:00+00:00
[2025-05-21T16:02:32.688+0000] {processor.py:208} INFO - Processing /opt/airflow/dags/first_dag.py took 0.346 seconds
[2025-05-21T16:03:03.347+0000] {processor.py:186} INFO - Started process (PID=944) to work on /opt/airflow/dags/first_dag.py
[2025-05-21T16:03:03.352+0000] {processor.py:914} INFO - Processing file /opt/airflow/dags/first_dag.py for tasks to queue
[2025-05-21T16:03:03.366+0000] {logging_mixin.py:190} INFO - [2025-05-21T16:03:03.365+0000] {dagbag.py:588} INFO - Filling up the DagBag from /opt/airflow/dags/first_dag.py
[2025-05-21T16:03:03.653+0000] {processor.py:925} INFO - DAG(s) 'v4' retrieved from /opt/airflow/dags/first_dag.py
[2025-05-21T16:03:03.733+0000] {logging_mixin.py:190} INFO - [2025-05-21T16:03:03.732+0000] {dag.py:3239} INFO - Sync 1 DAGs
[2025-05-21T16:03:03.796+0000] {logging_mixin.py:190} INFO - [2025-05-21T16:03:03.796+0000] {dag.py:4180} INFO - Setting next_dagrun for v4 to 2025-05-22 00:00:00+00:00, run_after=2025-05-23 00:00:00+00:00
[2025-05-21T16:03:03.878+0000] {processor.py:208} INFO - Processing /opt/airflow/dags/first_dag.py took 0.551 seconds
[2025-05-21T16:03:34.775+0000] {processor.py:186} INFO - Started process (PID=1126) to work on /opt/airflow/dags/first_dag.py
[2025-05-21T16:03:34.783+0000] {processor.py:914} INFO - Processing file /opt/airflow/dags/first_dag.py for tasks to queue
[2025-05-21T16:03:34.786+0000] {logging_mixin.py:190} INFO - [2025-05-21T16:03:34.785+0000] {dagbag.py:588} INFO - Filling up the DagBag from /opt/airflow/dags/first_dag.py
[2025-05-21T16:03:34.809+0000] {processor.py:925} INFO - DAG(s) 'v4' retrieved from /opt/airflow/dags/first_dag.py
[2025-05-21T16:03:34.868+0000] {logging_mixin.py:190} INFO - [2025-05-21T16:03:34.868+0000] {dag.py:3239} INFO - Sync 1 DAGs
[2025-05-21T16:03:34.902+0000] {logging_mixin.py:190} INFO - [2025-05-21T16:03:34.901+0000] {dag.py:4180} INFO - Setting next_dagrun for v4 to 2025-05-22 00:00:00+00:00, run_after=2025-05-23 00:00:00+00:00
[2025-05-21T16:03:34.991+0000] {processor.py:208} INFO - Processing /opt/airflow/dags/first_dag.py took 0.226 seconds
[2025-05-21T16:04:05.347+0000] {processor.py:186} INFO - Started process (PID=1298) to work on /opt/airflow/dags/first_dag.py
[2025-05-21T16:04:05.349+0000] {processor.py:914} INFO - Processing file /opt/airflow/dags/first_dag.py for tasks to queue
[2025-05-21T16:04:05.351+0000] {logging_mixin.py:190} INFO - [2025-05-21T16:04:05.351+0000] {dagbag.py:588} INFO - Filling up the DagBag from /opt/airflow/dags/first_dag.py
[2025-05-21T16:04:05.421+0000] {processor.py:925} INFO - DAG(s) 'v4' retrieved from /opt/airflow/dags/first_dag.py
[2025-05-21T16:04:05.476+0000] {logging_mixin.py:190} INFO - [2025-05-21T16:04:05.476+0000] {dag.py:3239} INFO - Sync 1 DAGs
[2025-05-21T16:04:05.516+0000] {logging_mixin.py:190} INFO - [2025-05-21T16:04:05.516+0000] {dag.py:4180} INFO - Setting next_dagrun for v4 to 2025-05-22 00:00:00+00:00, run_after=2025-05-23 00:00:00+00:00
[2025-05-21T16:04:05.552+0000] {processor.py:208} INFO - Processing /opt/airflow/dags/first_dag.py took 0.217 seconds
[2025-05-21T16:04:36.159+0000] {processor.py:186} INFO - Started process (PID=1483) to work on /opt/airflow/dags/first_dag.py
[2025-05-21T16:04:36.160+0000] {processor.py:914} INFO - Processing file /opt/airflow/dags/first_dag.py for tasks to queue
[2025-05-21T16:04:36.163+0000] {logging_mixin.py:190} INFO - [2025-05-21T16:04:36.163+0000] {dagbag.py:588} INFO - Filling up the DagBag from /opt/airflow/dags/first_dag.py
[2025-05-21T16:04:36.195+0000] {processor.py:925} INFO - DAG(s) 'v4' retrieved from /opt/airflow/dags/first_dag.py
[2025-05-21T16:04:36.285+0000] {logging_mixin.py:190} INFO - [2025-05-21T16:04:36.284+0000] {dag.py:3239} INFO - Sync 1 DAGs
[2025-05-21T16:04:36.370+0000] {logging_mixin.py:190} INFO - [2025-05-21T16:04:36.369+0000] {dag.py:4180} INFO - Setting next_dagrun for v4 to 2025-05-22 00:00:00+00:00, run_after=2025-05-23 00:00:00+00:00
[2025-05-21T16:04:36.433+0000] {processor.py:208} INFO - Processing /opt/airflow/dags/first_dag.py took 0.288 seconds
[2025-05-21T16:05:07.042+0000] {processor.py:186} INFO - Started process (PID=1654) to work on /opt/airflow/dags/first_dag.py
[2025-05-21T16:05:07.047+0000] {processor.py:914} INFO - Processing file /opt/airflow/dags/first_dag.py for tasks to queue
[2025-05-21T16:05:07.053+0000] {logging_mixin.py:190} INFO - [2025-05-21T16:05:07.053+0000] {dagbag.py:588} INFO - Filling up the DagBag from /opt/airflow/dags/first_dag.py
[2025-05-21T16:05:07.096+0000] {processor.py:925} INFO - DAG(s) 'v4' retrieved from /opt/airflow/dags/first_dag.py
[2025-05-21T16:05:07.221+0000] {logging_mixin.py:190} INFO - [2025-05-21T16:05:07.221+0000] {dag.py:3239} INFO - Sync 1 DAGs
[2025-05-21T16:05:07.274+0000] {logging_mixin.py:190} INFO - [2025-05-21T16:05:07.274+0000] {dag.py:4180} INFO - Setting next_dagrun for v4 to 2025-05-22 00:00:00+00:00, run_after=2025-05-23 00:00:00+00:00
[2025-05-21T16:05:07.335+0000] {processor.py:208} INFO - Processing /opt/airflow/dags/first_dag.py took 0.299 seconds
[2025-05-21T16:05:37.808+0000] {processor.py:186} INFO - Started process (PID=1806) to work on /opt/airflow/dags/first_dag.py
[2025-05-21T16:05:37.810+0000] {processor.py:914} INFO - Processing file /opt/airflow/dags/first_dag.py for tasks to queue
[2025-05-21T16:05:37.812+0000] {logging_mixin.py:190} INFO - [2025-05-21T16:05:37.812+0000] {dagbag.py:588} INFO - Filling up the DagBag from /opt/airflow/dags/first_dag.py
[2025-05-21T16:05:37.832+0000] {processor.py:925} INFO - DAG(s) 'v4' retrieved from /opt/airflow/dags/first_dag.py
[2025-05-21T16:05:37.880+0000] {logging_mixin.py:190} INFO - [2025-05-21T16:05:37.880+0000] {dag.py:3239} INFO - Sync 1 DAGs
[2025-05-21T16:05:37.905+0000] {logging_mixin.py:190} INFO - [2025-05-21T16:05:37.905+0000] {dag.py:4180} INFO - Setting next_dagrun for v4 to 2025-05-22 00:00:00+00:00, run_after=2025-05-23 00:00:00+00:00
[2025-05-21T16:05:37.931+0000] {processor.py:208} INFO - Processing /opt/airflow/dags/first_dag.py took 0.128 seconds
[2025-05-21T16:06:08.907+0000] {processor.py:186} INFO - Started process (PID=1973) to work on /opt/airflow/dags/first_dag.py
[2025-05-21T16:06:08.913+0000] {processor.py:914} INFO - Processing file /opt/airflow/dags/first_dag.py for tasks to queue
[2025-05-21T16:06:08.921+0000] {logging_mixin.py:190} INFO - [2025-05-21T16:06:08.920+0000] {dagbag.py:588} INFO - Filling up the DagBag from /opt/airflow/dags/first_dag.py
[2025-05-21T16:06:08.952+0000] {processor.py:925} INFO - DAG(s) 'v4' retrieved from /opt/airflow/dags/first_dag.py
[2025-05-21T16:06:09.019+0000] {logging_mixin.py:190} INFO - [2025-05-21T16:06:09.018+0000] {dag.py:3239} INFO - Sync 1 DAGs
[2025-05-21T16:06:09.050+0000] {logging_mixin.py:190} INFO - [2025-05-21T16:06:09.050+0000] {dag.py:4180} INFO - Setting next_dagrun for v4 to 2025-05-22 00:00:00+00:00, run_after=2025-05-23 00:00:00+00:00
[2025-05-21T16:06:09.083+0000] {processor.py:208} INFO - Processing /opt/airflow/dags/first_dag.py took 0.189 seconds
[2025-05-21T16:06:39.801+0000] {processor.py:186} INFO - Started process (PID=2161) to work on /opt/airflow/dags/first_dag.py
[2025-05-21T16:06:39.812+0000] {processor.py:914} INFO - Processing file /opt/airflow/dags/first_dag.py for tasks to queue
[2025-05-21T16:06:39.816+0000] {logging_mixin.py:190} INFO - [2025-05-21T16:06:39.815+0000] {dagbag.py:588} INFO - Filling up the DagBag from /opt/airflow/dags/first_dag.py
[2025-05-21T16:06:39.846+0000] {processor.py:925} INFO - DAG(s) 'v4' retrieved from /opt/airflow/dags/first_dag.py
[2025-05-21T16:06:39.912+0000] {logging_mixin.py:190} INFO - [2025-05-21T16:06:39.912+0000] {dag.py:3239} INFO - Sync 1 DAGs
[2025-05-21T16:06:39.964+0000] {logging_mixin.py:190} INFO - [2025-05-21T16:06:39.963+0000] {dag.py:4180} INFO - Setting next_dagrun for v4 to 2025-05-22 00:00:00+00:00, run_after=2025-05-23 00:00:00+00:00
[2025-05-21T16:06:40.015+0000] {processor.py:208} INFO - Processing /opt/airflow/dags/first_dag.py took 0.220 seconds
[2025-05-21T16:07:10.568+0000] {processor.py:186} INFO - Started process (PID=2309) to work on /opt/airflow/dags/first_dag.py
[2025-05-21T16:07:10.569+0000] {processor.py:914} INFO - Processing file /opt/airflow/dags/first_dag.py for tasks to queue
[2025-05-21T16:07:10.572+0000] {logging_mixin.py:190} INFO - [2025-05-21T16:07:10.572+0000] {dagbag.py:588} INFO - Filling up the DagBag from /opt/airflow/dags/first_dag.py
[2025-05-21T16:07:10.595+0000] {processor.py:925} INFO - DAG(s) 'v4' retrieved from /opt/airflow/dags/first_dag.py
[2025-05-21T16:07:10.621+0000] {logging_mixin.py:190} INFO - [2025-05-21T16:07:10.621+0000] {dag.py:3239} INFO - Sync 1 DAGs
[2025-05-21T16:07:10.644+0000] {logging_mixin.py:190} INFO - [2025-05-21T16:07:10.643+0000] {dag.py:4180} INFO - Setting next_dagrun for v4 to 2025-05-22 00:00:00+00:00, run_after=2025-05-23 00:00:00+00:00
[2025-05-21T16:07:10.665+0000] {processor.py:208} INFO - Processing /opt/airflow/dags/first_dag.py took 0.102 seconds
[2025-05-21T16:07:41.639+0000] {processor.py:186} INFO - Started process (PID=2477) to work on /opt/airflow/dags/first_dag.py
[2025-05-21T16:07:41.647+0000] {processor.py:914} INFO - Processing file /opt/airflow/dags/first_dag.py for tasks to queue
[2025-05-21T16:07:41.651+0000] {logging_mixin.py:190} INFO - [2025-05-21T16:07:41.650+0000] {dagbag.py:588} INFO - Filling up the DagBag from /opt/airflow/dags/first_dag.py
[2025-05-21T16:07:41.679+0000] {processor.py:925} INFO - DAG(s) 'v4' retrieved from /opt/airflow/dags/first_dag.py
[2025-05-21T16:07:41.779+0000] {logging_mixin.py:190} INFO - [2025-05-21T16:07:41.779+0000] {dag.py:3239} INFO - Sync 1 DAGs
[2025-05-21T16:07:41.814+0000] {logging_mixin.py:190} INFO - [2025-05-21T16:07:41.814+0000] {dag.py:4180} INFO - Setting next_dagrun for v4 to 2025-05-22 00:00:00+00:00, run_after=2025-05-23 00:00:00+00:00
[2025-05-21T16:07:41.868+0000] {processor.py:208} INFO - Processing /opt/airflow/dags/first_dag.py took 0.236 seconds
[2025-05-21T16:08:12.302+0000] {processor.py:186} INFO - Started process (PID=2621) to work on /opt/airflow/dags/first_dag.py
[2025-05-21T16:08:12.304+0000] {processor.py:914} INFO - Processing file /opt/airflow/dags/first_dag.py for tasks to queue
[2025-05-21T16:08:12.318+0000] {logging_mixin.py:190} INFO - [2025-05-21T16:08:12.318+0000] {dagbag.py:588} INFO - Filling up the DagBag from /opt/airflow/dags/first_dag.py
[2025-05-21T16:08:12.393+0000] {processor.py:925} INFO - DAG(s) 'v4' retrieved from /opt/airflow/dags/first_dag.py
[2025-05-21T16:08:12.453+0000] {logging_mixin.py:190} INFO - [2025-05-21T16:08:12.453+0000] {dag.py:3239} INFO - Sync 1 DAGs
[2025-05-21T16:08:12.484+0000] {logging_mixin.py:190} INFO - [2025-05-21T16:08:12.484+0000] {dag.py:4180} INFO - Setting next_dagrun for v4 to 2025-05-22 00:00:00+00:00, run_after=2025-05-23 00:00:00+00:00
[2025-05-21T16:08:12.559+0000] {processor.py:208} INFO - Processing /opt/airflow/dags/first_dag.py took 0.305 seconds
[2025-05-21T16:08:43.050+0000] {processor.py:186} INFO - Started process (PID=2791) to work on /opt/airflow/dags/first_dag.py
[2025-05-21T16:08:43.052+0000] {processor.py:914} INFO - Processing file /opt/airflow/dags/first_dag.py for tasks to queue
[2025-05-21T16:08:43.055+0000] {logging_mixin.py:190} INFO - [2025-05-21T16:08:43.055+0000] {dagbag.py:588} INFO - Filling up the DagBag from /opt/airflow/dags/first_dag.py
[2025-05-21T16:08:43.081+0000] {processor.py:925} INFO - DAG(s) 'v4' retrieved from /opt/airflow/dags/first_dag.py
[2025-05-21T16:08:43.122+0000] {logging_mixin.py:190} INFO - [2025-05-21T16:08:43.122+0000] {dag.py:3239} INFO - Sync 1 DAGs
[2025-05-21T16:08:43.150+0000] {logging_mixin.py:190} INFO - [2025-05-21T16:08:43.150+0000] {dag.py:4180} INFO - Setting next_dagrun for v4 to 2025-05-22 00:00:00+00:00, run_after=2025-05-23 00:00:00+00:00
[2025-05-21T16:08:43.180+0000] {processor.py:208} INFO - Processing /opt/airflow/dags/first_dag.py took 0.136 seconds
[2025-05-21T16:09:13.823+0000] {processor.py:186} INFO - Started process (PID=2964) to work on /opt/airflow/dags/first_dag.py
[2025-05-21T16:09:13.824+0000] {processor.py:914} INFO - Processing file /opt/airflow/dags/first_dag.py for tasks to queue
[2025-05-21T16:09:13.827+0000] {logging_mixin.py:190} INFO - [2025-05-21T16:09:13.826+0000] {dagbag.py:588} INFO - Filling up the DagBag from /opt/airflow/dags/first_dag.py
[2025-05-21T16:09:13.859+0000] {processor.py:925} INFO - DAG(s) 'v4' retrieved from /opt/airflow/dags/first_dag.py
[2025-05-21T16:09:13.923+0000] {logging_mixin.py:190} INFO - [2025-05-21T16:09:13.922+0000] {dag.py:3239} INFO - Sync 1 DAGs
[2025-05-21T16:09:13.955+0000] {logging_mixin.py:190} INFO - [2025-05-21T16:09:13.955+0000] {dag.py:4180} INFO - Setting next_dagrun for v4 to 2025-05-22 00:00:00+00:00, run_after=2025-05-23 00:00:00+00:00
[2025-05-21T16:09:13.979+0000] {processor.py:208} INFO - Processing /opt/airflow/dags/first_dag.py took 0.163 seconds
[2025-05-21T16:09:44.783+0000] {processor.py:186} INFO - Started process (PID=3129) to work on /opt/airflow/dags/first_dag.py
[2025-05-21T16:09:44.786+0000] {processor.py:914} INFO - Processing file /opt/airflow/dags/first_dag.py for tasks to queue
[2025-05-21T16:09:44.789+0000] {logging_mixin.py:190} INFO - [2025-05-21T16:09:44.789+0000] {dagbag.py:588} INFO - Filling up the DagBag from /opt/airflow/dags/first_dag.py
[2025-05-21T16:09:44.815+0000] {processor.py:925} INFO - DAG(s) 'v4' retrieved from /opt/airflow/dags/first_dag.py
[2025-05-21T16:09:44.891+0000] {logging_mixin.py:190} INFO - [2025-05-21T16:09:44.890+0000] {dag.py:3239} INFO - Sync 1 DAGs
[2025-05-21T16:09:44.933+0000] {logging_mixin.py:190} INFO - [2025-05-21T16:09:44.933+0000] {dag.py:4180} INFO - Setting next_dagrun for v4 to 2025-05-22 00:00:00+00:00, run_after=2025-05-23 00:00:00+00:00
[2025-05-21T16:09:44.983+0000] {processor.py:208} INFO - Processing /opt/airflow/dags/first_dag.py took 0.205 seconds
[2025-05-21T16:10:15.617+0000] {processor.py:186} INFO - Started process (PID=3284) to work on /opt/airflow/dags/first_dag.py
[2025-05-21T16:10:15.618+0000] {processor.py:914} INFO - Processing file /opt/airflow/dags/first_dag.py for tasks to queue
[2025-05-21T16:10:15.622+0000] {logging_mixin.py:190} INFO - [2025-05-21T16:10:15.621+0000] {dagbag.py:588} INFO - Filling up the DagBag from /opt/airflow/dags/first_dag.py
[2025-05-21T16:10:15.642+0000] {processor.py:925} INFO - DAG(s) 'v4' retrieved from /opt/airflow/dags/first_dag.py
[2025-05-21T16:10:15.672+0000] {logging_mixin.py:190} INFO - [2025-05-21T16:10:15.671+0000] {dag.py:3239} INFO - Sync 1 DAGs
[2025-05-21T16:10:15.700+0000] {logging_mixin.py:190} INFO - [2025-05-21T16:10:15.699+0000] {dag.py:4180} INFO - Setting next_dagrun for v4 to 2025-05-22 00:00:00+00:00, run_after=2025-05-23 00:00:00+00:00
[2025-05-21T16:10:15.721+0000] {processor.py:208} INFO - Processing /opt/airflow/dags/first_dag.py took 0.110 seconds
[2025-05-21T16:10:46.314+0000] {processor.py:186} INFO - Started process (PID=3452) to work on /opt/airflow/dags/first_dag.py
[2025-05-21T16:10:46.315+0000] {processor.py:914} INFO - Processing file /opt/airflow/dags/first_dag.py for tasks to queue
[2025-05-21T16:10:46.323+0000] {logging_mixin.py:190} INFO - [2025-05-21T16:10:46.322+0000] {dagbag.py:588} INFO - Filling up the DagBag from /opt/airflow/dags/first_dag.py
[2025-05-21T16:10:46.351+0000] {processor.py:925} INFO - DAG(s) 'v4' retrieved from /opt/airflow/dags/first_dag.py
[2025-05-21T16:10:46.387+0000] {logging_mixin.py:190} INFO - [2025-05-21T16:10:46.387+0000] {dag.py:3239} INFO - Sync 1 DAGs
[2025-05-21T16:10:46.422+0000] {logging_mixin.py:190} INFO - [2025-05-21T16:10:46.422+0000] {dag.py:4180} INFO - Setting next_dagrun for v4 to 2025-05-22 00:00:00+00:00, run_after=2025-05-23 00:00:00+00:00
[2025-05-21T16:10:46.474+0000] {processor.py:208} INFO - Processing /opt/airflow/dags/first_dag.py took 0.179 seconds
[2025-05-21T16:11:16.658+0000] {processor.py:186} INFO - Started process (PID=3598) to work on /opt/airflow/dags/first_dag.py
[2025-05-21T16:11:16.662+0000] {processor.py:914} INFO - Processing file /opt/airflow/dags/first_dag.py for tasks to queue
[2025-05-21T16:11:16.665+0000] {logging_mixin.py:190} INFO - [2025-05-21T16:11:16.664+0000] {dagbag.py:588} INFO - Filling up the DagBag from /opt/airflow/dags/first_dag.py
[2025-05-21T16:11:16.706+0000] {processor.py:925} INFO - DAG(s) 'v4' retrieved from /opt/airflow/dags/first_dag.py
[2025-05-21T16:11:16.753+0000] {logging_mixin.py:190} INFO - [2025-05-21T16:11:16.752+0000] {dag.py:3239} INFO - Sync 1 DAGs
[2025-05-21T16:11:16.800+0000] {logging_mixin.py:190} INFO - [2025-05-21T16:11:16.799+0000] {dag.py:4180} INFO - Setting next_dagrun for v4 to 2025-05-22 00:00:00+00:00, run_after=2025-05-23 00:00:00+00:00
[2025-05-21T16:11:16.868+0000] {processor.py:208} INFO - Processing /opt/airflow/dags/first_dag.py took 0.219 seconds
[2025-05-21T16:11:47.336+0000] {processor.py:186} INFO - Started process (PID=3760) to work on /opt/airflow/dags/first_dag.py
[2025-05-21T16:11:47.337+0000] {processor.py:914} INFO - Processing file /opt/airflow/dags/first_dag.py for tasks to queue
[2025-05-21T16:11:47.339+0000] {logging_mixin.py:190} INFO - [2025-05-21T16:11:47.339+0000] {dagbag.py:588} INFO - Filling up the DagBag from /opt/airflow/dags/first_dag.py
[2025-05-21T16:11:47.362+0000] {processor.py:925} INFO - DAG(s) 'v4' retrieved from /opt/airflow/dags/first_dag.py
[2025-05-21T16:11:47.393+0000] {logging_mixin.py:190} INFO - [2025-05-21T16:11:47.392+0000] {dag.py:3239} INFO - Sync 1 DAGs
[2025-05-21T16:11:47.425+0000] {logging_mixin.py:190} INFO - [2025-05-21T16:11:47.425+0000] {dag.py:4180} INFO - Setting next_dagrun for v4 to 2025-05-22 00:00:00+00:00, run_after=2025-05-23 00:00:00+00:00
[2025-05-21T16:11:47.450+0000] {processor.py:208} INFO - Processing /opt/airflow/dags/first_dag.py took 0.120 seconds
[2025-05-21T16:12:18.281+0000] {processor.py:186} INFO - Started process (PID=3929) to work on /opt/airflow/dags/first_dag.py
[2025-05-21T16:12:18.291+0000] {processor.py:914} INFO - Processing file /opt/airflow/dags/first_dag.py for tasks to queue
[2025-05-21T16:12:18.296+0000] {logging_mixin.py:190} INFO - [2025-05-21T16:12:18.295+0000] {dagbag.py:588} INFO - Filling up the DagBag from /opt/airflow/dags/first_dag.py
[2025-05-21T16:12:18.350+0000] {processor.py:925} INFO - DAG(s) 'v4' retrieved from /opt/airflow/dags/first_dag.py
[2025-05-21T16:12:18.400+0000] {logging_mixin.py:190} INFO - [2025-05-21T16:12:18.399+0000] {dag.py:3239} INFO - Sync 1 DAGs
[2025-05-21T16:12:18.447+0000] {logging_mixin.py:190} INFO - [2025-05-21T16:12:18.447+0000] {dag.py:4180} INFO - Setting next_dagrun for v4 to 2025-05-22 00:00:00+00:00, run_after=2025-05-23 00:00:00+00:00
[2025-05-21T16:12:18.494+0000] {processor.py:208} INFO - Processing /opt/airflow/dags/first_dag.py took 0.221 seconds
[2025-05-21T16:12:49.467+0000] {processor.py:186} INFO - Started process (PID=4097) to work on /opt/airflow/dags/first_dag.py
[2025-05-21T16:12:49.468+0000] {processor.py:914} INFO - Processing file /opt/airflow/dags/first_dag.py for tasks to queue
[2025-05-21T16:12:49.472+0000] {logging_mixin.py:190} INFO - [2025-05-21T16:12:49.471+0000] {dagbag.py:588} INFO - Filling up the DagBag from /opt/airflow/dags/first_dag.py
[2025-05-21T16:12:49.506+0000] {processor.py:925} INFO - DAG(s) 'v4' retrieved from /opt/airflow/dags/first_dag.py
[2025-05-21T16:12:49.543+0000] {logging_mixin.py:190} INFO - [2025-05-21T16:12:49.543+0000] {dag.py:3239} INFO - Sync 1 DAGs
[2025-05-21T16:12:49.572+0000] {logging_mixin.py:190} INFO - [2025-05-21T16:12:49.572+0000] {dag.py:4180} INFO - Setting next_dagrun for v4 to 2025-05-22 00:00:00+00:00, run_after=2025-05-23 00:00:00+00:00
[2025-05-21T16:12:49.598+0000] {processor.py:208} INFO - Processing /opt/airflow/dags/first_dag.py took 0.136 seconds
[2025-05-21T16:13:20.109+0000] {processor.py:186} INFO - Started process (PID=4227) to work on /opt/airflow/dags/first_dag.py
[2025-05-21T16:13:20.112+0000] {processor.py:914} INFO - Processing file /opt/airflow/dags/first_dag.py for tasks to queue
[2025-05-21T16:13:20.115+0000] {logging_mixin.py:190} INFO - [2025-05-21T16:13:20.115+0000] {dagbag.py:588} INFO - Filling up the DagBag from /opt/airflow/dags/first_dag.py
[2025-05-21T16:13:20.156+0000] {processor.py:925} INFO - DAG(s) 'v4' retrieved from /opt/airflow/dags/first_dag.py
[2025-05-21T16:13:20.279+0000] {logging_mixin.py:190} INFO - [2025-05-21T16:13:20.279+0000] {dag.py:3239} INFO - Sync 1 DAGs
[2025-05-21T16:13:20.309+0000] {logging_mixin.py:190} INFO - [2025-05-21T16:13:20.309+0000] {dag.py:4180} INFO - Setting next_dagrun for v4 to 2025-05-22 00:00:00+00:00, run_after=2025-05-23 00:00:00+00:00
[2025-05-21T16:13:20.343+0000] {processor.py:208} INFO - Processing /opt/airflow/dags/first_dag.py took 0.240 seconds
[2025-05-21T16:13:51.304+0000] {processor.py:186} INFO - Started process (PID=4401) to work on /opt/airflow/dags/first_dag.py
[2025-05-21T16:13:51.307+0000] {processor.py:914} INFO - Processing file /opt/airflow/dags/first_dag.py for tasks to queue
[2025-05-21T16:13:51.320+0000] {logging_mixin.py:190} INFO - [2025-05-21T16:13:51.319+0000] {dagbag.py:588} INFO - Filling up the DagBag from /opt/airflow/dags/first_dag.py
[2025-05-21T16:13:51.403+0000] {processor.py:925} INFO - DAG(s) 'v4' retrieved from /opt/airflow/dags/first_dag.py
[2025-05-21T16:13:51.519+0000] {logging_mixin.py:190} INFO - [2025-05-21T16:13:51.519+0000] {dag.py:3239} INFO - Sync 1 DAGs
[2025-05-21T16:13:51.599+0000] {logging_mixin.py:190} INFO - [2025-05-21T16:13:51.598+0000] {dag.py:4180} INFO - Setting next_dagrun for v4 to 2025-05-22 00:00:00+00:00, run_after=2025-05-23 00:00:00+00:00
[2025-05-21T16:13:51.702+0000] {processor.py:208} INFO - Processing /opt/airflow/dags/first_dag.py took 0.406 seconds
[2025-05-21T16:14:22.000+0000] {processor.py:186} INFO - Started process (PID=4547) to work on /opt/airflow/dags/first_dag.py
[2025-05-21T16:14:22.004+0000] {processor.py:914} INFO - Processing file /opt/airflow/dags/first_dag.py for tasks to queue
[2025-05-21T16:14:22.009+0000] {logging_mixin.py:190} INFO - [2025-05-21T16:14:22.009+0000] {dagbag.py:588} INFO - Filling up the DagBag from /opt/airflow/dags/first_dag.py
[2025-05-21T16:14:22.052+0000] {processor.py:925} INFO - DAG(s) 'v4' retrieved from /opt/airflow/dags/first_dag.py
[2025-05-21T16:14:22.097+0000] {logging_mixin.py:190} INFO - [2025-05-21T16:14:22.096+0000] {dag.py:3239} INFO - Sync 1 DAGs
[2025-05-21T16:14:22.134+0000] {logging_mixin.py:190} INFO - [2025-05-21T16:14:22.133+0000] {dag.py:4180} INFO - Setting next_dagrun for v4 to 2025-05-22 00:00:00+00:00, run_after=2025-05-23 00:00:00+00:00
[2025-05-21T16:14:22.198+0000] {processor.py:208} INFO - Processing /opt/airflow/dags/first_dag.py took 0.212 seconds
[2025-05-21T16:14:52.728+0000] {processor.py:186} INFO - Started process (PID=4735) to work on /opt/airflow/dags/first_dag.py
[2025-05-21T16:14:52.730+0000] {processor.py:914} INFO - Processing file /opt/airflow/dags/first_dag.py for tasks to queue
[2025-05-21T16:14:52.733+0000] {logging_mixin.py:190} INFO - [2025-05-21T16:14:52.732+0000] {dagbag.py:588} INFO - Filling up the DagBag from /opt/airflow/dags/first_dag.py
[2025-05-21T16:14:52.784+0000] {processor.py:925} INFO - DAG(s) 'v4' retrieved from /opt/airflow/dags/first_dag.py
[2025-05-21T16:14:52.869+0000] {logging_mixin.py:190} INFO - [2025-05-21T16:14:52.868+0000] {dag.py:3239} INFO - Sync 1 DAGs
[2025-05-21T16:14:52.917+0000] {logging_mixin.py:190} INFO - [2025-05-21T16:14:52.917+0000] {dag.py:4180} INFO - Setting next_dagrun for v4 to 2025-05-22 00:00:00+00:00, run_after=2025-05-23 00:00:00+00:00
[2025-05-21T16:14:52.982+0000] {processor.py:208} INFO - Processing /opt/airflow/dags/first_dag.py took 0.261 seconds
[2025-05-21T16:15:23.638+0000] {processor.py:186} INFO - Started process (PID=4885) to work on /opt/airflow/dags/first_dag.py
[2025-05-21T16:15:23.640+0000] {processor.py:914} INFO - Processing file /opt/airflow/dags/first_dag.py for tasks to queue
[2025-05-21T16:15:23.645+0000] {logging_mixin.py:190} INFO - [2025-05-21T16:15:23.645+0000] {dagbag.py:588} INFO - Filling up the DagBag from /opt/airflow/dags/first_dag.py
[2025-05-21T16:15:23.693+0000] {processor.py:925} INFO - DAG(s) 'v4' retrieved from /opt/airflow/dags/first_dag.py
[2025-05-21T16:15:23.743+0000] {logging_mixin.py:190} INFO - [2025-05-21T16:15:23.743+0000] {dag.py:3239} INFO - Sync 1 DAGs
[2025-05-21T16:15:23.795+0000] {logging_mixin.py:190} INFO - [2025-05-21T16:15:23.794+0000] {dag.py:4180} INFO - Setting next_dagrun for v4 to 2025-05-22 00:00:00+00:00, run_after=2025-05-23 00:00:00+00:00
[2025-05-21T16:15:23.838+0000] {processor.py:208} INFO - Processing /opt/airflow/dags/first_dag.py took 0.210 seconds
[2025-05-21T16:15:54.418+0000] {processor.py:186} INFO - Started process (PID=5046) to work on /opt/airflow/dags/first_dag.py
[2025-05-21T16:15:54.419+0000] {processor.py:914} INFO - Processing file /opt/airflow/dags/first_dag.py for tasks to queue
[2025-05-21T16:15:54.421+0000] {logging_mixin.py:190} INFO - [2025-05-21T16:15:54.421+0000] {dagbag.py:588} INFO - Filling up the DagBag from /opt/airflow/dags/first_dag.py
[2025-05-21T16:15:54.441+0000] {processor.py:925} INFO - DAG(s) 'v4' retrieved from /opt/airflow/dags/first_dag.py
[2025-05-21T16:15:54.481+0000] {logging_mixin.py:190} INFO - [2025-05-21T16:15:54.481+0000] {dag.py:3239} INFO - Sync 1 DAGs
[2025-05-21T16:15:54.525+0000] {logging_mixin.py:190} INFO - [2025-05-21T16:15:54.524+0000] {dag.py:4180} INFO - Setting next_dagrun for v4 to 2025-05-22 00:00:00+00:00, run_after=2025-05-23 00:00:00+00:00
[2025-05-21T16:15:54.566+0000] {processor.py:208} INFO - Processing /opt/airflow/dags/first_dag.py took 0.153 seconds
[2025-05-21T16:16:25.439+0000] {processor.py:186} INFO - Started process (PID=5209) to work on /opt/airflow/dags/first_dag.py
[2025-05-21T16:16:25.444+0000] {processor.py:914} INFO - Processing file /opt/airflow/dags/first_dag.py for tasks to queue
[2025-05-21T16:16:25.450+0000] {logging_mixin.py:190} INFO - [2025-05-21T16:16:25.450+0000] {dagbag.py:588} INFO - Filling up the DagBag from /opt/airflow/dags/first_dag.py
[2025-05-21T16:16:25.475+0000] {processor.py:925} INFO - DAG(s) 'v4' retrieved from /opt/airflow/dags/first_dag.py
[2025-05-21T16:16:25.519+0000] {logging_mixin.py:190} INFO - [2025-05-21T16:16:25.519+0000] {dag.py:3239} INFO - Sync 1 DAGs
[2025-05-21T16:16:25.550+0000] {logging_mixin.py:190} INFO - [2025-05-21T16:16:25.550+0000] {dag.py:4180} INFO - Setting next_dagrun for v4 to 2025-05-22 00:00:00+00:00, run_after=2025-05-23 00:00:00+00:00
[2025-05-21T16:16:25.576+0000] {processor.py:208} INFO - Processing /opt/airflow/dags/first_dag.py took 0.145 seconds
[2025-05-21T16:16:56.151+0000] {processor.py:186} INFO - Started process (PID=5383) to work on /opt/airflow/dags/first_dag.py
[2025-05-21T16:16:56.156+0000] {processor.py:914} INFO - Processing file /opt/airflow/dags/first_dag.py for tasks to queue
[2025-05-21T16:16:56.159+0000] {logging_mixin.py:190} INFO - [2025-05-21T16:16:56.158+0000] {dagbag.py:588} INFO - Filling up the DagBag from /opt/airflow/dags/first_dag.py
[2025-05-21T16:16:56.232+0000] {processor.py:925} INFO - DAG(s) 'v4' retrieved from /opt/airflow/dags/first_dag.py
[2025-05-21T16:16:56.316+0000] {logging_mixin.py:190} INFO - [2025-05-21T16:16:56.315+0000] {dag.py:3239} INFO - Sync 1 DAGs
[2025-05-21T16:16:56.359+0000] {logging_mixin.py:190} INFO - [2025-05-21T16:16:56.358+0000] {dag.py:4180} INFO - Setting next_dagrun for v4 to 2025-05-22 00:00:00+00:00, run_after=2025-05-23 00:00:00+00:00
[2025-05-21T16:16:56.409+0000] {processor.py:208} INFO - Processing /opt/airflow/dags/first_dag.py took 0.267 seconds
[2025-05-21T16:17:27.224+0000] {processor.py:186} INFO - Started process (PID=5556) to work on /opt/airflow/dags/first_dag.py
[2025-05-21T16:17:27.225+0000] {processor.py:914} INFO - Processing file /opt/airflow/dags/first_dag.py for tasks to queue
[2025-05-21T16:17:27.229+0000] {logging_mixin.py:190} INFO - [2025-05-21T16:17:27.228+0000] {dagbag.py:588} INFO - Filling up the DagBag from /opt/airflow/dags/first_dag.py
[2025-05-21T16:17:27.250+0000] {processor.py:925} INFO - DAG(s) 'v4' retrieved from /opt/airflow/dags/first_dag.py
[2025-05-21T16:17:27.295+0000] {logging_mixin.py:190} INFO - [2025-05-21T16:17:27.294+0000] {dag.py:3239} INFO - Sync 1 DAGs
[2025-05-21T16:17:27.324+0000] {logging_mixin.py:190} INFO - [2025-05-21T16:17:27.324+0000] {dag.py:4180} INFO - Setting next_dagrun for v4 to 2025-05-22 00:00:00+00:00, run_after=2025-05-23 00:00:00+00:00
[2025-05-21T16:17:27.348+0000] {processor.py:208} INFO - Processing /opt/airflow/dags/first_dag.py took 0.130 seconds
[2025-05-21T16:17:58.436+0000] {processor.py:186} INFO - Started process (PID=5724) to work on /opt/airflow/dags/first_dag.py
[2025-05-21T16:17:58.442+0000] {processor.py:914} INFO - Processing file /opt/airflow/dags/first_dag.py for tasks to queue
[2025-05-21T16:17:58.446+0000] {logging_mixin.py:190} INFO - [2025-05-21T16:17:58.445+0000] {dagbag.py:588} INFO - Filling up the DagBag from /opt/airflow/dags/first_dag.py
[2025-05-21T16:17:58.521+0000] {processor.py:925} INFO - DAG(s) 'v4' retrieved from /opt/airflow/dags/first_dag.py
[2025-05-21T16:17:58.653+0000] {logging_mixin.py:190} INFO - [2025-05-21T16:17:58.652+0000] {dag.py:3239} INFO - Sync 1 DAGs
[2025-05-21T16:17:58.716+0000] {logging_mixin.py:190} INFO - [2025-05-21T16:17:58.716+0000] {dag.py:4180} INFO - Setting next_dagrun for v4 to 2025-05-22 00:00:00+00:00, run_after=2025-05-23 00:00:00+00:00
[2025-05-21T16:17:58.757+0000] {processor.py:208} INFO - Processing /opt/airflow/dags/first_dag.py took 0.328 seconds
[2025-05-21T16:18:28.919+0000] {processor.py:186} INFO - Started process (PID=5876) to work on /opt/airflow/dags/first_dag.py
[2025-05-21T16:18:28.925+0000] {processor.py:914} INFO - Processing file /opt/airflow/dags/first_dag.py for tasks to queue
[2025-05-21T16:18:28.952+0000] {logging_mixin.py:190} INFO - [2025-05-21T16:18:28.952+0000] {dagbag.py:588} INFO - Filling up the DagBag from /opt/airflow/dags/first_dag.py
[2025-05-21T16:18:29.041+0000] {processor.py:925} INFO - DAG(s) 'v4' retrieved from /opt/airflow/dags/first_dag.py
[2025-05-21T16:18:29.093+0000] {logging_mixin.py:190} INFO - [2025-05-21T16:18:29.093+0000] {dag.py:3239} INFO - Sync 1 DAGs
[2025-05-21T16:18:29.132+0000] {logging_mixin.py:190} INFO - [2025-05-21T16:18:29.131+0000] {dag.py:4180} INFO - Setting next_dagrun for v4 to 2025-05-22 00:00:00+00:00, run_after=2025-05-23 00:00:00+00:00
[2025-05-21T16:18:29.189+0000] {processor.py:208} INFO - Processing /opt/airflow/dags/first_dag.py took 0.285 seconds
[2025-05-21T16:18:59.971+0000] {processor.py:186} INFO - Started process (PID=6061) to work on /opt/airflow/dags/first_dag.py
[2025-05-21T16:18:59.984+0000] {processor.py:914} INFO - Processing file /opt/airflow/dags/first_dag.py for tasks to queue
[2025-05-21T16:18:59.988+0000] {logging_mixin.py:190} INFO - [2025-05-21T16:18:59.987+0000] {dagbag.py:588} INFO - Filling up the DagBag from /opt/airflow/dags/first_dag.py
[2025-05-21T16:19:00.067+0000] {processor.py:925} INFO - DAG(s) 'v4' retrieved from /opt/airflow/dags/first_dag.py
[2025-05-21T16:19:00.139+0000] {logging_mixin.py:190} INFO - [2025-05-21T16:19:00.139+0000] {dag.py:3239} INFO - Sync 1 DAGs
[2025-05-21T16:19:00.185+0000] {logging_mixin.py:190} INFO - [2025-05-21T16:19:00.184+0000] {dag.py:4180} INFO - Setting next_dagrun for v4 to 2025-05-22 00:00:00+00:00, run_after=2025-05-23 00:00:00+00:00
[2025-05-21T16:19:00.256+0000] {processor.py:208} INFO - Processing /opt/airflow/dags/first_dag.py took 0.292 seconds
[2025-05-21T16:19:30.829+0000] {processor.py:186} INFO - Started process (PID=6247) to work on /opt/airflow/dags/first_dag.py
[2025-05-21T16:19:30.832+0000] {processor.py:914} INFO - Processing file /opt/airflow/dags/first_dag.py for tasks to queue
[2025-05-21T16:19:30.838+0000] {logging_mixin.py:190} INFO - [2025-05-21T16:19:30.838+0000] {dagbag.py:588} INFO - Filling up the DagBag from /opt/airflow/dags/first_dag.py
[2025-05-21T16:19:30.873+0000] {processor.py:925} INFO - DAG(s) 'v4' retrieved from /opt/airflow/dags/first_dag.py
[2025-05-21T16:19:30.924+0000] {logging_mixin.py:190} INFO - [2025-05-21T16:19:30.923+0000] {dag.py:3239} INFO - Sync 1 DAGs
[2025-05-21T16:19:30.957+0000] {logging_mixin.py:190} INFO - [2025-05-21T16:19:30.957+0000] {dag.py:4180} INFO - Setting next_dagrun for v4 to 2025-05-22 00:00:00+00:00, run_after=2025-05-23 00:00:00+00:00
[2025-05-21T16:19:31.025+0000] {processor.py:208} INFO - Processing /opt/airflow/dags/first_dag.py took 0.203 seconds
[2025-05-21T16:20:01.728+0000] {processor.py:186} INFO - Started process (PID=6395) to work on /opt/airflow/dags/first_dag.py
[2025-05-21T16:20:01.730+0000] {processor.py:914} INFO - Processing file /opt/airflow/dags/first_dag.py for tasks to queue
[2025-05-21T16:20:01.733+0000] {logging_mixin.py:190} INFO - [2025-05-21T16:20:01.732+0000] {dagbag.py:588} INFO - Filling up the DagBag from /opt/airflow/dags/first_dag.py
[2025-05-21T16:20:01.770+0000] {processor.py:925} INFO - DAG(s) 'v4' retrieved from /opt/airflow/dags/first_dag.py
[2025-05-21T16:20:01.825+0000] {logging_mixin.py:190} INFO - [2025-05-21T16:20:01.824+0000] {dag.py:3239} INFO - Sync 1 DAGs
[2025-05-21T16:20:01.860+0000] {logging_mixin.py:190} INFO - [2025-05-21T16:20:01.860+0000] {dag.py:4180} INFO - Setting next_dagrun for v4 to 2025-05-22 00:00:00+00:00, run_after=2025-05-23 00:00:00+00:00
[2025-05-21T16:20:01.889+0000] {processor.py:208} INFO - Processing /opt/airflow/dags/first_dag.py took 0.171 seconds
[2025-05-21T16:20:32.539+0000] {processor.py:186} INFO - Started process (PID=6602) to work on /opt/airflow/dags/first_dag.py
[2025-05-21T16:20:32.541+0000] {processor.py:914} INFO - Processing file /opt/airflow/dags/first_dag.py for tasks to queue
[2025-05-21T16:20:32.547+0000] {logging_mixin.py:190} INFO - [2025-05-21T16:20:32.546+0000] {dagbag.py:588} INFO - Filling up the DagBag from /opt/airflow/dags/first_dag.py
[2025-05-21T16:20:32.594+0000] {processor.py:925} INFO - DAG(s) 'v4' retrieved from /opt/airflow/dags/first_dag.py
[2025-05-21T16:20:32.625+0000] {logging_mixin.py:190} INFO - [2025-05-21T16:20:32.625+0000] {dag.py:3239} INFO - Sync 1 DAGs
[2025-05-21T16:20:32.661+0000] {logging_mixin.py:190} INFO - [2025-05-21T16:20:32.661+0000] {dag.py:4180} INFO - Setting next_dagrun for v4 to 2025-05-22 00:00:00+00:00, run_after=2025-05-23 00:00:00+00:00
[2025-05-21T16:20:32.716+0000] {processor.py:208} INFO - Processing /opt/airflow/dags/first_dag.py took 0.185 seconds
[2025-05-21T16:21:03.492+0000] {processor.py:186} INFO - Started process (PID=6770) to work on /opt/airflow/dags/first_dag.py
[2025-05-21T16:21:03.497+0000] {processor.py:914} INFO - Processing file /opt/airflow/dags/first_dag.py for tasks to queue
[2025-05-21T16:21:03.502+0000] {logging_mixin.py:190} INFO - [2025-05-21T16:21:03.502+0000] {dagbag.py:588} INFO - Filling up the DagBag from /opt/airflow/dags/first_dag.py
[2025-05-21T16:21:03.568+0000] {processor.py:925} INFO - DAG(s) 'v4' retrieved from /opt/airflow/dags/first_dag.py
[2025-05-21T16:21:03.630+0000] {logging_mixin.py:190} INFO - [2025-05-21T16:21:03.630+0000] {dag.py:3239} INFO - Sync 1 DAGs
[2025-05-21T16:21:03.675+0000] {logging_mixin.py:190} INFO - [2025-05-21T16:21:03.674+0000] {dag.py:4180} INFO - Setting next_dagrun for v4 to 2025-05-22 00:00:00+00:00, run_after=2025-05-23 00:00:00+00:00
[2025-05-21T16:21:03.722+0000] {processor.py:208} INFO - Processing /opt/airflow/dags/first_dag.py took 0.242 seconds
[2025-05-21T16:21:34.295+0000] {processor.py:186} INFO - Started process (PID=6931) to work on /opt/airflow/dags/first_dag.py
[2025-05-21T16:21:34.296+0000] {processor.py:914} INFO - Processing file /opt/airflow/dags/first_dag.py for tasks to queue
[2025-05-21T16:21:34.303+0000] {logging_mixin.py:190} INFO - [2025-05-21T16:21:34.303+0000] {dagbag.py:588} INFO - Filling up the DagBag from /opt/airflow/dags/first_dag.py
[2025-05-21T16:21:34.334+0000] {processor.py:925} INFO - DAG(s) 'v4' retrieved from /opt/airflow/dags/first_dag.py
[2025-05-21T16:21:34.418+0000] {logging_mixin.py:190} INFO - [2025-05-21T16:21:34.418+0000] {dag.py:3239} INFO - Sync 1 DAGs
[2025-05-21T16:21:34.465+0000] {logging_mixin.py:190} INFO - [2025-05-21T16:21:34.465+0000] {dag.py:4180} INFO - Setting next_dagrun for v4 to 2025-05-22 00:00:00+00:00, run_after=2025-05-23 00:00:00+00:00
[2025-05-21T16:21:34.525+0000] {processor.py:208} INFO - Processing /opt/airflow/dags/first_dag.py took 0.243 seconds
[2025-05-21T16:22:05.252+0000] {processor.py:186} INFO - Started process (PID=7075) to work on /opt/airflow/dags/first_dag.py
[2025-05-21T16:22:05.255+0000] {processor.py:914} INFO - Processing file /opt/airflow/dags/first_dag.py for tasks to queue
[2025-05-21T16:22:05.261+0000] {logging_mixin.py:190} INFO - [2025-05-21T16:22:05.260+0000] {dagbag.py:588} INFO - Filling up the DagBag from /opt/airflow/dags/first_dag.py
[2025-05-21T16:22:05.317+0000] {processor.py:925} INFO - DAG(s) 'v4' retrieved from /opt/airflow/dags/first_dag.py
[2025-05-21T16:22:05.407+0000] {logging_mixin.py:190} INFO - [2025-05-21T16:22:05.407+0000] {dag.py:3239} INFO - Sync 1 DAGs
[2025-05-21T16:22:05.442+0000] {logging_mixin.py:190} INFO - [2025-05-21T16:22:05.441+0000] {dag.py:4180} INFO - Setting next_dagrun for v4 to 2025-05-22 00:00:00+00:00, run_after=2025-05-23 00:00:00+00:00
[2025-05-21T16:22:05.474+0000] {processor.py:208} INFO - Processing /opt/airflow/dags/first_dag.py took 0.232 seconds
[2025-05-21T16:22:36.064+0000] {processor.py:186} INFO - Started process (PID=7089) to work on /opt/airflow/dags/first_dag.py
[2025-05-21T16:22:36.066+0000] {processor.py:914} INFO - Processing file /opt/airflow/dags/first_dag.py for tasks to queue
[2025-05-21T16:22:36.069+0000] {logging_mixin.py:190} INFO - [2025-05-21T16:22:36.068+0000] {dagbag.py:588} INFO - Filling up the DagBag from /opt/airflow/dags/first_dag.py
[2025-05-21T16:22:36.111+0000] {processor.py:925} INFO - DAG(s) 'v4' retrieved from /opt/airflow/dags/first_dag.py
[2025-05-21T16:22:36.153+0000] {logging_mixin.py:190} INFO - [2025-05-21T16:22:36.152+0000] {dag.py:3239} INFO - Sync 1 DAGs
[2025-05-21T16:22:36.190+0000] {logging_mixin.py:190} INFO - [2025-05-21T16:22:36.190+0000] {dag.py:4180} INFO - Setting next_dagrun for v4 to 2025-05-22 00:00:00+00:00, run_after=2025-05-23 00:00:00+00:00
[2025-05-21T16:22:36.224+0000] {processor.py:208} INFO - Processing /opt/airflow/dags/first_dag.py took 0.169 seconds
[2025-05-21T16:23:06.643+0000] {processor.py:186} INFO - Started process (PID=7098) to work on /opt/airflow/dags/first_dag.py
[2025-05-21T16:23:06.644+0000] {processor.py:914} INFO - Processing file /opt/airflow/dags/first_dag.py for tasks to queue
[2025-05-21T16:23:06.647+0000] {logging_mixin.py:190} INFO - [2025-05-21T16:23:06.646+0000] {dagbag.py:588} INFO - Filling up the DagBag from /opt/airflow/dags/first_dag.py
[2025-05-21T16:23:06.669+0000] {processor.py:925} INFO - DAG(s) 'v4' retrieved from /opt/airflow/dags/first_dag.py
[2025-05-21T16:23:06.702+0000] {logging_mixin.py:190} INFO - [2025-05-21T16:23:06.702+0000] {dag.py:3239} INFO - Sync 1 DAGs
[2025-05-21T16:23:06.731+0000] {logging_mixin.py:190} INFO - [2025-05-21T16:23:06.731+0000] {dag.py:4180} INFO - Setting next_dagrun for v4 to 2025-05-22 00:00:00+00:00, run_after=2025-05-23 00:00:00+00:00
[2025-05-21T16:23:06.771+0000] {processor.py:208} INFO - Processing /opt/airflow/dags/first_dag.py took 0.134 seconds
[2025-05-21T16:23:37.300+0000] {processor.py:186} INFO - Started process (PID=7107) to work on /opt/airflow/dags/first_dag.py
[2025-05-21T16:23:37.302+0000] {processor.py:914} INFO - Processing file /opt/airflow/dags/first_dag.py for tasks to queue
[2025-05-21T16:23:37.305+0000] {logging_mixin.py:190} INFO - [2025-05-21T16:23:37.304+0000] {dagbag.py:588} INFO - Filling up the DagBag from /opt/airflow/dags/first_dag.py
[2025-05-21T16:23:37.334+0000] {processor.py:925} INFO - DAG(s) 'v4' retrieved from /opt/airflow/dags/first_dag.py
[2025-05-21T16:23:37.368+0000] {logging_mixin.py:190} INFO - [2025-05-21T16:23:37.368+0000] {dag.py:3239} INFO - Sync 1 DAGs
[2025-05-21T16:23:37.402+0000] {logging_mixin.py:190} INFO - [2025-05-21T16:23:37.402+0000] {dag.py:4180} INFO - Setting next_dagrun for v4 to 2025-05-22 00:00:00+00:00, run_after=2025-05-23 00:00:00+00:00
[2025-05-21T16:23:37.427+0000] {processor.py:208} INFO - Processing /opt/airflow/dags/first_dag.py took 0.134 seconds
[2025-05-21T16:24:07.933+0000] {processor.py:186} INFO - Started process (PID=7117) to work on /opt/airflow/dags/first_dag.py
[2025-05-21T16:24:07.935+0000] {processor.py:914} INFO - Processing file /opt/airflow/dags/first_dag.py for tasks to queue
[2025-05-21T16:24:07.938+0000] {logging_mixin.py:190} INFO - [2025-05-21T16:24:07.937+0000] {dagbag.py:588} INFO - Filling up the DagBag from /opt/airflow/dags/first_dag.py
[2025-05-21T16:24:07.968+0000] {processor.py:925} INFO - DAG(s) 'v4' retrieved from /opt/airflow/dags/first_dag.py
[2025-05-21T16:24:08.003+0000] {logging_mixin.py:190} INFO - [2025-05-21T16:24:08.002+0000] {dag.py:3239} INFO - Sync 1 DAGs
[2025-05-21T16:24:08.045+0000] {logging_mixin.py:190} INFO - [2025-05-21T16:24:08.044+0000] {dag.py:4180} INFO - Setting next_dagrun for v4 to 2025-05-22 00:00:00+00:00, run_after=2025-05-23 00:00:00+00:00
[2025-05-21T16:24:08.108+0000] {processor.py:208} INFO - Processing /opt/airflow/dags/first_dag.py took 0.181 seconds
[2025-05-21T16:24:38.557+0000] {processor.py:186} INFO - Started process (PID=7126) to work on /opt/airflow/dags/first_dag.py
[2025-05-21T16:24:38.559+0000] {processor.py:914} INFO - Processing file /opt/airflow/dags/first_dag.py for tasks to queue
[2025-05-21T16:24:38.564+0000] {logging_mixin.py:190} INFO - [2025-05-21T16:24:38.564+0000] {dagbag.py:588} INFO - Filling up the DagBag from /opt/airflow/dags/first_dag.py
[2025-05-21T16:24:38.614+0000] {processor.py:925} INFO - DAG(s) 'v4' retrieved from /opt/airflow/dags/first_dag.py
[2025-05-21T16:24:38.673+0000] {logging_mixin.py:190} INFO - [2025-05-21T16:24:38.672+0000] {dag.py:3239} INFO - Sync 1 DAGs
[2025-05-21T16:24:38.726+0000] {logging_mixin.py:190} INFO - [2025-05-21T16:24:38.726+0000] {dag.py:4180} INFO - Setting next_dagrun for v4 to 2025-05-22 00:00:00+00:00, run_after=2025-05-23 00:00:00+00:00
[2025-05-21T16:24:38.802+0000] {processor.py:208} INFO - Processing /opt/airflow/dags/first_dag.py took 0.256 seconds
[2025-05-21T16:25:09.408+0000] {processor.py:186} INFO - Started process (PID=7136) to work on /opt/airflow/dags/first_dag.py
[2025-05-21T16:25:09.410+0000] {processor.py:914} INFO - Processing file /opt/airflow/dags/first_dag.py for tasks to queue
[2025-05-21T16:25:09.415+0000] {logging_mixin.py:190} INFO - [2025-05-21T16:25:09.415+0000] {dagbag.py:588} INFO - Filling up the DagBag from /opt/airflow/dags/first_dag.py
[2025-05-21T16:25:09.451+0000] {processor.py:925} INFO - DAG(s) 'v4' retrieved from /opt/airflow/dags/first_dag.py
[2025-05-21T16:25:09.503+0000] {logging_mixin.py:190} INFO - [2025-05-21T16:25:09.502+0000] {dag.py:3239} INFO - Sync 1 DAGs
[2025-05-21T16:25:09.541+0000] {logging_mixin.py:190} INFO - [2025-05-21T16:25:09.540+0000] {dag.py:4180} INFO - Setting next_dagrun for v4 to 2025-05-22 00:00:00+00:00, run_after=2025-05-23 00:00:00+00:00
[2025-05-21T16:25:09.621+0000] {processor.py:208} INFO - Processing /opt/airflow/dags/first_dag.py took 0.221 seconds
[2025-05-21T16:25:40.227+0000] {processor.py:186} INFO - Started process (PID=7145) to work on /opt/airflow/dags/first_dag.py
[2025-05-21T16:25:40.229+0000] {processor.py:914} INFO - Processing file /opt/airflow/dags/first_dag.py for tasks to queue
[2025-05-21T16:25:40.234+0000] {logging_mixin.py:190} INFO - [2025-05-21T16:25:40.233+0000] {dagbag.py:588} INFO - Filling up the DagBag from /opt/airflow/dags/first_dag.py
[2025-05-21T16:25:40.289+0000] {processor.py:925} INFO - DAG(s) 'v4' retrieved from /opt/airflow/dags/first_dag.py
[2025-05-21T16:25:40.353+0000] {logging_mixin.py:190} INFO - [2025-05-21T16:25:40.352+0000] {dag.py:3239} INFO - Sync 1 DAGs
[2025-05-21T16:25:40.420+0000] {logging_mixin.py:190} INFO - [2025-05-21T16:25:40.419+0000] {dag.py:4180} INFO - Setting next_dagrun for v4 to 2025-05-22 00:00:00+00:00, run_after=2025-05-23 00:00:00+00:00
[2025-05-21T16:25:40.504+0000] {processor.py:208} INFO - Processing /opt/airflow/dags/first_dag.py took 0.293 seconds
[2025-05-21T16:26:11.145+0000] {processor.py:186} INFO - Started process (PID=7154) to work on /opt/airflow/dags/first_dag.py
[2025-05-21T16:26:11.148+0000] {processor.py:914} INFO - Processing file /opt/airflow/dags/first_dag.py for tasks to queue
[2025-05-21T16:26:11.153+0000] {logging_mixin.py:190} INFO - [2025-05-21T16:26:11.152+0000] {dagbag.py:588} INFO - Filling up the DagBag from /opt/airflow/dags/first_dag.py
[2025-05-21T16:26:11.194+0000] {processor.py:925} INFO - DAG(s) 'v4' retrieved from /opt/airflow/dags/first_dag.py
[2025-05-21T16:26:11.241+0000] {logging_mixin.py:190} INFO - [2025-05-21T16:26:11.240+0000] {dag.py:3239} INFO - Sync 1 DAGs
[2025-05-21T16:26:11.286+0000] {logging_mixin.py:190} INFO - [2025-05-21T16:26:11.285+0000] {dag.py:4180} INFO - Setting next_dagrun for v4 to 2025-05-22 00:00:00+00:00, run_after=2025-05-23 00:00:00+00:00
[2025-05-21T16:26:11.353+0000] {processor.py:208} INFO - Processing /opt/airflow/dags/first_dag.py took 0.220 seconds
[2025-05-21T16:26:41.844+0000] {processor.py:186} INFO - Started process (PID=7163) to work on /opt/airflow/dags/first_dag.py
[2025-05-21T16:26:41.846+0000] {processor.py:914} INFO - Processing file /opt/airflow/dags/first_dag.py for tasks to queue
[2025-05-21T16:26:41.849+0000] {logging_mixin.py:190} INFO - [2025-05-21T16:26:41.849+0000] {dagbag.py:588} INFO - Filling up the DagBag from /opt/airflow/dags/first_dag.py
[2025-05-21T16:26:41.890+0000] {processor.py:925} INFO - DAG(s) 'v4' retrieved from /opt/airflow/dags/first_dag.py
[2025-05-21T16:26:41.927+0000] {logging_mixin.py:190} INFO - [2025-05-21T16:26:41.927+0000] {dag.py:3239} INFO - Sync 1 DAGs
[2025-05-21T16:26:41.962+0000] {logging_mixin.py:190} INFO - [2025-05-21T16:26:41.962+0000] {dag.py:4180} INFO - Setting next_dagrun for v4 to 2025-05-22 00:00:00+00:00, run_after=2025-05-23 00:00:00+00:00
[2025-05-21T16:26:42.026+0000] {processor.py:208} INFO - Processing /opt/airflow/dags/first_dag.py took 0.188 seconds
[2025-05-21T16:27:12.564+0000] {processor.py:186} INFO - Started process (PID=7172) to work on /opt/airflow/dags/first_dag.py
[2025-05-21T16:27:12.566+0000] {processor.py:914} INFO - Processing file /opt/airflow/dags/first_dag.py for tasks to queue
[2025-05-21T16:27:12.571+0000] {logging_mixin.py:190} INFO - [2025-05-21T16:27:12.570+0000] {dagbag.py:588} INFO - Filling up the DagBag from /opt/airflow/dags/first_dag.py
[2025-05-21T16:27:12.621+0000] {processor.py:925} INFO - DAG(s) 'v4' retrieved from /opt/airflow/dags/first_dag.py
[2025-05-21T16:27:12.679+0000] {logging_mixin.py:190} INFO - [2025-05-21T16:27:12.679+0000] {dag.py:3239} INFO - Sync 1 DAGs
[2025-05-21T16:27:12.733+0000] {logging_mixin.py:190} INFO - [2025-05-21T16:27:12.733+0000] {dag.py:4180} INFO - Setting next_dagrun for v4 to 2025-05-22 00:00:00+00:00, run_after=2025-05-23 00:00:00+00:00
[2025-05-21T16:27:12.815+0000] {processor.py:208} INFO - Processing /opt/airflow/dags/first_dag.py took 0.263 seconds
[2025-05-21T16:27:43.328+0000] {processor.py:186} INFO - Started process (PID=7181) to work on /opt/airflow/dags/first_dag.py
[2025-05-21T16:27:43.329+0000] {processor.py:914} INFO - Processing file /opt/airflow/dags/first_dag.py for tasks to queue
[2025-05-21T16:27:43.333+0000] {logging_mixin.py:190} INFO - [2025-05-21T16:27:43.332+0000] {dagbag.py:588} INFO - Filling up the DagBag from /opt/airflow/dags/first_dag.py
[2025-05-21T16:27:43.364+0000] {processor.py:925} INFO - DAG(s) 'v4' retrieved from /opt/airflow/dags/first_dag.py
[2025-05-21T16:27:43.407+0000] {logging_mixin.py:190} INFO - [2025-05-21T16:27:43.407+0000] {dag.py:3239} INFO - Sync 1 DAGs
[2025-05-21T16:27:43.449+0000] {logging_mixin.py:190} INFO - [2025-05-21T16:27:43.448+0000] {dag.py:4180} INFO - Setting next_dagrun for v4 to 2025-05-22 00:00:00+00:00, run_after=2025-05-23 00:00:00+00:00
[2025-05-21T16:27:43.494+0000] {processor.py:208} INFO - Processing /opt/airflow/dags/first_dag.py took 0.174 seconds
[2025-05-21T16:28:13.878+0000] {processor.py:186} INFO - Started process (PID=7190) to work on /opt/airflow/dags/first_dag.py
[2025-05-21T16:28:13.880+0000] {processor.py:914} INFO - Processing file /opt/airflow/dags/first_dag.py for tasks to queue
[2025-05-21T16:28:13.882+0000] {logging_mixin.py:190} INFO - [2025-05-21T16:28:13.882+0000] {dagbag.py:588} INFO - Filling up the DagBag from /opt/airflow/dags/first_dag.py
[2025-05-21T16:28:13.904+0000] {processor.py:925} INFO - DAG(s) 'v4' retrieved from /opt/airflow/dags/first_dag.py
[2025-05-21T16:28:13.930+0000] {logging_mixin.py:190} INFO - [2025-05-21T16:28:13.930+0000] {dag.py:3239} INFO - Sync 1 DAGs
[2025-05-21T16:28:13.971+0000] {logging_mixin.py:190} INFO - [2025-05-21T16:28:13.970+0000] {dag.py:4180} INFO - Setting next_dagrun for v4 to 2025-05-22 00:00:00+00:00, run_after=2025-05-23 00:00:00+00:00
[2025-05-21T16:28:13.992+0000] {processor.py:208} INFO - Processing /opt/airflow/dags/first_dag.py took 0.119 seconds
[2025-05-21T16:28:44.451+0000] {processor.py:186} INFO - Started process (PID=7199) to work on /opt/airflow/dags/first_dag.py
[2025-05-21T16:28:44.453+0000] {processor.py:914} INFO - Processing file /opt/airflow/dags/first_dag.py for tasks to queue
[2025-05-21T16:28:44.456+0000] {logging_mixin.py:190} INFO - [2025-05-21T16:28:44.456+0000] {dagbag.py:588} INFO - Filling up the DagBag from /opt/airflow/dags/first_dag.py
[2025-05-21T16:28:44.493+0000] {processor.py:925} INFO - DAG(s) 'v4' retrieved from /opt/airflow/dags/first_dag.py
[2025-05-21T16:28:44.536+0000] {logging_mixin.py:190} INFO - [2025-05-21T16:28:44.535+0000] {dag.py:3239} INFO - Sync 1 DAGs
[2025-05-21T16:28:44.586+0000] {logging_mixin.py:190} INFO - [2025-05-21T16:28:44.585+0000] {dag.py:4180} INFO - Setting next_dagrun for v4 to 2025-05-22 00:00:00+00:00, run_after=2025-05-23 00:00:00+00:00
[2025-05-21T16:28:44.664+0000] {processor.py:208} INFO - Processing /opt/airflow/dags/first_dag.py took 0.221 seconds
[2025-05-21T16:29:15.321+0000] {processor.py:186} INFO - Started process (PID=7208) to work on /opt/airflow/dags/first_dag.py
[2025-05-21T16:29:15.323+0000] {processor.py:914} INFO - Processing file /opt/airflow/dags/first_dag.py for tasks to queue
[2025-05-21T16:29:15.326+0000] {logging_mixin.py:190} INFO - [2025-05-21T16:29:15.326+0000] {dagbag.py:588} INFO - Filling up the DagBag from /opt/airflow/dags/first_dag.py
[2025-05-21T16:29:15.368+0000] {processor.py:925} INFO - DAG(s) 'v4' retrieved from /opt/airflow/dags/first_dag.py
[2025-05-21T16:29:15.413+0000] {logging_mixin.py:190} INFO - [2025-05-21T16:29:15.412+0000] {dag.py:3239} INFO - Sync 1 DAGs
[2025-05-21T16:29:15.458+0000] {logging_mixin.py:190} INFO - [2025-05-21T16:29:15.457+0000] {dag.py:4180} INFO - Setting next_dagrun for v4 to 2025-05-22 00:00:00+00:00, run_after=2025-05-23 00:00:00+00:00
[2025-05-21T16:29:15.529+0000] {processor.py:208} INFO - Processing /opt/airflow/dags/first_dag.py took 0.217 seconds
